<?xml version="1.0" encoding="utf-8"?>
<!DOCTYPE coverage SYSTEM "http://cobertura.sourceforge.net/xml/coverage-04.dtd">
<coverage line-rate="0.611764705882353" branch-rate="0.805555555555556" lines-covered="52" lines-valid="85" branches-covered="29" branches-valid="36" complexity="43" version="0" timestamp="1718985253">
  <sources>
    <source>C:\</source>
  </sources>
  <packages>
    <package name="KLA_NumberConverter_ServerSide" line-rate="0.561643835616438" branch-rate="0.805555555555556" complexity="38">
      <classes>
        <class name="KLA_NumberConverter_ServerSide.Controllers.CurrencyController" filename="C:\Repos\KLA_NET6\KLA_CurrencyConverter\Controllers\CurrencyController.cs" line-rate="0" branch-rate="0" complexity="3">
          <methods>
            <method name="Convert" signature="(...)" line-rate="0" branch-rate="0" complexity="2">
              <lines>
                <line number="20" hits="0" branch="true" condition-coverage="0% (0/2)" />
                <line number="22" hits="0" branch="false" />
                <line number="27" hits="0" branch="false" />
                <line number="28" hits="0" branch="false" />
                <line number="30" hits="0" branch="false" />
                <line number="32" hits="0" branch="false" />
                <line number="34" hits="0" branch="false" />
              </lines>
            </method>
            <method name=".ctor" signature="()" line-rate="0" branch-rate="1" complexity="1">
              <lines>
                <line number="12" hits="0" branch="false" />
                <line number="14" hits="0" branch="false" />
                <line number="15" hits="0" branch="false" />
              </lines>
            </method>
          </methods>
          <lines>
            <line number="12" hits="0" branch="false" />
            <line number="14" hits="0" branch="false" />
            <line number="15" hits="0" branch="false" />
            <line number="20" hits="0" branch="true" condition-coverage="0% (0/2)" />
            <line number="22" hits="0" branch="false" />
            <line number="27" hits="0" branch="false" />
            <line number="28" hits="0" branch="false" />
            <line number="30" hits="0" branch="false" />
            <line number="32" hits="0" branch="false" />
            <line number="34" hits="0" branch="false" />
          </lines>
        </class>
        <class name="KLA_NumberConverter_ServerSide.Logic.ConvertLogic" filename="C:\Repos\KLA_NET6\KLA_CurrencyConverter\Logic\ConvertLogic.cs" line-rate="0.953488372093023" branch-rate="0.90625" complexity="33">
          <methods>
            <method name="AmountToWords" signature="(...)" line-rate="0.894736842105263" branch-rate="0.857142857142857" complexity="14">
              <lines>
                <line number="28" hits="18" branch="false" />
                <line number="31" hits="17" branch="false" />
                <line number="33" hits="17" branch="true" condition-coverage="100% (2/2)" />
                <line number="35" hits="1" branch="false" />
                <line number="39" hits="16" branch="false" />
                <line number="41" hits="13" branch="true" condition-coverage="100% (2/2)" />
                <line number="44" hits="13" branch="true" condition-coverage="50% (1/2)" />
                <line number="46" hits="0" branch="false" />
                <line number="49" hits="13" branch="true" condition-coverage="50% (1/2)" />
                <line number="51" hits="0" branch="false" />
                <line number="54" hits="13" branch="true" condition-coverage="100% (2/2)" />
                <line number="55" hits="13" branch="true" condition-coverage="100% (2/2)" />
                <line number="57" hits="13" branch="true" condition-coverage="100% (2/2)" />
                <line number="58" hits="13" branch="false" />
                <line number="59" hits="13" branch="false" />
                <line number="60" hits="13" branch="false" />
                <line number="62" hits="5" branch="false" />
                <line number="64" hits="5" branch="false" />
                <line number="66" hits="13" branch="false" />
              </lines>
            </method>
            <method name="NumberToWords" signature="(...)" line-rate="1" branch-rate="1" complexity="2">
              <lines>
                <line number="75" hits="26" branch="true" condition-coverage="100% (2/2)" />
                <line number="76" hits="11" branch="false" />
                <line number="78" hits="15" branch="false" />
              </lines>
            </method>
            <method name="ConvertNumberToWords" signature="(...)" line-rate="1" branch-rate="0.9375" complexity="16">
              <lines>
                <line number="88" hits="33" branch="true" condition-coverage="100% (2/2)" />
                <line number="89" hits="8" branch="false" />
                <line number="91" hits="25" branch="true" condition-coverage="100% (2/2)" />
                <line number="92" hits="11" branch="true" condition-coverage="100% (2/2)" />
                <line number="94" hits="14" branch="true" condition-coverage="100% (2/2)" />
                <line number="95" hits="8" branch="true" condition-coverage="50% (1/2)" />
                <line number="97" hits="6" branch="true" condition-coverage="100% (2/2)" />
                <line number="98" hits="4" branch="true" condition-coverage="100% (2/2)" />
                <line number="100" hits="2" branch="true" condition-coverage="100% (2/2)" />
              </lines>
            </method>
            <method name=".cctor" signature="()" line-rate="1" branch-rate="1" complexity="1">
              <lines>
                <line number="8" hits="1" branch="false" />
                <line number="9" hits="1" branch="false" />
                <line number="10" hits="1" branch="false" />
                <line number="11" hits="1" branch="false" />
                <line number="12" hits="1" branch="false" />
                <line number="13" hits="1" branch="false" />
                <line number="14" hits="1" branch="false" />
                <line number="17" hits="1" branch="false" />
                <line number="18" hits="1" branch="false" />
                <line number="19" hits="1" branch="false" />
                <line number="20" hits="1" branch="false" />
                <line number="21" hits="1" branch="false" />
              </lines>
            </method>
          </methods>
          <lines>
            <line number="8" hits="1" branch="false" />
            <line number="9" hits="1" branch="false" />
            <line number="10" hits="1" branch="false" />
            <line number="11" hits="1" branch="false" />
            <line number="12" hits="1" branch="false" />
            <line number="13" hits="1" branch="false" />
            <line number="14" hits="1" branch="false" />
            <line number="17" hits="1" branch="false" />
            <line number="18" hits="1" branch="false" />
            <line number="19" hits="1" branch="false" />
            <line number="20" hits="1" branch="false" />
            <line number="21" hits="1" branch="false" />
            <line number="28" hits="18" branch="false" />
            <line number="31" hits="17" branch="false" />
            <line number="33" hits="17" branch="true" condition-coverage="100% (2/2)" />
            <line number="35" hits="1" branch="false" />
            <line number="39" hits="16" branch="false" />
            <line number="41" hits="13" branch="true" condition-coverage="100% (2/2)" />
            <line number="44" hits="13" branch="true" condition-coverage="50% (1/2)" />
            <line number="46" hits="0" branch="false" />
            <line number="49" hits="13" branch="true" condition-coverage="50% (1/2)" />
            <line number="51" hits="0" branch="false" />
            <line number="54" hits="13" branch="true" condition-coverage="100% (2/2)" />
            <line number="55" hits="13" branch="true" condition-coverage="100% (2/2)" />
            <line number="57" hits="13" branch="true" condition-coverage="100% (2/2)" />
            <line number="58" hits="13" branch="false" />
            <line number="59" hits="13" branch="false" />
            <line number="60" hits="13" branch="false" />
            <line number="62" hits="5" branch="false" />
            <line number="64" hits="5" branch="false" />
            <line number="66" hits="13" branch="false" />
            <line number="75" hits="26" branch="true" condition-coverage="100% (2/2)" />
            <line number="76" hits="11" branch="false" />
            <line number="78" hits="15" branch="false" />
            <line number="88" hits="33" branch="true" condition-coverage="100% (2/2)" />
            <line number="89" hits="8" branch="false" />
            <line number="91" hits="25" branch="true" condition-coverage="100% (2/2)" />
            <line number="92" hits="11" branch="true" condition-coverage="100% (2/2)" />
            <line number="94" hits="14" branch="true" condition-coverage="100% (2/2)" />
            <line number="95" hits="8" branch="true" condition-coverage="50% (1/2)" />
            <line number="97" hits="6" branch="true" condition-coverage="100% (2/2)" />
            <line number="98" hits="4" branch="true" condition-coverage="100% (2/2)" />
            <line number="100" hits="2" branch="true" condition-coverage="100% (2/2)" />
          </lines>
        </class>
        <class name="Program" filename="C:\Repos\KLA_NET6\KLA_CurrencyConverter\Program.cs" line-rate="0" branch-rate="0" complexity="2">
          <methods>
            <method name="&lt;Main&gt;$" signature="(...)" line-rate="0" branch-rate="0" complexity="2">
              <lines>
                <line number="1" hits="0" branch="false" />
                <line number="4" hits="0" branch="false" />
                <line number="7" hits="0" branch="false" />
                <line number="8" hits="0" branch="false" />
                <line number="9" hits="0" branch="false" />
                <line number="10" hits="0" branch="false" />
                <line number="11" hits="0" branch="false" />
                <line number="12" hits="0" branch="false" />
                <line number="13" hits="0" branch="false" />
                <line number="14" hits="0" branch="false" />
                <line number="15" hits="0" branch="false" />
                <line number="16" hits="0" branch="false" />
                <line number="18" hits="0" branch="false" />
                <line number="21" hits="0" branch="true" condition-coverage="0% (0/2)" />
                <line number="23" hits="0" branch="false" />
                <line number="26" hits="0" branch="false" />
                <line number="29" hits="0" branch="false" />
                <line number="31" hits="0" branch="false" />
                <line number="33" hits="0" branch="false" />
                <line number="35" hits="0" branch="false" />
              </lines>
            </method>
          </methods>
          <lines>
            <line number="1" hits="0" branch="false" />
            <line number="4" hits="0" branch="false" />
            <line number="7" hits="0" branch="false" />
            <line number="8" hits="0" branch="false" />
            <line number="9" hits="0" branch="false" />
            <line number="10" hits="0" branch="false" />
            <line number="11" hits="0" branch="false" />
            <line number="12" hits="0" branch="false" />
            <line number="13" hits="0" branch="false" />
            <line number="14" hits="0" branch="false" />
            <line number="15" hits="0" branch="false" />
            <line number="16" hits="0" branch="false" />
            <line number="18" hits="0" branch="false" />
            <line number="21" hits="0" branch="true" condition-coverage="0% (0/2)" />
            <line number="23" hits="0" branch="false" />
            <line number="26" hits="0" branch="false" />
            <line number="29" hits="0" branch="false" />
            <line number="31" hits="0" branch="false" />
            <line number="33" hits="0" branch="false" />
            <line number="35" hits="0" branch="false" />
          </lines>
        </class>
      </classes>
    </package>
    <package name="NumberConverter_Tests" line-rate="0.916666666666667" branch-rate="1" complexity="5">
      <classes>
        <class name="AutoGeneratedProgram" filename="C:\Users\ignle\.nuget\packages\microsoft.net.test.sdk\17.5.0\build\netcoreapp3.1\Microsoft.NET.Test.Sdk.Program.cs" line-rate="0" branch-rate="1" complexity="1">
          <methods>
            <method name="Main" signature="(...)" line-rate="0" branch-rate="1" complexity="1">
              <lines>
                <line number="4" hits="0" branch="false" />
              </lines>
            </method>
          </methods>
          <lines>
            <line number="4" hits="0" branch="false" />
          </lines>
        </class>
        <class name="NumberConverter_Tests.ConvertLogicTests" filename="C:\Repos\KLA_NET6\NumberConverter_Tests\UnitTest.cs" line-rate="1" branch-rate="1" complexity="4">
          <methods>
            <method name="AmountToWords_ValidAmount_ReturnsCorrectWords" signature="(...)" line-rate="1" branch-rate="1" complexity="1">
              <lines>
                <line number="27" hits="9" branch="false" />
                <line number="30" hits="9" branch="false" />
                <line number="31" hits="9" branch="false" />
              </lines>
            </method>
            <method name="AmountToWords_ValidAmountWithCents_ReturnsCorrectWords" signature="(...)" line-rate="1" branch-rate="1" complexity="1">
              <lines>
                <line number="41" hits="4" branch="false" />
                <line number="44" hits="4" branch="false" />
                <line number="45" hits="4" branch="false" />
              </lines>
            </method>
            <method name="AmountToWords_InvalidAmount_ThrowsException" signature="(...)" line-rate="1" branch-rate="1" complexity="1">
              <lines>
                <line number="56" hits="10" branch="false" />
                <line number="57" hits="5" branch="false" />
              </lines>
            </method>
            <method name=".ctor" signature="()" line-rate="1" branch-rate="1" complexity="1">
              <lines>
                <line number="9" hits="18" branch="false" />
                <line number="11" hits="18" branch="false" />
                <line number="12" hits="18" branch="false" />
              </lines>
            </method>
          </methods>
          <lines>
            <line number="9" hits="18" branch="false" />
            <line number="11" hits="18" branch="false" />
            <line number="12" hits="18" branch="false" />
            <line number="27" hits="9" branch="false" />
            <line number="30" hits="9" branch="false" />
            <line number="31" hits="9" branch="false" />
            <line number="41" hits="4" branch="false" />
            <line number="44" hits="4" branch="false" />
            <line number="45" hits="4" branch="false" />
            <line number="56" hits="10" branch="false" />
            <line number="57" hits="5" branch="false" />
          </lines>
        </class>
      </classes>
    </package>
  </packages>
</coverage>