TpTrace Verbose: 0 : 39784, 1, 2024/06/21, 15:54:11.576, 8018229303216, vstest.console.dll, Version: 17.10.0-release-24203-04 Current process architecture: X64
TpTrace Verbose: 0 : 39784, 1, 2024/06/21, 15:54:11.578, 8018229332071, vstest.console.dll, Runtime location: C:\Program Files\dotnet\shared\Microsoft.NETCore.App\8.0.5
TpTrace Verbose: 0 : 39784, 1, 2024/06/21, 15:54:11.582, 8018229367271, vstest.console.dll, ArtifactProcessingPostProcessModeProcessorExecutor.Initialize: ArtifactProcessingMode.Collect
TpTrace Verbose: 0 : 39784, 1, 2024/06/21, 15:54:11.582, 8018229368411, vstest.console.dll, TestSessionCorrelationIdProcessorModeProcessorExecutor.Initialize: TestSessionCorrelationId '4536_b1440c13-0ba6-453b-b8f2-f8d2efb1120a'
TpTrace Information: 0 : 39784, 1, 2024/06/21, 15:54:11.589, 8018229434813, vstest.console.dll, FilePatternParser: The given file C:\Repos\KLA_NET6\NumberConverter_Tests\bin\Release\net6.0\fine-code-coverage\build-output\NumberConverter_Tests.dll is a full path.
TpTrace Verbose: 0 : 39784, 1, 2024/06/21, 15:54:11.596, 8018229510009, vstest.console.dll, TestPluginCache.DiscoverTestExtensions: finding test extensions in assemblies ends with: RuntimeProvider.dll TPluginInfo: Microsoft.VisualStudio.TestPlatform.Common.ExtensionFramework.Utilities.TestRuntimePluginInformation TExtension: Microsoft.VisualStudio.TestPlatform.ObjectModel.Host.ITestRuntimeProvider
TpTrace Verbose: 0 : 39784, 1, 2024/06/21, 15:54:11.597, 8018229512688, vstest.console.dll, TestPluginCache.GetExtensionPaths: Filtered extension paths: 
TpTrace Verbose: 0 : 39784, 1, 2024/06/21, 15:54:11.597, 8018229513423, vstest.console.dll, TestPluginCache.GetExtensionPaths: Added default extension paths: C:\Program Files\dotnet\sdk\8.0.300\Extensions\Microsoft.Diagnostics.NETCore.Client.dll
C:\Program Files\dotnet\sdk\8.0.300\Extensions\Microsoft.TestPlatform.Extensions.BlameDataCollector.dll
C:\Program Files\dotnet\sdk\8.0.300\Extensions\Microsoft.TestPlatform.Extensions.EventLogCollector.dll
C:\Program Files\dotnet\sdk\8.0.300\Extensions\Microsoft.TestPlatform.TestHostRuntimeProvider.dll
C:\Program Files\dotnet\sdk\8.0.300\Extensions\Microsoft.VisualStudio.TestPlatform.Extensions.Html.TestLogger.dll
C:\Program Files\dotnet\sdk\8.0.300\Extensions\Microsoft.VisualStudio.TestPlatform.Extensions.Trx.TestLogger.dll
TpTrace Verbose: 0 : 39784, 1, 2024/06/21, 15:54:11.597, 8018229513677, vstest.console.dll, TestPluginCache.GetExtensionPaths: Added unfilterableExtensionPaths: 
TpTrace Information: 0 : 39784, 1, 2024/06/21, 15:54:11.597, 8018229519592, vstest.console.dll, AssemblyResolver.ctor: Creating AssemblyResolver with searchDirectories C:\Program Files\dotnet\sdk\8.0.300\Extensions,C:\Program Files\dotnet\sdk\8.0.300
TpTrace Verbose: 0 : 39784, 1, 2024/06/21, 15:54:11.598, 8018229531042, vstest.console.dll, TestPluginCache.DiscoverTestExtensions: Discovering the extensions using extension path.
TpTrace Verbose: 0 : 39784, 1, 2024/06/21, 15:54:11.598, 8018229531916, vstest.console.dll, TestPluginCache.GetExtensionPaths: Filtered extension paths: 
TpTrace Verbose: 0 : 39784, 1, 2024/06/21, 15:54:11.598, 8018229532255, vstest.console.dll, TestPluginCache.GetExtensionPaths: Added default extension paths: C:\Program Files\dotnet\sdk\8.0.300\Extensions\Microsoft.Diagnostics.NETCore.Client.dll
C:\Program Files\dotnet\sdk\8.0.300\Extensions\Microsoft.TestPlatform.Extensions.BlameDataCollector.dll
C:\Program Files\dotnet\sdk\8.0.300\Extensions\Microsoft.TestPlatform.Extensions.EventLogCollector.dll
C:\Program Files\dotnet\sdk\8.0.300\Extensions\Microsoft.TestPlatform.TestHostRuntimeProvider.dll
C:\Program Files\dotnet\sdk\8.0.300\Extensions\Microsoft.VisualStudio.TestPlatform.Extensions.Html.TestLogger.dll
C:\Program Files\dotnet\sdk\8.0.300\Extensions\Microsoft.VisualStudio.TestPlatform.Extensions.Trx.TestLogger.dll
TpTrace Verbose: 0 : 39784, 1, 2024/06/21, 15:54:11.599, 8018229532460, vstest.console.dll, TestPluginCache.GetExtensionPaths: Added unfilterableExtensionPaths: 
TpTrace Verbose: 0 : 39784, 1, 2024/06/21, 15:54:11.599, 8018229532875, vstest.console.dll, TestPluginCache.DiscoverTestExtensions: Discovering the extensions using allExtensionPaths: C:\Program Files\dotnet\sdk\8.0.300\Extensions\Microsoft.Diagnostics.NETCore.Client.dll
C:\Program Files\dotnet\sdk\8.0.300\Extensions\Microsoft.TestPlatform.Extensions.BlameDataCollector.dll
C:\Program Files\dotnet\sdk\8.0.300\Extensions\Microsoft.TestPlatform.Extensions.EventLogCollector.dll
C:\Program Files\dotnet\sdk\8.0.300\Extensions\Microsoft.TestPlatform.TestHostRuntimeProvider.dll
C:\Program Files\dotnet\sdk\8.0.300\Extensions\Microsoft.VisualStudio.TestPlatform.Extensions.Html.TestLogger.dll
C:\Program Files\dotnet\sdk\8.0.300\Extensions\Microsoft.VisualStudio.TestPlatform.Extensions.Trx.TestLogger.dll
TpTrace Information: 0 : 39784, 1, 2024/06/21, 15:54:11.599, 8018229533947, vstest.console.dll, AssemblyResolver.AddSearchDirectories: Adding more searchDirectories C:\Program Files\dotnet\sdk\8.0.300\Extensions,C:\Program Files\dotnet\sdk\8.0.300
TpTrace Information: 0 : 39784, 1, 2024/06/21, 15:54:11.599, 8018229534344, vstest.console.dll, AssemblyResolver.AddSearchDirectories: Adding more searchDirectories C:\Program Files\dotnet\sdk\8.0.300\Extensions,C:\Program Files\dotnet\sdk\8.0.300
TpTrace Information: 0 : 39784, 1, 2024/06/21, 15:54:11.599, 8018229534608, vstest.console.dll, AssemblyResolver.AddSearchDirectories: Adding more searchDirectories C:\Program Files\dotnet\sdk\8.0.300\Extensions,C:\Program Files\dotnet\sdk\8.0.300
TpTrace Information: 0 : 39784, 1, 2024/06/21, 15:54:11.599, 8018229534804, vstest.console.dll, AssemblyResolver.AddSearchDirectories: Adding more searchDirectories C:\Program Files\dotnet\sdk\8.0.300\Extensions,C:\Program Files\dotnet\sdk\8.0.300
TpTrace Information: 0 : 39784, 1, 2024/06/21, 15:54:11.599, 8018229534993, vstest.console.dll, AssemblyResolver.AddSearchDirectories: Adding more searchDirectories C:\Program Files\dotnet\sdk\8.0.300\Extensions,C:\Program Files\dotnet\sdk\8.0.300
TpTrace Information: 0 : 39784, 1, 2024/06/21, 15:54:11.599, 8018229535220, vstest.console.dll, AssemblyResolver.AddSearchDirectories: Adding more searchDirectories C:\Program Files\dotnet\sdk\8.0.300\Extensions,C:\Program Files\dotnet\sdk\8.0.300
TpTrace Information: 0 : 39784, 1, 2024/06/21, 15:54:11.599, 8018229540889, vstest.console.dll, AssemblyResolver.OnResolve: Microsoft.Diagnostics.NETCore.Client: Resolving assembly.
TpTrace Information: 0 : 39784, 1, 2024/06/21, 15:54:11.599, 8018229541615, vstest.console.dll, AssemblyResolver.OnResolve: Microsoft.Diagnostics.NETCore.Client: Searching in: 'C:\Program Files\dotnet\sdk\8.0.300\Extensions'.
TpTrace Information: 0 : 39784, 1, 2024/06/21, 15:54:11.611, 8018229655121, vstest.console.dll, AssemblyResolver.OnResolve: Microsoft.Diagnostics.NETCore.Client: Loading assembly 'C:\Program Files\dotnet\sdk\8.0.300\Extensions\Microsoft.Diagnostics.NETCore.Client.dll'.
TpTrace Information: 0 : 39784, 1, 2024/06/21, 15:54:11.612, 8018229670574, vstest.console.dll, AssemblyResolver.OnResolve: Resolved assembly: Microsoft.Diagnostics.NETCore.Client, from path: C:\Program Files\dotnet\sdk\8.0.300\Extensions\Microsoft.Diagnostics.NETCore.Client.dll
TpTrace Verbose: 0 : 39784, 1, 2024/06/21, 15:54:11.616, 8018229704843, vstest.console.dll, MetadataReaderExtensionsHelper: Discovering extensions inside assembly 'Microsoft.Diagnostics.NETCore.Client, Version=0.2.10.15101, Culture=neutral, PublicKeyToken=31bf3856ad364e35' file path 'C:\Program Files\dotnet\sdk\8.0.300\Extensions\Microsoft.Diagnostics.NETCore.Client.dll'
TpTrace Information: 0 : 39784, 1, 2024/06/21, 15:54:11.619, 8018229735519, vstest.console.dll, AssemblyResolver.OnResolve: Microsoft.Bcl.AsyncInterfaces: Resolving assembly.
TpTrace Information: 0 : 39784, 1, 2024/06/21, 15:54:11.619, 8018229736148, vstest.console.dll, AssemblyResolver.OnResolve: Microsoft.Bcl.AsyncInterfaces: Searching in: 'C:\Program Files\dotnet\sdk\8.0.300\Extensions'.
TpTrace Information: 0 : 39784, 1, 2024/06/21, 15:54:11.619, 8018229736710, vstest.console.dll, AssemblyResolver.OnResolve: Microsoft.Bcl.AsyncInterfaces: Assembly path does not exist: 'C:\Program Files\dotnet\sdk\8.0.300\Extensions\Microsoft.Bcl.AsyncInterfaces.dll', returning.
TpTrace Information: 0 : 39784, 1, 2024/06/21, 15:54:11.619, 8018229737518, vstest.console.dll, AssemblyResolver.OnResolve: Microsoft.Bcl.AsyncInterfaces: Assembly path does not exist: 'C:\Program Files\dotnet\sdk\8.0.300\Extensions\Microsoft.Bcl.AsyncInterfaces.exe', returning.
TpTrace Information: 0 : 39784, 1, 2024/06/21, 15:54:11.619, 8018229737782, vstest.console.dll, AssemblyResolver.OnResolve: Microsoft.Bcl.AsyncInterfaces: Searching in: 'C:\Program Files\dotnet\sdk\8.0.300'.
TpTrace Information: 0 : 39784, 1, 2024/06/21, 15:54:11.619, 8018229738170, vstest.console.dll, AssemblyResolver.OnResolve: Microsoft.Bcl.AsyncInterfaces: Assembly path does not exist: 'C:\Program Files\dotnet\sdk\8.0.300\Microsoft.Bcl.AsyncInterfaces.dll', returning.
TpTrace Information: 0 : 39784, 1, 2024/06/21, 15:54:11.619, 8018229738502, vstest.console.dll, AssemblyResolver.OnResolve: Microsoft.Bcl.AsyncInterfaces: Assembly path does not exist: 'C:\Program Files\dotnet\sdk\8.0.300\Microsoft.Bcl.AsyncInterfaces.exe', returning.
TpTrace Information: 0 : 39784, 1, 2024/06/21, 15:54:11.619, 8018229738691, vstest.console.dll, AssemblyResolver.OnResolve: Microsoft.Bcl.AsyncInterfaces: Failed to load assembly.
TpTrace Verbose: 0 : 39784, 1, 2024/06/21, 15:54:11.619, 8018229738994, vstest.console.dll, CurrentDomainAssemblyResolve: Resolving assembly 'Microsoft.Bcl.AsyncInterfaces'.
TpTrace Information: 0 : 39784, 1, 2024/06/21, 15:54:11.619, 8018229739421, vstest.console.dll, AssemblyResolver.OnResolve: Microsoft.Bcl.AsyncInterfaces: Resolving assembly.
TpTrace Information: 0 : 39784, 1, 2024/06/21, 15:54:11.619, 8018229739674, vstest.console.dll, AssemblyResolver.OnResolve: Microsoft.Bcl.AsyncInterfaces: Resolved from cache.
TpTrace Verbose: 0 : 39784, 1, 2024/06/21, 15:54:11.619, 8018229739860, vstest.console.dll, CurrentDomainAssemblyResolve: Resolving assembly 'Microsoft.Bcl.AsyncInterfaces'.
TpTrace Verbose: 0 : 39784, 1, 2024/06/21, 15:54:11.619, 8018229740078, vstest.console.dll, CurrentDomainAssemblyResolve: Failed to resolve assembly 'Microsoft.Bcl.AsyncInterfaces'.
TpTrace Verbose: 0 : 39784, 1, 2024/06/21, 15:54:11.624, 8018229785136, vstest.console.dll, CurrentDomainAssemblyResolve: Failed to resolve assembly 'Microsoft.Bcl.AsyncInterfaces'.
TpTrace Warning: 0 : 39784, 1, 2024/06/21, 15:54:11.640, 8018229947274, vstest.console.dll, TestPluginDiscoverer: Failed to get types from assembly 'Microsoft.Diagnostics.NETCore.Client, Version=0.2.10.15101, Culture=neutral, PublicKeyToken=31bf3856ad364e35'. Error: System.Reflection.ReflectionTypeLoadException: Unable to load one or more of the requested types.
Could not load file or assembly 'Microsoft.Bcl.AsyncInterfaces, Version=6.0.0.0, Culture=neutral, PublicKeyToken=cc7b13ffcd2ddd51'. The system cannot find the file specified.
   at System.Reflection.RuntimeModule.GetTypes(RuntimeModule module)
   at System.Reflection.RuntimeModule.GetTypes()
   at Microsoft.VisualStudio.TestPlatform.Common.ExtensionFramework.TestPluginDiscoverer.GetTestExtensionsFromAssembly[TPluginInfo,TExtension](Assembly assembly, Dictionary`2 pluginInfos, String filePath) in /_/src/Microsoft.TestPlatform.Common/ExtensionFramework/TestPluginDiscoverer.cs:line 158
System.IO.FileNotFoundException: Could not load file or assembly 'Microsoft.Bcl.AsyncInterfaces, Version=6.0.0.0, Culture=neutral, PublicKeyToken=cc7b13ffcd2ddd51'. The system cannot find the file specified.
File name: 'Microsoft.Bcl.AsyncInterfaces, Version=6.0.0.0, Culture=neutral, PublicKeyToken=cc7b13ffcd2ddd51'
 ---> System.IO.FileNotFoundException: Could not load file or assembly 'Microsoft.Bcl.AsyncInterfaces, Culture=neutral, PublicKeyToken=null'. The system cannot find the file specified.
File name: 'Microsoft.Bcl.AsyncInterfaces, Culture=neutral, PublicKeyToken=null'
   at System.Reflection.RuntimeAssembly.InternalLoad(AssemblyName assemblyName, StackCrawlMark& stackMark, AssemblyLoadContext assemblyLoadContext, RuntimeAssembly requestingAssembly, Boolean throwOnFileNotFound)
   at System.Reflection.Assembly.Load(AssemblyName assemblyRef)
   at Microsoft.VisualStudio.TestPlatform.Common.ExtensionFramework.TestPluginCache.CurrentDomainAssemblyResolve(Object sender, AssemblyResolveEventArgs args) in /_/src/Microsoft.TestPlatform.Common/ExtensionFramework/TestPluginCache.cs:line 513
   at System.Runtime.Loader.AssemblyLoadContext.GetFirstResolvedAssemblyFromResolvingEvent(AssemblyName assemblyName)
   at System.Runtime.Loader.AssemblyLoadContext.ResolveUsingEvent(AssemblyName assemblyName)
   at System.Runtime.Loader.AssemblyLoadContext.ResolveUsingResolvingEvent(IntPtr gchManagedAssemblyLoadContext, AssemblyName assemblyName)
TpTrace Warning: 0 : 39784, 1, 2024/06/21, 15:54:11.640, 8018229950845, vstest.console.dll, LoaderExceptions: System.IO.FileNotFoundException: Could not load file or assembly 'Microsoft.Bcl.AsyncInterfaces, Version=6.0.0.0, Culture=neutral, PublicKeyToken=cc7b13ffcd2ddd51'. The system cannot find the file specified.
File name: 'Microsoft.Bcl.AsyncInterfaces, Version=6.0.0.0, Culture=neutral, PublicKeyToken=cc7b13ffcd2ddd51'
 ---> System.IO.FileNotFoundException: Could not load file or assembly 'Microsoft.Bcl.AsyncInterfaces, Culture=neutral, PublicKeyToken=null'. The system cannot find the file specified.
File name: 'Microsoft.Bcl.AsyncInterfaces, Culture=neutral, PublicKeyToken=null'
   at System.Reflection.RuntimeAssembly.InternalLoad(AssemblyName assemblyName, StackCrawlMark& stackMark, AssemblyLoadContext assemblyLoadContext, RuntimeAssembly requestingAssembly, Boolean throwOnFileNotFound)
   at System.Reflection.Assembly.Load(AssemblyName assemblyRef)
   at Microsoft.VisualStudio.TestPlatform.Common.ExtensionFramework.TestPluginCache.CurrentDomainAssemblyResolve(Object sender, AssemblyResolveEventArgs args) in /_/src/Microsoft.TestPlatform.Common/ExtensionFramework/TestPluginCache.cs:line 513
   at System.Runtime.Loader.AssemblyLoadContext.GetFirstResolvedAssemblyFromResolvingEvent(AssemblyName assemblyName)
   at System.Runtime.Loader.AssemblyLoadContext.ResolveUsingEvent(AssemblyName assemblyName)
   at System.Runtime.Loader.AssemblyLoadContext.ResolveUsingResolvingEvent(IntPtr gchManagedAssemblyLoadContext, AssemblyName assemblyName)
TpTrace Information: 0 : 39784, 1, 2024/06/21, 15:54:11.640, 8018229952421, vstest.console.dll, AssemblyResolver.OnResolve: Microsoft.TestPlatform.Extensions.BlameDataCollector: Resolving assembly.
TpTrace Information: 0 : 39784, 1, 2024/06/21, 15:54:11.641, 8018229952787, vstest.console.dll, AssemblyResolver.OnResolve: Microsoft.TestPlatform.Extensions.BlameDataCollector: Searching in: 'C:\Program Files\dotnet\sdk\8.0.300\Extensions'.
TpTrace Information: 0 : 39784, 1, 2024/06/21, 15:54:11.641, 8018229961292, vstest.console.dll, AssemblyResolver.OnResolve: Microsoft.TestPlatform.Extensions.BlameDataCollector: Loading assembly 'C:\Program Files\dotnet\sdk\8.0.300\Extensions\Microsoft.TestPlatform.Extensions.BlameDataCollector.dll'.
TpTrace Information: 0 : 39784, 1, 2024/06/21, 15:54:11.642, 8018229971424, vstest.console.dll, AssemblyResolver.OnResolve: Resolved assembly: Microsoft.TestPlatform.Extensions.BlameDataCollector, from path: C:\Program Files\dotnet\sdk\8.0.300\Extensions\Microsoft.TestPlatform.Extensions.BlameDataCollector.dll
TpTrace Verbose: 0 : 39784, 1, 2024/06/21, 15:54:11.643, 8018229972449, vstest.console.dll, MetadataReaderExtensionsHelper: Discovering extensions inside assembly 'Microsoft.TestPlatform.Extensions.BlameDataCollector, Version=15.0.0.0, Culture=neutral, PublicKeyToken=b03f5f7f11d50a3a' file path 'C:\Program Files\dotnet\sdk\8.0.300\Extensions\Microsoft.TestPlatform.Extensions.BlameDataCollector.dll'
TpTrace Information: 0 : 39784, 1, 2024/06/21, 15:54:11.644, 8018229988628, vstest.console.dll, AssemblyResolver.OnResolve: Microsoft.TestPlatform.Extensions.EventLogCollector: Resolving assembly.
TpTrace Information: 0 : 39784, 1, 2024/06/21, 15:54:11.644, 8018229989387, vstest.console.dll, AssemblyResolver.OnResolve: Microsoft.TestPlatform.Extensions.EventLogCollector: Searching in: 'C:\Program Files\dotnet\sdk\8.0.300\Extensions'.
TpTrace Information: 0 : 39784, 1, 2024/06/21, 15:54:11.645, 8018229997900, vstest.console.dll, AssemblyResolver.OnResolve: Microsoft.TestPlatform.Extensions.EventLogCollector: Loading assembly 'C:\Program Files\dotnet\sdk\8.0.300\Extensions\Microsoft.TestPlatform.Extensions.EventLogCollector.dll'.
TpTrace Information: 0 : 39784, 1, 2024/06/21, 15:54:11.645, 8018230001831, vstest.console.dll, AssemblyResolver.OnResolve: Resolved assembly: Microsoft.TestPlatform.Extensions.EventLogCollector, from path: C:\Program Files\dotnet\sdk\8.0.300\Extensions\Microsoft.TestPlatform.Extensions.EventLogCollector.dll
TpTrace Verbose: 0 : 39784, 1, 2024/06/21, 15:54:11.646, 8018230002606, vstest.console.dll, MetadataReaderExtensionsHelper: Discovering extensions inside assembly 'Microsoft.TestPlatform.Extensions.EventLogCollector, Version=15.0.0.0, Culture=neutral, PublicKeyToken=b03f5f7f11d50a3a' file path 'C:\Program Files\dotnet\sdk\8.0.300\Extensions\Microsoft.TestPlatform.Extensions.EventLogCollector.dll'
TpTrace Information: 0 : 39784, 1, 2024/06/21, 15:54:11.648, 8018230023960, vstest.console.dll, AssemblyResolver.OnResolve: Microsoft.TestPlatform.TestHostRuntimeProvider: Resolving assembly.
TpTrace Information: 0 : 39784, 1, 2024/06/21, 15:54:11.648, 8018230024543, vstest.console.dll, AssemblyResolver.OnResolve: Microsoft.TestPlatform.TestHostRuntimeProvider: Searching in: 'C:\Program Files\dotnet\sdk\8.0.300\Extensions'.
TpTrace Information: 0 : 39784, 1, 2024/06/21, 15:54:11.648, 8018230028755, vstest.console.dll, AssemblyResolver.OnResolve: Microsoft.TestPlatform.TestHostRuntimeProvider: Loading assembly 'C:\Program Files\dotnet\sdk\8.0.300\Extensions\Microsoft.TestPlatform.TestHostRuntimeProvider.dll'.
TpTrace Information: 0 : 39784, 1, 2024/06/21, 15:54:11.649, 8018230038867, vstest.console.dll, AssemblyResolver.OnResolve: Resolved assembly: Microsoft.TestPlatform.TestHostRuntimeProvider, from path: C:\Program Files\dotnet\sdk\8.0.300\Extensions\Microsoft.TestPlatform.TestHostRuntimeProvider.dll
TpTrace Verbose: 0 : 39784, 1, 2024/06/21, 15:54:11.649, 8018230039753, vstest.console.dll, MetadataReaderExtensionsHelper: Discovering extensions inside assembly 'Microsoft.TestPlatform.TestHostRuntimeProvider, Version=15.0.0.0, Culture=neutral, PublicKeyToken=b03f5f7f11d50a3a' file path 'C:\Program Files\dotnet\sdk\8.0.300\Extensions\Microsoft.TestPlatform.TestHostRuntimeProvider.dll'
TpTrace Information: 0 : 39784, 1, 2024/06/21, 15:54:11.651, 8018230057753, vstest.console.dll, GetTestExtensionFromType: Register extension with identifier data 'HostProvider://DefaultTestHost' and type 'Microsoft.VisualStudio.TestPlatform.CrossPlatEngine.Hosting.DefaultTestHostManager, Microsoft.TestPlatform.TestHostRuntimeProvider, Version=15.0.0.0, Culture=neutral, PublicKeyToken=b03f5f7f11d50a3a' inside file 'C:\Program Files\dotnet\sdk\8.0.300\Extensions\Microsoft.TestPlatform.TestHostRuntimeProvider.dll'
TpTrace Information: 0 : 39784, 1, 2024/06/21, 15:54:11.651, 8018230059881, vstest.console.dll, GetTestExtensionFromType: Register extension with identifier data 'HostProvider://DotnetTestHost' and type 'Microsoft.VisualStudio.TestPlatform.CrossPlatEngine.Hosting.DotnetTestHostManager, Microsoft.TestPlatform.TestHostRuntimeProvider, Version=15.0.0.0, Culture=neutral, PublicKeyToken=b03f5f7f11d50a3a' inside file 'C:\Program Files\dotnet\sdk\8.0.300\Extensions\Microsoft.TestPlatform.TestHostRuntimeProvider.dll'
TpTrace Information: 0 : 39784, 1, 2024/06/21, 15:54:11.651, 8018230060541, vstest.console.dll, AssemblyResolver.OnResolve: Microsoft.VisualStudio.TestPlatform.Extensions.Html.TestLogger: Resolving assembly.
TpTrace Information: 0 : 39784, 1, 2024/06/21, 15:54:11.651, 8018230060794, vstest.console.dll, AssemblyResolver.OnResolve: Microsoft.VisualStudio.TestPlatform.Extensions.Html.TestLogger: Searching in: 'C:\Program Files\dotnet\sdk\8.0.300\Extensions'.
TpTrace Information: 0 : 39784, 1, 2024/06/21, 15:54:11.652, 8018230065463, vstest.console.dll, AssemblyResolver.OnResolve: Microsoft.VisualStudio.TestPlatform.Extensions.Html.TestLogger: Loading assembly 'C:\Program Files\dotnet\sdk\8.0.300\Extensions\Microsoft.VisualStudio.TestPlatform.Extensions.Html.TestLogger.dll'.
TpTrace Information: 0 : 39784, 1, 2024/06/21, 15:54:11.652, 8018230071490, vstest.console.dll, AssemblyResolver.OnResolve: Resolved assembly: Microsoft.VisualStudio.TestPlatform.Extensions.Html.TestLogger, from path: C:\Program Files\dotnet\sdk\8.0.300\Extensions\Microsoft.VisualStudio.TestPlatform.Extensions.Html.TestLogger.dll
TpTrace Verbose: 0 : 39784, 1, 2024/06/21, 15:54:11.652, 8018230072106, vstest.console.dll, MetadataReaderExtensionsHelper: Discovering extensions inside assembly 'Microsoft.VisualStudio.TestPlatform.Extensions.Html.TestLogger, Version=15.0.0.0, Culture=neutral, PublicKeyToken=b03f5f7f11d50a3a' file path 'C:\Program Files\dotnet\sdk\8.0.300\Extensions\Microsoft.VisualStudio.TestPlatform.Extensions.Html.TestLogger.dll'
TpTrace Information: 0 : 39784, 1, 2024/06/21, 15:54:11.653, 8018230079222, vstest.console.dll, AssemblyResolver.OnResolve: Microsoft.VisualStudio.TestPlatform.Extensions.Trx.TestLogger: Resolving assembly.
TpTrace Information: 0 : 39784, 1, 2024/06/21, 15:54:11.653, 8018230079671, vstest.console.dll, AssemblyResolver.OnResolve: Microsoft.VisualStudio.TestPlatform.Extensions.Trx.TestLogger: Searching in: 'C:\Program Files\dotnet\sdk\8.0.300\Extensions'.
TpTrace Information: 0 : 39784, 1, 2024/06/21, 15:54:11.654, 8018230086568, vstest.console.dll, AssemblyResolver.OnResolve: Microsoft.VisualStudio.TestPlatform.Extensions.Trx.TestLogger: Loading assembly 'C:\Program Files\dotnet\sdk\8.0.300\Extensions\Microsoft.VisualStudio.TestPlatform.Extensions.Trx.TestLogger.dll'.
TpTrace Information: 0 : 39784, 1, 2024/06/21, 15:54:11.655, 8018230094789, vstest.console.dll, AssemblyResolver.OnResolve: Resolved assembly: Microsoft.VisualStudio.TestPlatform.Extensions.Trx.TestLogger, from path: C:\Program Files\dotnet\sdk\8.0.300\Extensions\Microsoft.VisualStudio.TestPlatform.Extensions.Trx.TestLogger.dll
TpTrace Verbose: 0 : 39784, 1, 2024/06/21, 15:54:11.655, 8018230095321, vstest.console.dll, MetadataReaderExtensionsHelper: Discovering extensions inside assembly 'Microsoft.VisualStudio.TestPlatform.Extensions.Trx.TestLogger, Version=15.0.0.0, Culture=neutral, PublicKeyToken=b03f5f7f11d50a3a' file path 'C:\Program Files\dotnet\sdk\8.0.300\Extensions\Microsoft.VisualStudio.TestPlatform.Extensions.Trx.TestLogger.dll'
TpTrace Verbose: 0 : 39784, 1, 2024/06/21, 15:54:11.656, 8018230104903, vstest.console.dll, TestPluginCache: Discovered the extensions using extension path ''.
TpTrace Verbose: 0 : 39784, 1, 2024/06/21, 15:54:11.656, 8018230105401, vstest.console.dll, TestPluginCache: Discoverers are ''.
TpTrace Verbose: 0 : 39784, 1, 2024/06/21, 15:54:11.656, 8018230105592, vstest.console.dll, TestPluginCache: Executors are ''.
TpTrace Verbose: 0 : 39784, 1, 2024/06/21, 15:54:11.656, 8018230105761, vstest.console.dll, TestPluginCache: Executors2 are ''.
TpTrace Verbose: 0 : 39784, 1, 2024/06/21, 15:54:11.656, 8018230105930, vstest.console.dll, TestPluginCache: Setting providers are ''.
TpTrace Verbose: 0 : 39784, 1, 2024/06/21, 15:54:11.656, 8018230106101, vstest.console.dll, TestPluginCache: Loggers are ''.
TpTrace Verbose: 0 : 39784, 1, 2024/06/21, 15:54:11.656, 8018230107334, vstest.console.dll, TestPluginCache: TestHosts are 'HostProvider://DefaultTestHost,HostProvider://DotnetTestHost'.
TpTrace Verbose: 0 : 39784, 1, 2024/06/21, 15:54:11.656, 8018230107601, vstest.console.dll, TestPluginCache: DataCollectors are ''.
TpTrace Information: 0 : 39784, 1, 2024/06/21, 15:54:11.675, 8018230296344, vstest.console.dll, RunTestsArgumentProcessor:Execute: Test run is starting.
TpTrace Verbose: 0 : 39784, 1, 2024/06/21, 15:54:11.675, 8018230297332, vstest.console.dll, RunTestsArgumentProcessor:Execute: Queuing Test run.
TpTrace Information: 0 : 39784, 1, 2024/06/21, 15:54:11.675, 8018230298918, vstest.console.dll, TestRequestManager.RunTests: run tests started.
TpTrace Information: 0 : 39784, 1, 2024/06/21, 15:54:11.676, 8018230307588, vstest.console.dll, AssemblyMetadataProvider.GetFrameworkName: Determined framework:'.NETCoreApp,Version=v6.0' for source: 'C:\Repos\KLA_NET6\NumberConverter_Tests\bin\Release\net6.0\fine-code-coverage\build-output\NumberConverter_Tests.dll'
TpTrace Information: 0 : 39784, 1, 2024/06/21, 15:54:11.676, 8018230308820, vstest.console.dll, Determined framework for all sources: .NETCoreApp,Version=v6.0
TpTrace Verbose: 0 : 39784, 1, 2024/06/21, 15:54:11.676, 8018230311071, vstest.console.dll, TestRequestManager.UpdateRunSettingsIfRequired: Default architecture: X64 IsDefaultTargetArchitecture: True, Current process architecture: X64 OperatingSystem: Windows.
TpTrace Information: 0 : 39784, 1, 2024/06/21, 15:54:11.678, 8018230323141, vstest.console.dll, AssemblyMetadataProvider.GetArchitecture: Determined architecture:AnyCPU info for assembly: C:\Repos\KLA_NET6\NumberConverter_Tests\bin\Release\net6.0\fine-code-coverage\build-output\NumberConverter_Tests.dll
TpTrace Information: 0 : 39784, 1, 2024/06/21, 15:54:11.678, 8018230323677, vstest.console.dll, Determined platform for source 'C:\Repos\KLA_NET6\NumberConverter_Tests\bin\Release\net6.0\fine-code-coverage\build-output\NumberConverter_Tests.dll' was AnyCPU and it will use the default plaform X64.
TpTrace Information: 0 : 39784, 1, 2024/06/21, 15:54:11.678, 8018230323882, vstest.console.dll, None of the sources provided any runnable platform, using the default platform: X64
TpTrace Information: 0 : 39784, 1, 2024/06/21, 15:54:11.678, 8018230324668, vstest.console.dll, Platform was updated to 'X64'.
TpTrace Information: 0 : 39784, 1, 2024/06/21, 15:54:11.681, 8018230360804, vstest.console.dll, InferRunSettingsHelper.IsTestSettingsEnabled: Unable to navigate to RunSettings/MSTest. Current node: RunSettings
TpTrace Information: 0 : 39784, 1, 2024/06/21, 15:54:11.682, 8018230365643, vstest.console.dll, AssemblyResolver.OnResolve: Microsoft.VisualStudio.TestPlatform.Fakes: Resolving assembly.
TpTrace Information: 0 : 39784, 1, 2024/06/21, 15:54:11.682, 8018230366197, vstest.console.dll, AssemblyResolver.OnResolve: Microsoft.VisualStudio.TestPlatform.Fakes: Searching in: 'C:\Program Files\dotnet\sdk\8.0.300\Extensions'.
TpTrace Information: 0 : 39784, 1, 2024/06/21, 15:54:11.682, 8018230366920, vstest.console.dll, AssemblyResolver.OnResolve: Microsoft.VisualStudio.TestPlatform.Fakes: Assembly path does not exist: 'C:\Program Files\dotnet\sdk\8.0.300\Extensions\Microsoft.VisualStudio.TestPlatform.Fakes.dll', returning.
TpTrace Information: 0 : 39784, 1, 2024/06/21, 15:54:11.682, 8018230367303, vstest.console.dll, AssemblyResolver.OnResolve: Microsoft.VisualStudio.TestPlatform.Fakes: Assembly path does not exist: 'C:\Program Files\dotnet\sdk\8.0.300\Extensions\Microsoft.VisualStudio.TestPlatform.Fakes.exe', returning.
TpTrace Information: 0 : 39784, 1, 2024/06/21, 15:54:11.682, 8018230367499, vstest.console.dll, AssemblyResolver.OnResolve: Microsoft.VisualStudio.TestPlatform.Fakes: Searching in: 'C:\Program Files\dotnet\sdk\8.0.300'.
TpTrace Information: 0 : 39784, 1, 2024/06/21, 15:54:11.682, 8018230367943, vstest.console.dll, AssemblyResolver.OnResolve: Microsoft.VisualStudio.TestPlatform.Fakes: Assembly path does not exist: 'C:\Program Files\dotnet\sdk\8.0.300\Microsoft.VisualStudio.TestPlatform.Fakes.dll', returning.
TpTrace Information: 0 : 39784, 1, 2024/06/21, 15:54:11.682, 8018230368293, vstest.console.dll, AssemblyResolver.OnResolve: Microsoft.VisualStudio.TestPlatform.Fakes: Assembly path does not exist: 'C:\Program Files\dotnet\sdk\8.0.300\Microsoft.VisualStudio.TestPlatform.Fakes.exe', returning.
TpTrace Information: 0 : 39784, 1, 2024/06/21, 15:54:11.682, 8018230368482, vstest.console.dll, AssemblyResolver.OnResolve: Microsoft.VisualStudio.TestPlatform.Fakes: Failed to load assembly.
TpTrace Information: 0 : 39784, 1, 2024/06/21, 15:54:11.682, 8018230370385, vstest.console.dll, Failed to load assembly Microsoft.VisualStudio.TestPlatform.Fakes, Version=17.0.0.0, Culture=neutral. Reason:System.IO.FileNotFoundException: Could not load file or assembly 'Microsoft.VisualStudio.TestPlatform.Fakes, Version=17.0.0.0, Culture=neutral, PublicKeyToken=null'. The system cannot find the file specified.
File name: 'Microsoft.VisualStudio.TestPlatform.Fakes, Version=17.0.0.0, Culture=neutral, PublicKeyToken=null'
   at System.Reflection.RuntimeAssembly.InternalLoad(AssemblyName assemblyName, StackCrawlMark& stackMark, AssemblyLoadContext assemblyLoadContext, RuntimeAssembly requestingAssembly, Boolean throwOnFileNotFound)
   at System.Reflection.Assembly.Load(AssemblyName assemblyRef)
   at Microsoft.VisualStudio.TestPlatform.Common.Utilities.FakesUtilities.LoadTestPlatformAssembly() in /_/src/Microsoft.TestPlatform.Common/Utilities/FakesUtilities.cs:line 272
TpTrace Verbose: 0 : 39784, 1, 2024/06/21, 15:54:11.685, 8018230393792, vstest.console.dll, TestPluginCache.DiscoverTestExtensions: finding test extensions in assemblies ends with: TestLogger.dll TPluginInfo: Microsoft.VisualStudio.TestPlatform.Common.ExtensionFramework.Utilities.TestLoggerPluginInformation TExtension: Microsoft.VisualStudio.TestPlatform.ObjectModel.Client.ITestLogger
TpTrace Verbose: 0 : 39784, 1, 2024/06/21, 15:54:11.685, 8018230394455, vstest.console.dll, TestPluginCache.GetExtensionPaths: Filtered extension paths: 
TpTrace Verbose: 0 : 39784, 1, 2024/06/21, 15:54:11.685, 8018230394730, vstest.console.dll, TestPluginCache.GetExtensionPaths: Added default extension paths: C:\Program Files\dotnet\sdk\8.0.300\Extensions\Microsoft.Diagnostics.NETCore.Client.dll
C:\Program Files\dotnet\sdk\8.0.300\Extensions\Microsoft.TestPlatform.Extensions.BlameDataCollector.dll
C:\Program Files\dotnet\sdk\8.0.300\Extensions\Microsoft.TestPlatform.Extensions.EventLogCollector.dll
C:\Program Files\dotnet\sdk\8.0.300\Extensions\Microsoft.TestPlatform.TestHostRuntimeProvider.dll
C:\Program Files\dotnet\sdk\8.0.300\Extensions\Microsoft.VisualStudio.TestPlatform.Extensions.Html.TestLogger.dll
C:\Program Files\dotnet\sdk\8.0.300\Extensions\Microsoft.VisualStudio.TestPlatform.Extensions.Trx.TestLogger.dll
TpTrace Verbose: 0 : 39784, 1, 2024/06/21, 15:54:11.685, 8018230394923, vstest.console.dll, TestPluginCache.GetExtensionPaths: Added unfilterableExtensionPaths: 
TpTrace Information: 0 : 39784, 1, 2024/06/21, 15:54:11.685, 8018230395795, vstest.console.dll, AssemblyResolver.AddSearchDirectories: Adding more searchDirectories C:\Program Files\dotnet\sdk\8.0.300\Extensions,C:\Program Files\dotnet\sdk\8.0.300
TpTrace Verbose: 0 : 39784, 1, 2024/06/21, 15:54:11.685, 8018230396101, vstest.console.dll, TestPluginCache.DiscoverTestExtensions: Discovering the extensions using extension path.
TpTrace Verbose: 0 : 39784, 1, 2024/06/21, 15:54:11.685, 8018230396318, vstest.console.dll, TestPluginCache.GetExtensionPaths: Filtered extension paths: 
TpTrace Verbose: 0 : 39784, 1, 2024/06/21, 15:54:11.685, 8018230396539, vstest.console.dll, TestPluginCache.GetExtensionPaths: Added default extension paths: C:\Program Files\dotnet\sdk\8.0.300\Extensions\Microsoft.Diagnostics.NETCore.Client.dll
C:\Program Files\dotnet\sdk\8.0.300\Extensions\Microsoft.TestPlatform.Extensions.BlameDataCollector.dll
C:\Program Files\dotnet\sdk\8.0.300\Extensions\Microsoft.TestPlatform.Extensions.EventLogCollector.dll
C:\Program Files\dotnet\sdk\8.0.300\Extensions\Microsoft.TestPlatform.TestHostRuntimeProvider.dll
C:\Program Files\dotnet\sdk\8.0.300\Extensions\Microsoft.VisualStudio.TestPlatform.Extensions.Html.TestLogger.dll
C:\Program Files\dotnet\sdk\8.0.300\Extensions\Microsoft.VisualStudio.TestPlatform.Extensions.Trx.TestLogger.dll
TpTrace Verbose: 0 : 39784, 1, 2024/06/21, 15:54:11.685, 8018230396739, vstest.console.dll, TestPluginCache.GetExtensionPaths: Added unfilterableExtensionPaths: 
TpTrace Verbose: 0 : 39784, 1, 2024/06/21, 15:54:11.685, 8018230396961, vstest.console.dll, TestPluginCache.DiscoverTestExtensions: Discovering the extensions using allExtensionPaths: C:\Program Files\dotnet\sdk\8.0.300\Extensions\Microsoft.Diagnostics.NETCore.Client.dll
C:\Program Files\dotnet\sdk\8.0.300\Extensions\Microsoft.TestPlatform.Extensions.BlameDataCollector.dll
C:\Program Files\dotnet\sdk\8.0.300\Extensions\Microsoft.TestPlatform.Extensions.EventLogCollector.dll
C:\Program Files\dotnet\sdk\8.0.300\Extensions\Microsoft.TestPlatform.TestHostRuntimeProvider.dll
C:\Program Files\dotnet\sdk\8.0.300\Extensions\Microsoft.VisualStudio.TestPlatform.Extensions.Html.TestLogger.dll
C:\Program Files\dotnet\sdk\8.0.300\Extensions\Microsoft.VisualStudio.TestPlatform.Extensions.Trx.TestLogger.dll
TpTrace Information: 0 : 39784, 1, 2024/06/21, 15:54:11.685, 8018230397867, vstest.console.dll, AssemblyResolver.AddSearchDirectories: Adding more searchDirectories C:\Program Files\dotnet\sdk\8.0.300\Extensions,C:\Program Files\dotnet\sdk\8.0.300
TpTrace Information: 0 : 39784, 1, 2024/06/21, 15:54:11.685, 8018230398169, vstest.console.dll, AssemblyResolver.AddSearchDirectories: Adding more searchDirectories C:\Program Files\dotnet\sdk\8.0.300\Extensions,C:\Program Files\dotnet\sdk\8.0.300
TpTrace Information: 0 : 39784, 1, 2024/06/21, 15:54:11.685, 8018230398366, vstest.console.dll, AssemblyResolver.AddSearchDirectories: Adding more searchDirectories C:\Program Files\dotnet\sdk\8.0.300\Extensions,C:\Program Files\dotnet\sdk\8.0.300
TpTrace Information: 0 : 39784, 1, 2024/06/21, 15:54:11.685, 8018230398556, vstest.console.dll, AssemblyResolver.AddSearchDirectories: Adding more searchDirectories C:\Program Files\dotnet\sdk\8.0.300\Extensions,C:\Program Files\dotnet\sdk\8.0.300
TpTrace Information: 0 : 39784, 1, 2024/06/21, 15:54:11.685, 8018230398744, vstest.console.dll, AssemblyResolver.AddSearchDirectories: Adding more searchDirectories C:\Program Files\dotnet\sdk\8.0.300\Extensions,C:\Program Files\dotnet\sdk\8.0.300
TpTrace Information: 0 : 39784, 1, 2024/06/21, 15:54:11.685, 8018230398966, vstest.console.dll, AssemblyResolver.AddSearchDirectories: Adding more searchDirectories C:\Program Files\dotnet\sdk\8.0.300\Extensions,C:\Program Files\dotnet\sdk\8.0.300
TpTrace Verbose: 0 : 39784, 1, 2024/06/21, 15:54:11.685, 8018230399671, vstest.console.dll, MetadataReaderExtensionsHelper: Discovering extensions inside assembly 'Microsoft.Diagnostics.NETCore.Client, Version=0.2.10.15101, Culture=neutral, PublicKeyToken=31bf3856ad364e35' file path 'C:\Program Files\dotnet\sdk\8.0.300\Extensions\Microsoft.Diagnostics.NETCore.Client.dll'
TpTrace Information: 0 : 39784, 1, 2024/06/21, 15:54:11.686, 8018230405008, vstest.console.dll, AssemblyResolver.OnResolve: Microsoft.Bcl.AsyncInterfaces: Resolving assembly.
TpTrace Information: 0 : 39784, 1, 2024/06/21, 15:54:11.686, 8018230405427, vstest.console.dll, AssemblyResolver.OnResolve: Microsoft.Bcl.AsyncInterfaces: Resolved from cache.
TpTrace Verbose: 0 : 39784, 1, 2024/06/21, 15:54:11.686, 8018230405622, vstest.console.dll, CurrentDomainAssemblyResolve: Resolving assembly 'Microsoft.Bcl.AsyncInterfaces'.
TpTrace Information: 0 : 39784, 1, 2024/06/21, 15:54:11.686, 8018230405940, vstest.console.dll, AssemblyResolver.OnResolve: Microsoft.Bcl.AsyncInterfaces: Resolving assembly.
TpTrace Information: 0 : 39784, 1, 2024/06/21, 15:54:11.686, 8018230406133, vstest.console.dll, AssemblyResolver.OnResolve: Microsoft.Bcl.AsyncInterfaces: Resolved from cache.
TpTrace Verbose: 0 : 39784, 1, 2024/06/21, 15:54:11.686, 8018230406306, vstest.console.dll, CurrentDomainAssemblyResolve: Resolving assembly 'Microsoft.Bcl.AsyncInterfaces'.
TpTrace Verbose: 0 : 39784, 1, 2024/06/21, 15:54:11.686, 8018230406478, vstest.console.dll, CurrentDomainAssemblyResolve: Failed to resolve assembly 'Microsoft.Bcl.AsyncInterfaces'.
TpTrace Verbose: 0 : 39784, 1, 2024/06/21, 15:54:11.686, 8018230407439, vstest.console.dll, CurrentDomainAssemblyResolve: Failed to resolve assembly 'Microsoft.Bcl.AsyncInterfaces'.
TpTrace Warning: 0 : 39784, 1, 2024/06/21, 15:54:11.686, 8018230409584, vstest.console.dll, TestPluginDiscoverer: Failed to get types from assembly 'Microsoft.Diagnostics.NETCore.Client, Version=0.2.10.15101, Culture=neutral, PublicKeyToken=31bf3856ad364e35'. Error: System.Reflection.ReflectionTypeLoadException: Unable to load one or more of the requested types.
Could not load file or assembly 'Microsoft.Bcl.AsyncInterfaces, Version=6.0.0.0, Culture=neutral, PublicKeyToken=cc7b13ffcd2ddd51'. The system cannot find the file specified.
   at System.Reflection.RuntimeModule.GetTypes(RuntimeModule module)
   at System.Reflection.RuntimeModule.GetTypes()
   at Microsoft.VisualStudio.TestPlatform.Common.ExtensionFramework.TestPluginDiscoverer.GetTestExtensionsFromAssembly[TPluginInfo,TExtension](Assembly assembly, Dictionary`2 pluginInfos, String filePath) in /_/src/Microsoft.TestPlatform.Common/ExtensionFramework/TestPluginDiscoverer.cs:line 158
System.IO.FileNotFoundException: Could not load file or assembly 'Microsoft.Bcl.AsyncInterfaces, Version=6.0.0.0, Culture=neutral, PublicKeyToken=cc7b13ffcd2ddd51'. The system cannot find the file specified.
File name: 'Microsoft.Bcl.AsyncInterfaces, Version=6.0.0.0, Culture=neutral, PublicKeyToken=cc7b13ffcd2ddd51'
 ---> System.IO.FileNotFoundException: Could not load file or assembly 'Microsoft.Bcl.AsyncInterfaces, Culture=neutral, PublicKeyToken=null'. The system cannot find the file specified.
File name: 'Microsoft.Bcl.AsyncInterfaces, Culture=neutral, PublicKeyToken=null'
   at System.Reflection.RuntimeAssembly.InternalLoad(AssemblyName assemblyName, StackCrawlMark& stackMark, AssemblyLoadContext assemblyLoadContext, RuntimeAssembly requestingAssembly, Boolean throwOnFileNotFound)
   at System.Reflection.Assembly.Load(AssemblyName assemblyRef)
   at Microsoft.VisualStudio.TestPlatform.Common.ExtensionFramework.TestPluginCache.CurrentDomainAssemblyResolve(Object sender, AssemblyResolveEventArgs args) in /_/src/Microsoft.TestPlatform.Common/ExtensionFramework/TestPluginCache.cs:line 513
   at System.Runtime.Loader.AssemblyLoadContext.GetFirstResolvedAssemblyFromResolvingEvent(AssemblyName assemblyName)
   at System.Runtime.Loader.AssemblyLoadContext.ResolveUsingEvent(AssemblyName assemblyName)
   at System.Runtime.Loader.AssemblyLoadContext.ResolveUsingResolvingEvent(IntPtr gchManagedAssemblyLoadContext, AssemblyName assemblyName)
TpTrace Warning: 0 : 39784, 1, 2024/06/21, 15:54:11.686, 8018230410596, vstest.console.dll, LoaderExceptions: System.IO.FileNotFoundException: Could not load file or assembly 'Microsoft.Bcl.AsyncInterfaces, Version=6.0.0.0, Culture=neutral, PublicKeyToken=cc7b13ffcd2ddd51'. The system cannot find the file specified.
File name: 'Microsoft.Bcl.AsyncInterfaces, Version=6.0.0.0, Culture=neutral, PublicKeyToken=cc7b13ffcd2ddd51'
 ---> System.IO.FileNotFoundException: Could not load file or assembly 'Microsoft.Bcl.AsyncInterfaces, Culture=neutral, PublicKeyToken=null'. The system cannot find the file specified.
File name: 'Microsoft.Bcl.AsyncInterfaces, Culture=neutral, PublicKeyToken=null'
   at System.Reflection.RuntimeAssembly.InternalLoad(AssemblyName assemblyName, StackCrawlMark& stackMark, AssemblyLoadContext assemblyLoadContext, RuntimeAssembly requestingAssembly, Boolean throwOnFileNotFound)
   at System.Reflection.Assembly.Load(AssemblyName assemblyRef)
   at Microsoft.VisualStudio.TestPlatform.Common.ExtensionFramework.TestPluginCache.CurrentDomainAssemblyResolve(Object sender, AssemblyResolveEventArgs args) in /_/src/Microsoft.TestPlatform.Common/ExtensionFramework/TestPluginCache.cs:line 513
   at System.Runtime.Loader.AssemblyLoadContext.GetFirstResolvedAssemblyFromResolvingEvent(AssemblyName assemblyName)
   at System.Runtime.Loader.AssemblyLoadContext.ResolveUsingEvent(AssemblyName assemblyName)
   at System.Runtime.Loader.AssemblyLoadContext.ResolveUsingResolvingEvent(IntPtr gchManagedAssemblyLoadContext, AssemblyName assemblyName)
TpTrace Verbose: 0 : 39784, 1, 2024/06/21, 15:54:11.686, 8018230411200, vstest.console.dll, MetadataReaderExtensionsHelper: Discovering extensions inside assembly 'Microsoft.TestPlatform.Extensions.BlameDataCollector, Version=15.0.0.0, Culture=neutral, PublicKeyToken=b03f5f7f11d50a3a' file path 'C:\Program Files\dotnet\sdk\8.0.300\Extensions\Microsoft.TestPlatform.Extensions.BlameDataCollector.dll'
TpTrace Information: 0 : 39784, 1, 2024/06/21, 15:54:11.687, 8018230414184, vstest.console.dll, GetTestExtensionFromType: Register extension with identifier data 'logger://Microsoft/TestPlatform/Extensions/Blame/v1' and type 'Microsoft.TestPlatform.Extensions.BlameDataCollector.BlameLogger, Microsoft.TestPlatform.Extensions.BlameDataCollector, Version=15.0.0.0, Culture=neutral, PublicKeyToken=b03f5f7f11d50a3a' inside file 'C:\Program Files\dotnet\sdk\8.0.300\Extensions\Microsoft.TestPlatform.Extensions.BlameDataCollector.dll'
TpTrace Verbose: 0 : 39784, 1, 2024/06/21, 15:54:11.687, 8018230414696, vstest.console.dll, MetadataReaderExtensionsHelper: Discovering extensions inside assembly 'Microsoft.TestPlatform.Extensions.EventLogCollector, Version=15.0.0.0, Culture=neutral, PublicKeyToken=b03f5f7f11d50a3a' file path 'C:\Program Files\dotnet\sdk\8.0.300\Extensions\Microsoft.TestPlatform.Extensions.EventLogCollector.dll'
TpTrace Verbose: 0 : 39784, 1, 2024/06/21, 15:54:11.687, 8018230416605, vstest.console.dll, MetadataReaderExtensionsHelper: Discovering extensions inside assembly 'Microsoft.TestPlatform.TestHostRuntimeProvider, Version=15.0.0.0, Culture=neutral, PublicKeyToken=b03f5f7f11d50a3a' file path 'C:\Program Files\dotnet\sdk\8.0.300\Extensions\Microsoft.TestPlatform.TestHostRuntimeProvider.dll'
TpTrace Verbose: 0 : 39784, 1, 2024/06/21, 15:54:11.687, 8018230418627, vstest.console.dll, MetadataReaderExtensionsHelper: Discovering extensions inside assembly 'Microsoft.VisualStudio.TestPlatform.Extensions.Html.TestLogger, Version=15.0.0.0, Culture=neutral, PublicKeyToken=b03f5f7f11d50a3a' file path 'C:\Program Files\dotnet\sdk\8.0.300\Extensions\Microsoft.VisualStudio.TestPlatform.Extensions.Html.TestLogger.dll'
TpTrace Information: 0 : 39784, 1, 2024/06/21, 15:54:11.687, 8018230421886, vstest.console.dll, GetTestExtensionFromType: Register extension with identifier data 'logger://Microsoft/TestPlatform/HtmlLogger/v1' and type 'Microsoft.VisualStudio.TestPlatform.Extensions.HtmlLogger.HtmlLogger, Microsoft.VisualStudio.TestPlatform.Extensions.Html.TestLogger, Version=15.0.0.0, Culture=neutral, PublicKeyToken=b03f5f7f11d50a3a' inside file 'C:\Program Files\dotnet\sdk\8.0.300\Extensions\Microsoft.VisualStudio.TestPlatform.Extensions.Html.TestLogger.dll'
TpTrace Verbose: 0 : 39784, 1, 2024/06/21, 15:54:11.687, 8018230422359, vstest.console.dll, MetadataReaderExtensionsHelper: Discovering extensions inside assembly 'Microsoft.VisualStudio.TestPlatform.Extensions.Trx.TestLogger, Version=15.0.0.0, Culture=neutral, PublicKeyToken=b03f5f7f11d50a3a' file path 'C:\Program Files\dotnet\sdk\8.0.300\Extensions\Microsoft.VisualStudio.TestPlatform.Extensions.Trx.TestLogger.dll'
TpTrace Information: 0 : 39784, 1, 2024/06/21, 15:54:11.688, 8018230424728, vstest.console.dll, GetTestExtensionFromType: Register extension with identifier data 'logger://Microsoft/TestPlatform/TrxLogger/v1' and type 'Microsoft.VisualStudio.TestPlatform.Extensions.TrxLogger.TrxLogger, Microsoft.VisualStudio.TestPlatform.Extensions.Trx.TestLogger, Version=15.0.0.0, Culture=neutral, PublicKeyToken=b03f5f7f11d50a3a' inside file 'C:\Program Files\dotnet\sdk\8.0.300\Extensions\Microsoft.VisualStudio.TestPlatform.Extensions.Trx.TestLogger.dll'
TpTrace Verbose: 0 : 39784, 1, 2024/06/21, 15:54:11.688, 8018230425212, vstest.console.dll, TestPluginCache: Discovered the extensions using extension path ''.
TpTrace Verbose: 0 : 39784, 1, 2024/06/21, 15:54:11.688, 8018230425452, vstest.console.dll, TestPluginCache: Discoverers are ''.
TpTrace Verbose: 0 : 39784, 1, 2024/06/21, 15:54:11.688, 8018230425624, vstest.console.dll, TestPluginCache: Executors are ''.
TpTrace Verbose: 0 : 39784, 1, 2024/06/21, 15:54:11.688, 8018230425787, vstest.console.dll, TestPluginCache: Executors2 are ''.
TpTrace Verbose: 0 : 39784, 1, 2024/06/21, 15:54:11.688, 8018230425954, vstest.console.dll, TestPluginCache: Setting providers are ''.
TpTrace Verbose: 0 : 39784, 1, 2024/06/21, 15:54:11.688, 8018230426395, vstest.console.dll, TestPluginCache: Loggers are 'logger://Microsoft/TestPlatform/Extensions/Blame/v1,logger://Microsoft/TestPlatform/HtmlLogger/v1,logger://Microsoft/TestPlatform/TrxLogger/v1'.
TpTrace Verbose: 0 : 39784, 1, 2024/06/21, 15:54:11.688, 8018230426693, vstest.console.dll, TestPluginCache: TestHosts are 'HostProvider://DefaultTestHost,HostProvider://DotnetTestHost'.
TpTrace Verbose: 0 : 39784, 1, 2024/06/21, 15:54:11.688, 8018230426915, vstest.console.dll, TestPluginCache: DataCollectors are ''.
TpTrace Information: 0 : 39784, 1, 2024/06/21, 15:54:11.688, 8018230431868, vstest.console.dll, TestPluginManager.CreateTestExtension: Attempting to load test extension: Microsoft.TestPlatform.Extensions.BlameDataCollector.BlameLogger
TpTrace Verbose: 0 : 39784, 1, 2024/06/21, 15:54:11.696, 8018230506265, vstest.console.dll, TestEngine: Initializing Parallel Execution as MaxCpuCount is set to: 1
TpTrace Information: 0 : 39784, 1, 2024/06/21, 15:54:11.697, 8018230518723, vstest.console.dll, TestPluginManager.CreateTestExtension: Attempting to load test extension: Microsoft.VisualStudio.TestPlatform.CrossPlatEngine.Hosting.DefaultTestHostManager
TpTrace Information: 0 : 39784, 1, 2024/06/21, 15:54:11.698, 8018230524254, vstest.console.dll, TestPluginManager.CreateTestExtension: Attempting to load test extension: Microsoft.VisualStudio.TestPlatform.CrossPlatEngine.Hosting.DotnetTestHostManager
TpTrace Information: 0 : 39784, 1, 2024/06/21, 15:54:11.698, 8018230527502, vstest.console.dll, InferRunSettingsHelper.IsTestSettingsEnabled: Unable to navigate to RunSettings/MSTest. Current node: RunSettings
TpTrace Verbose: 0 : 39784, 1, 2024/06/21, 15:54:11.699, 8018230533393, vstest.console.dll, ParallelOperationManager.ClearSlots: Clearing all slots. Slots should accept more work: True
TpTrace Verbose: 0 : 39784, 1, 2024/06/21, 15:54:11.699, 8018230537188, vstest.console.dll, ParallelOperationManager.SetOccupiedSlotCount: Setting slot counts AvailableSlotCount = 1, OccupiedSlotCount = 0.
TpTrace Verbose: 0 : 39784, 1, 2024/06/21, 15:54:11.699, 8018230539224, vstest.console.dll, Occupied slots:

TpTrace Verbose: 0 : 39784, 1, 2024/06/21, 15:54:11.701, 8018230558695, vstest.console.dll, TestEngine.GetExecutionManager: Chosen execution manager 'Microsoft.VisualStudio.TestPlatform.CrossPlatEngine.Client.Parallel.ParallelProxyExecutionManager, Microsoft.TestPlatform.CrossPlatEngine, Version=15.0.0.0, Culture=neutral, PublicKeyToken=b03f5f7f11d50a3a' ParallelLevel '1'.
TpTrace Verbose: 0 : 39784, 1, 2024/06/21, 15:54:11.701, 8018230559503, vstest.console.dll, TestRunRequest.ExecuteAsync: Creating test run request.
TpTrace Verbose: 0 : 39784, 1, 2024/06/21, 15:54:11.701, 8018230560897, vstest.console.dll, TestRunRequest.ExecuteAsync: Starting.
TpTrace Information: 0 : 39784, 1, 2024/06/21, 15:54:11.702, 8018230567473, vstest.console.dll, TestRunRequest.ExecuteAsync: Starting run with settings:TestRunCriteria:
   KeepAlive=False,FrequencyOfRunStatsChangeEvent=10,RunStatsChangeEventTimeout=00:00:01.5000000,TestCaseFilter=,TestExecutorLauncher=
   Settingsxml=<RunSettings>
  <RunConfiguration>
    <ResultsDirectory>C:\Repos\KLA_NET6\NumberConverter_Tests\bin\Release\net6.0\fine-code-coverage\coverage-tool-output</ResultsDirectory>
    <TargetPlatform>X64</TargetPlatform>
    <TargetFrameworkVersion>.NETCoreApp,Version=v6.0</TargetFrameworkVersion>
    <DesignMode>False</DesignMode>
    <CollectSourceInformation>False</CollectSourceInformation>
  </RunConfiguration>
  <LoggerRunSettings>
    <Loggers>
      <Logger friendlyName="blame" enabled="True" />
      <Logger friendlyName="Console" uri="logger://microsoft/TestPlatform/ConsoleLogger/v1" assemblyQualifiedName="Microsoft.VisualStudio.TestPlatform.CommandLine.Internal.ConsoleLogger, vstest.console, Version=15.0.0.0, Culture=neutral, PublicKeyToken=b03f5f7f11d50a3a" codeBase="C:\Program Files\dotnet\sdk\8.0.300\vstest.console.dll" enabled="True" />
    </Loggers>
  </LoggerRunSettings>
  <DataCollectionRunSettings>
    <DataCollectors>
      <DataCollector friendlyName="blame" enabled="True">
        <Configuration>
          <ResultsDirectory>C:\Repos\KLA_NET6\NumberConverter_Tests\bin\Release\net6.0\fine-code-coverage\coverage-tool-output</ResultsDirectory>
        </Configuration>
      </DataCollector>
    </DataCollectors>
  </DataCollectionRunSettings>
</RunSettings>

TpTrace Verbose: 0 : 39784, 1, 2024/06/21, 15:54:11.702, 8018230567932, vstest.console.dll, TestRunRequest.ExecuteAsync: Wait for the first run request is over.
TpTrace Verbose: 0 : 39784, 1, 2024/06/21, 15:54:11.702, 8018230570008, vstest.console.dll, MulticastDelegateUtilities.SafeInvoke: TestRun.TestRunStart: Invoking callbacks was skipped because there are no subscribers.
TpTrace Verbose: 0 : 39784, 4, 2024/06/21, 15:54:11.702, 8018230571461, vstest.console.dll, MulticastDelegateUtilities.SafeInvoke: InternalTestLoggerEvents.SendTestRunStart: Invoking callback 1/1 for Microsoft.VisualStudio.TestPlatform.CommandLine.Internal.ConsoleLogger., took 0 ms.
TpTrace Verbose: 0 : 39784, 1, 2024/06/21, 15:54:11.703, 8018230576753, vstest.console.dll, ParallelProxyExecutionManager: Start execution. Total sources: 1
TpTrace Verbose: 0 : 39784, 1, 2024/06/21, 15:54:11.703, 8018230578966, vstest.console.dll, ParallelOperationManager.StartWork: Starting adding 1 workloads.
TpTrace Verbose: 0 : 39784, 1, 2024/06/21, 15:54:11.703, 8018230579379, vstest.console.dll, ParallelOperationManager.ClearSlots: Clearing all slots. Slots should accept more work: True
TpTrace Verbose: 0 : 39784, 1, 2024/06/21, 15:54:11.703, 8018230579758, vstest.console.dll, ParallelOperationManager.SetOccupiedSlotCount: Setting slot counts AvailableSlotCount = 1, OccupiedSlotCount = 0.
TpTrace Verbose: 0 : 39784, 1, 2024/06/21, 15:54:11.703, 8018230580006, vstest.console.dll, Occupied slots:

TpTrace Verbose: 0 : 39784, 1, 2024/06/21, 15:54:11.704, 8018230587843, vstest.console.dll, TestRequestSender is acting as server.
TpTrace Verbose: 0 : 39784, 1, 2024/06/21, 15:54:11.705, 8018230599015, vstest.console.dll, ParallelOperationManager.RunWorkInParallel: Adding 1 workload to slot, remaining workloads 0.
TpTrace Verbose: 0 : 39784, 1, 2024/06/21, 15:54:11.705, 8018230599494, vstest.console.dll, ParallelOperationManager.SetOccupiedSlotCount: Setting slot counts AvailableSlotCount = 0, OccupiedSlotCount = 1.
TpTrace Verbose: 0 : 39784, 1, 2024/06/21, 15:54:11.705, 8018230600175, vstest.console.dll, Occupied slots:
0: C:\Repos\KLA_NET6\NumberConverter_Tests\bin\Release\net6.0\fine-code-coverage\build-output\NumberConverter_Tests.dll
TpTrace Verbose: 0 : 39784, 1, 2024/06/21, 15:54:11.706, 8018230608282, vstest.console.dll, ParallelOperationManager.RunWorkInParallel: Started host in slot number 0 for work (source): C:\Repos\KLA_NET6\NumberConverter_Tests\bin\Release\net6.0\fine-code-coverage\build-output\NumberConverter_Tests.dll.
TpTrace Verbose: 0 : 39784, 1, 2024/06/21, 15:54:11.707, 8018230616161, vstest.console.dll, ParallelOperationManager.RunWorkInParallel: We started 1 work items, which is the max parallel level. Won't start more work.
TpTrace Verbose: 0 : 39784, 5, 2024/06/21, 15:54:11.707, 8018230616482, vstest.console.dll, ParallelProxyExecutionManager.StartTestRunOnConcurrentManager: Initializing uninitialized client. Started clients: 0
TpTrace Verbose: 0 : 39784, 1, 2024/06/21, 15:54:11.707, 8018230616798, vstest.console.dll, ParallelOperationManager.RunWorkInParallel: We started 1 work items in here, returning True.
TpTrace Information: 0 : 39784, 1, 2024/06/21, 15:54:11.707, 8018230617648, vstest.console.dll, TestRunRequest.ExecuteAsync: Started.
TpTrace Verbose: 0 : 39784, 5, 2024/06/21, 15:54:11.707, 8018230617926, vstest.console.dll, DataCollectionRequestSender.InitializeCommunication : Initialize communication. 
TpTrace Verbose: 0 : 39784, 1, 2024/06/21, 15:54:11.707, 8018230621211, vstest.console.dll, TestRunRequest.WaitForCompletion: Waiting with timeout -1.
TpTrace Information: 0 : 39784, 5, 2024/06/21, 15:54:11.713, 8018230674792, vstest.console.dll, Listening on Endpoint : 127.0.0.1:55885
TpTrace Verbose: 0 : 39784, 5, 2024/06/21, 15:54:11.717, 8018230712705, vstest.console.dll, DotnetDataCollectionLauncher: Adding  --runtimeconfig "C:\Program Files\dotnet\sdk\8.0.300\datacollector.runtimeconfig.json" in args
TpTrace Verbose: 0 : 39784, 5, 2024/06/21, 15:54:11.717, 8018230713701, vstest.console.dll, DotnetDataCollectionLauncher: Adding  --depsfile "C:\Program Files\dotnet\sdk\8.0.300\datacollector.deps.json" in args
TpTrace Verbose: 0 : 39784, 5, 2024/06/21, 15:54:11.717, 8018230715034, vstest.console.dll, DotnetDataCollectionLauncher: Full path of dotnet.exe is C:\Program Files\dotnet\dotnet.exe
TpTrace Information: 0 : 39784, 5, 2024/06/21, 15:54:11.723, 8018230778835, vstest.console.dll, ProxyDataCollectionManager.Initialize: Launched datacollector processId: 18084 port: 55885
TpTrace Information: 0 : 39784, 5, 2024/06/21, 15:54:11.723, 8018230780703, vstest.console.dll, ProxyDataCollectionManager.Initialize: waiting for connection with timeout: 90 seconds
TpTrace Verbose: 0 : 39784, 5, 2024/06/21, 15:54:11.723, 8018230781371, vstest.console.dll, DataCollectionRequestSender.WaitForRequestHandlerConnection : Waiting for connection with timeout: 90000
TpTrace Information: 0 : 39784, 7, 2024/06/21, 15:54:11.818, 8018231731850, vstest.console.dll, Using the buffer size of 16384 bytes
TpTrace Information: 0 : 39784, 7, 2024/06/21, 15:54:11.819, 8018231732885, vstest.console.dll, Accepted Client request and set the flag
TpTrace Verbose: 0 : 39784, 5, 2024/06/21, 15:54:11.818, 8018231732290, vstest.console.dll, SocketCommunicationManager.WaitForClientConnection took: 95 ms, with 90000 ms timeout, and finished with True.
TpTrace Verbose: 0 : 39784, 5, 2024/06/21, 15:54:11.819, 8018231734715, vstest.console.dll, ProxyDataCollectionManager.InvokeDataCollectionServiceAction: Starting.
TpTrace Information: 0 : 39784, 5, 2024/06/21, 15:54:11.819, 8018231735430, vstest.console.dll, ProxyDataCollectionManager.BeforeTestRunStart: Get environment variable and port for datacollector processId: 18084 port: 55885
TpTrace Verbose: 0 : 39784, 5, 2024/06/21, 15:54:11.819, 8018231736117, vstest.console.dll, DataCollectionRequestSender.SendBeforeTestRunStartAndGetResult: Send BeforeTestRunStart message with settingsXml <RunSettings><RunConfiguration><ResultsDirectory>C:\Repos\KLA_NET6\NumberConverter_Tests\bin\Release\net6.0\fine-code-coverage\coverage-tool-output</ResultsDirectory><TargetPlatform>X64</TargetPlatform><TargetFrameworkVersion>.NETCoreApp,Version=v6.0</TargetFrameworkVersion><DesignMode>False</DesignMode><CollectSourceInformation>False</CollectSourceInformation><TestAdaptersPaths>C:\Program Files\dotnet\sdk\8.0.300\Extensions</TestAdaptersPaths></RunConfiguration><LoggerRunSettings><Loggers><Logger friendlyName="blame" enabled="True" /><Logger friendlyName="Console" uri="logger://microsoft/TestPlatform/ConsoleLogger/v1" assemblyQualifiedName="Microsoft.VisualStudio.TestPlatform.CommandLine.Internal.ConsoleLogger, vstest.console, Version=15.0.0.0, Culture=neutral, PublicKeyToken=b03f5f7f11d50a3a" codeBase="C:\Program Files\dotnet\sdk\8.0.300\vstest.console.dll" enabled="True" /></Loggers></LoggerRunSettings><DataCollectionRunSettings><DataCollectors><DataCollector friendlyName="blame" enabled="True"><Configuration><ResultsDirectory>C:\Repos\KLA_NET6\NumberConverter_Tests\bin\Release\net6.0\fine-code-coverage\coverage-tool-output</ResultsDirectory></Configuration></DataCollector></DataCollectors></DataCollectionRunSettings></RunSettings> and sources System.Collections.Generic.List`1[System.String]: 
TpTrace Verbose: 0 : 39784, 5, 2024/06/21, 15:54:11.886, 8018232411617, vstest.console.dll, DataCollectionRequestSender.SendBeforeTestRunStartAndGetResult: Received message: (DataCollection.SendMessage) -> {"MessageType":"DataCollection.SendMessage","Payload":{"FriendlyName":null,"Uri":null,"TestCaseId":"00000000-0000-0000-0000-000000000000","Message":"Logging DataCollector Diagnostics in file: C:\\Repos\\KLA_NET6\\NumberConverter_Tests\\bin\\Release\\net6.0\\fine-code-coverage\\coverage-tool-output\\diagnostics.datacollector.24-06-21_15-54-11_71670_5.log","Level":0}}
TpTrace Verbose: 0 : 39784, 5, 2024/06/21, 15:54:11.961, 8018233152916, vstest.console.dll, DataCollectionRequestSender.SendBeforeTestRunStartAndGetResult: Received message: (DataCollection.BeforeTestRunStartResult) -> {"MessageType":"DataCollection.BeforeTestRunStartResult","Payload":{"EnvironmentVariables":{},"DataCollectionEventsPort":55887}}
TpTrace Information: 0 : 39784, 5, 2024/06/21, 15:54:11.966, 8018233208233, vstest.console.dll, ProxyDataCollectionManager.BeforeTestRunStart: SendBeforeTestRunStartAndGetResult successful, env variable from datacollector:   and testhost port: 55887
TpTrace Information: 0 : 39784, 5, 2024/06/21, 15:54:11.966, 8018233209194, vstest.console.dll, ProxyDataCollectionManager.InvokeDataCollectionServiceAction: Completed.
TpTrace Verbose: 0 : 39784, 5, 2024/06/21, 15:54:11.966, 8018233209517, vstest.console.dll, ParallelProxyExecutionManager.StartTestRunOnConcurrentManager: Initializing test run. Started clients: 0
TpTrace Verbose: 0 : 39784, 5, 2024/06/21, 15:54:11.966, 8018233210251, vstest.console.dll, ProxyExecutionManager: Test host is always Lazy initialize.
TpTrace Verbose: 0 : 39784, 5, 2024/06/21, 15:54:11.966, 8018233211884, vstest.console.dll, TestRequestSender.InitializeCommunication: initialize communication. 
TpTrace Information: 0 : 39784, 5, 2024/06/21, 15:54:11.967, 8018233215877, vstest.console.dll, SocketServer.Start: Listening on endpoint : 127.0.0.1:55888
TpTrace Verbose: 0 : 39784, 5, 2024/06/21, 15:54:11.967, 8018233221758, vstest.console.dll, DotnetTestHostmanager.GetTestHostProcessStartInfo: Platform environment 'X64' target architecture 'X64' framework '.NETCoreApp,Version=v6.0' OS 'Windows'
TpTrace Verbose: 0 : 39784, 5, 2024/06/21, 15:54:11.968, 8018233223753, vstest.console.dll, DotnetTestHostmanager: Adding  --runtimeconfig "C:\Repos\KLA_NET6\NumberConverter_Tests\bin\Release\net6.0\fine-code-coverage\build-output\NumberConverter_Tests.runtimeconfig.json" in args
TpTrace Verbose: 0 : 39784, 5, 2024/06/21, 15:54:11.968, 8018233224533, vstest.console.dll, DotnetTestHostmanager: Adding  --depsfile "C:\Repos\KLA_NET6\NumberConverter_Tests\bin\Release\net6.0\fine-code-coverage\build-output\NumberConverter_Tests.deps.json" in args
TpTrace Verbose: 0 : 39784, 5, 2024/06/21, 15:54:11.968, 8018233225939, vstest.console.dll, DotnetTestHostmanager.IsWinOnArm: Current PROCESSOR_ARCHITECTURE from environment variable 'AMD64'
TpTrace Verbose: 0 : 39784, 5, 2024/06/21, 15:54:11.968, 8018233226485, vstest.console.dll, DotnetTestHostmanager.IsWinOnArm: Is Windows on ARM 'False'
TpTrace Verbose: 0 : 39784, 5, 2024/06/21, 15:54:11.968, 8018233227218, vstest.console.dll, DotnetTestHostManager: testhost.exe found at path: C:\Repos\KLA_NET6\NumberConverter_Tests\bin\Release\net6.0\fine-code-coverage\build-output\testhost.exe
TpTrace Verbose: 0 : 39784, 5, 2024/06/21, 15:54:11.968, 8018233227569, vstest.console.dll, DotnetTestHostmanager: Full path of host exe is C:\Repos\KLA_NET6\NumberConverter_Tests\bin\Release\net6.0\fine-code-coverage\build-output\testhost.exe
TpTrace Verbose: 0 : 39784, 5, 2024/06/21, 15:54:11.968, 8018233228442, vstest.console.dll, DotnetTestHostmanager.LaunchTestHostAsync: Found 'VSTEST_WINAPPHOST_DOTNET_ROOT' in env variables, value 'C:\Program Files\dotnet', forwarding to 'DOTNET_ROOT'
TpTrace Verbose: 0 : 39784, 5, 2024/06/21, 15:54:11.968, 8018233229455, vstest.console.dll, DotnetTestHostManager: Starting process 'C:\Repos\KLA_NET6\NumberConverter_Tests\bin\Release\net6.0\fine-code-coverage\build-output\testhost.exe' with command line ' --runtimeconfig "C:\Repos\KLA_NET6\NumberConverter_Tests\bin\Release\net6.0\fine-code-coverage\build-output\NumberConverter_Tests.runtimeconfig.json" --depsfile "C:\Repos\KLA_NET6\NumberConverter_Tests\bin\Release\net6.0\fine-code-coverage\build-output\NumberConverter_Tests.deps.json" --port 55888 --endpoint 127.0.0.1:055888 --role client --parentprocessid 39784 --diag "C:\Repos\KLA_NET6\NumberConverter_Tests\bin\Release\net6.0\fine-code-coverage\coverage-tool-output\diagnostics.host.24-06-21_15-54-11_96765_5.log" --tracelevel 4 --datacollectionport 55887 --telemetryoptedin false'
TpTrace Verbose: 0 : 39784, 5, 2024/06/21, 15:54:11.978, 8018233323051, vstest.console.dll, MulticastDelegateUtilities.SafeInvoke: HostProviderEvents.OnHostLaunched: Invoking callback 1/2 for Microsoft.VisualStudio.TestPlatform.CrossPlatEngine.Client.ProxyExecutionManagerWithDataCollection., took 1 ms.
TpTrace Verbose: 0 : 39784, 5, 2024/06/21, 15:54:11.978, 8018233326686, vstest.console.dll, Test Runtime launched
TpTrace Verbose: 0 : 39784, 5, 2024/06/21, 15:54:11.978, 8018233327710, vstest.console.dll, MulticastDelegateUtilities.SafeInvoke: HostProviderEvents.OnHostLaunched: Invoking callback 2/2 for Microsoft.VisualStudio.TestPlatform.CrossPlatEngine.Client.ProxyOperationManager., took 0 ms.
TpTrace Verbose: 0 : 39784, 5, 2024/06/21, 15:54:11.978, 8018233329289, vstest.console.dll, TestRequestSender.WaitForRequestHandlerConnection: waiting for connection with timeout: 90000.
TpTrace Verbose: 0 : 39784, 5, 2024/06/21, 15:54:12.103, 8018234580222, vstest.console.dll, TestRequestSender.WaitForRequestHandlerConnection: waiting took 125 ms, with timeout 90000 ms, and result 0, which is success.
TpTrace Verbose: 0 : 39784, 7, 2024/06/21, 15:54:12.103, 8018234580222, vstest.console.dll, MulticastDelegateUtilities.SafeInvoke: SocketServer: ClientConnected: Invoking callback 1/1 for Microsoft.VisualStudio.TestPlatform.CommunicationUtilities.TestRequestSender., took 0 ms.
TpTrace Verbose: 0 : 39784, 7, 2024/06/21, 15:54:12.104, 8018234582643, vstest.console.dll, SocketServer.OnClientConnected: Client connected for endPoint: 127.0.0.1:55888, starting MessageLoopAsync:
TpTrace Verbose: 0 : 39784, 13, 2024/06/21, 15:54:12.104, 8018234588173, vstest.console.dll, TcpClientExtensions.MessageLoopAsync: Polling on remoteEndPoint: 127.0.0.1:55889 localEndPoint: 127.0.0.1:55888 after 0 ms
TpTrace Verbose: 0 : 39784, 5, 2024/06/21, 15:54:12.104, 8018234591288, vstest.console.dll, TestRequestSender.CheckVersionWithTestHost: Sending check version message: {"MessageType":"ProtocolVersion","Payload":7}
TpTrace Verbose: 0 : 39784, 13, 2024/06/21, 15:54:12.206, 8018235610710, vstest.console.dll, TcpClientExtensions.MessageLoopAsync: NotifyDataAvailable remoteEndPoint: 127.0.0.1:55889 localEndPoint: 127.0.0.1:55888
TpTrace Verbose: 0 : 39784, 13, 2024/06/21, 15:54:12.207, 8018235613477, vstest.console.dll, TestRequestSender.CheckVersionWithTestHost: onMessageReceived received message: (ProtocolVersion) -> {"MessageType":"ProtocolVersion","Payload":7}
TpTrace Verbose: 0 : 39784, 13, 2024/06/21, 15:54:12.208, 8018235622707, vstest.console.dll, MulticastDelegateUtilities.SafeInvoke: LengthPrefixCommunicationChannel: MessageReceived: Invoking callback 1/1 for Microsoft.VisualStudio.TestPlatform.CommunicationUtilities.TestRequestSender+<>c__DisplayClass29_0., took 0 ms.
TpTrace Verbose: 0 : 39784, 13, 2024/06/21, 15:54:12.208, 8018235623535, vstest.console.dll, TcpClientExtensions.MessageLoopAsync: Polling on remoteEndPoint: 127.0.0.1:55889 localEndPoint: 127.0.0.1:55888 after 103 ms
TpTrace Verbose: 0 : 39784, 5, 2024/06/21, 15:54:12.208, 8018235624125, vstest.console.dll, TestPluginCache.GetExtensionPaths: Filtered extension paths: 
TpTrace Verbose: 0 : 39784, 5, 2024/06/21, 15:54:12.208, 8018235624826, vstest.console.dll, TestPluginCache.GetExtensionPaths: Added default extension paths: C:\Program Files\dotnet\sdk\8.0.300\Extensions\Microsoft.Diagnostics.NETCore.Client.dll
C:\Program Files\dotnet\sdk\8.0.300\Extensions\Microsoft.TestPlatform.Extensions.BlameDataCollector.dll
C:\Program Files\dotnet\sdk\8.0.300\Extensions\Microsoft.TestPlatform.Extensions.EventLogCollector.dll
C:\Program Files\dotnet\sdk\8.0.300\Extensions\Microsoft.TestPlatform.TestHostRuntimeProvider.dll
C:\Program Files\dotnet\sdk\8.0.300\Extensions\Microsoft.VisualStudio.TestPlatform.Extensions.Html.TestLogger.dll
C:\Program Files\dotnet\sdk\8.0.300\Extensions\Microsoft.VisualStudio.TestPlatform.Extensions.Trx.TestLogger.dll
TpTrace Verbose: 0 : 39784, 5, 2024/06/21, 15:54:12.208, 8018235625903, vstest.console.dll, TestPluginCache.GetExtensionPaths: Added unfilterableExtensionPaths: 
TpTrace Verbose: 0 : 39784, 5, 2024/06/21, 15:54:12.211, 8018235652595, vstest.console.dll, TestRequestSender.InitializeExecution: Sending initialize execution with message: {"Version":7,"MessageType":"TestExecution.Initialize","Payload":["C:\\Repos\\KLA_NET6\\NumberConverter_Tests\\bin\\Release\\net6.0\\fine-code-coverage\\build-output\\xunit.runner.visualstudio.dotnetcore.testadapter.dll"]}
TpTrace Verbose: 0 : 39784, 13, 2024/06/21, 15:54:12.211, 8018235653600, vstest.console.dll, TcpClientExtensions.MessageLoopAsync: NotifyDataAvailable remoteEndPoint: 127.0.0.1:55889 localEndPoint: 127.0.0.1:55888
TpTrace Verbose: 0 : 39784, 5, 2024/06/21, 15:54:12.211, 8018235654836, vstest.console.dll, ParallelProxyExecutionManager.StartTestRunOnConcurrentManager: Execution starting. Started clients: 1
TpTrace Verbose: 0 : 39784, 5, 2024/06/21, 15:54:12.211, 8018235657836, vstest.console.dll, TestRunRequest:SendTestRunMessage: Starting.
TpTrace Verbose: 0 : 39784, 5, 2024/06/21, 15:54:12.211, 8018235659709, vstest.console.dll, MulticastDelegateUtilities.SafeInvoke: TestRun.LogMessages: Invoking callback 1/1 for Microsoft.VisualStudio.TestPlatform.CommandLine.TestRunResultAggregator., took 0 ms.
TpTrace Information: 0 : 39784, 5, 2024/06/21, 15:54:12.211, 8018235660167, vstest.console.dll, TestRunRequest:SendTestRunMessage: Completed.
TpTrace Verbose: 0 : 39784, 4, 2024/06/21, 15:54:12.211, 8018235661731, vstest.console.dll, MulticastDelegateUtilities.SafeInvoke: InternalTestLoggerEvents.SendTestRunMessage: Invoking callback 1/1 for Microsoft.VisualStudio.TestPlatform.CommandLine.Internal.ConsoleLogger., took 0 ms.
TpTrace Warning: 0 : 39784, 5, 2024/06/21, 15:54:12.212, 8018235664525, vstest.console.dll, InferRunSettingsHelper.MakeRunsettingsCompatible: Removing the following settings: TargetPlatform from RunSettings file. To use those settings please move to latest version of Microsoft.NET.Test.Sdk
TpTrace Verbose: 0 : 39784, 13, 2024/06/21, 15:54:12.212, 8018235671055, vstest.console.dll, TestRequestSender.OnExecutionMessageReceived: Received message: {"Version":7,"MessageType":"TestSession.Message","Payload":{"MessageLevel":0,"Message":"Logging TestHost Diagnostics in file: C:\\Repos\\KLA_NET6\\NumberConverter_Tests\\bin\\Release\\net6.0\\fine-code-coverage\\coverage-tool-output\\diagnostics.host.24-06-21_15-54-11_96765_5.log"}}
TpTrace Verbose: 0 : 39784, 13, 2024/06/21, 15:54:12.215, 8018235697266, vstest.console.dll, TestRunRequest:SendTestRunMessage: Starting.
TpTrace Verbose: 0 : 39784, 13, 2024/06/21, 15:54:12.215, 8018235698458, vstest.console.dll, MulticastDelegateUtilities.SafeInvoke: TestRun.LogMessages: Invoking callback 1/1 for Microsoft.VisualStudio.TestPlatform.CommandLine.TestRunResultAggregator., took 0 ms.
TpTrace Information: 0 : 39784, 13, 2024/06/21, 15:54:12.215, 8018235698691, vstest.console.dll, TestRunRequest:SendTestRunMessage: Completed.
TpTrace Verbose: 0 : 39784, 4, 2024/06/21, 15:54:12.215, 8018235698723, vstest.console.dll, MulticastDelegateUtilities.SafeInvoke: InternalTestLoggerEvents.SendTestRunMessage: Invoking callback 1/1 for Microsoft.VisualStudio.TestPlatform.CommandLine.Internal.ConsoleLogger., took 0 ms.
TpTrace Verbose: 0 : 39784, 13, 2024/06/21, 15:54:12.215, 8018235698929, vstest.console.dll, MulticastDelegateUtilities.SafeInvoke: LengthPrefixCommunicationChannel: MessageReceived: Invoking callback 1/1 for Microsoft.VisualStudio.TestPlatform.CommunicationUtilities.TestRequestSender+<>c__DisplayClass34_0., took 2 ms.
TpTrace Verbose: 0 : 39784, 13, 2024/06/21, 15:54:12.215, 8018235699848, vstest.console.dll, TcpClientExtensions.MessageLoopAsync: Polling on remoteEndPoint: 127.0.0.1:55889 localEndPoint: 127.0.0.1:55888 after 7 ms
TpTrace Verbose: 0 : 39784, 5, 2024/06/21, 15:54:12.217, 8018235719886, vstest.console.dll, TestRequestSender.StartTestRun: Sending test run with message: {"Version":7,"MessageType":"TestExecution.StartWithSources","Payload":{"AdapterSourceMap":{"_none_":["C:\\Repos\\KLA_NET6\\NumberConverter_Tests\\bin\\Release\\net6.0\\fine-code-coverage\\build-output\\NumberConverter_Tests.dll"]},"RunSettings":"<RunSettings>\r\n  <RunConfiguration>\r\n    <ResultsDirectory>C:\\Repos\\KLA_NET6\\NumberConverter_Tests\\bin\\Release\\net6.0\\fine-code-coverage\\coverage-tool-output</ResultsDirectory>\r\n    <TargetFrameworkVersion>.NETCoreApp,Version=v6.0</TargetFrameworkVersion>\r\n    <DesignMode>False</DesignMode>\r\n    <CollectSourceInformation>False</CollectSourceInformation>\r\n  </RunConfiguration>\r\n  <LoggerRunSettings>\r\n    <Loggers>\r\n      <Logger friendlyName=\"blame\" enabled=\"True\" />\r\n      <Logger friendlyName=\"Console\" uri=\"logger://microsoft/TestPlatform/ConsoleLogger/v1\" assemblyQualifiedName=\"Microsoft.VisualStudio.TestPlatform.CommandLine.Internal.ConsoleLogger, vstest.console, Version=15.0.0.0, Culture=neutral, PublicKeyToken=b03f5f7f11d50a3a\" codeBase=\"C:\\Program Files\\dotnet\\sdk\\8.0.300\\vstest.console.dll\" enabled=\"True\" />\r\n    </Loggers>\r\n  </LoggerRunSettings>\r\n  <DataCollectionRunSettings>\r\n    <DataCollectors>\r\n      <DataCollector friendlyName=\"blame\" enabled=\"True\">\r\n        <Configuration>\r\n          <ResultsDirectory>C:\\Repos\\KLA_NET6\\NumberConverter_Tests\\bin\\Release\\net6.0\\fine-code-coverage\\coverage-tool-output</ResultsDirectory>\r\n        </Configuration>\r\n      </DataCollector>\r\n    </DataCollectors>\r\n  </DataCollectionRunSettings>\r\n</RunSettings>","TestExecutionContext":{"FrequencyOfRunStatsChangeEvent":10,"RunStatsChangeEventTimeout":"00:00:01.5000000","InIsolation":false,"KeepAlive":false,"AreTestCaseLevelEventsRequired":false,"IsDebug":false,"TestCaseFilter":null,"FilterOptions":null},"Package":null}}
TpTrace Verbose: 0 : 39784, 5, 2024/06/21, 15:54:12.218, 8018235723088, vstest.console.dll, ParallelProxyExecutionManager.StartTestRunOnConcurrentManager: Execution started. Started clients: 1
TpTrace Verbose: 0 : 39784, 13, 2024/06/21, 15:54:12.347, 8018237016772, vstest.console.dll, TcpClientExtensions.MessageLoopAsync: NotifyDataAvailable remoteEndPoint: 127.0.0.1:55889 localEndPoint: 127.0.0.1:55888
TpTrace Verbose: 0 : 39784, 13, 2024/06/21, 15:54:12.347, 8018237018774, vstest.console.dll, TestRequestSender.OnExecutionMessageReceived: Received message: {"Version":7,"MessageType":"TestSession.Message","Payload":{"MessageLevel":0,"Message":"[xUnit.net 00:00:00.00] xUnit.net VSTest Adapter v2.4.5+1caef2f33e (64-bit .NET 6.0.30)"}}
TpTrace Verbose: 0 : 39784, 13, 2024/06/21, 15:54:12.347, 8018237020528, vstest.console.dll, TestRunRequest:SendTestRunMessage: Starting.
TpTrace Verbose: 0 : 39784, 13, 2024/06/21, 15:54:12.347, 8018237021393, vstest.console.dll, MulticastDelegateUtilities.SafeInvoke: TestRun.LogMessages: Invoking callback 1/1 for Microsoft.VisualStudio.TestPlatform.CommandLine.TestRunResultAggregator., took 0 ms.
TpTrace Information: 0 : 39784, 13, 2024/06/21, 15:54:12.347, 8018237021645, vstest.console.dll, TestRunRequest:SendTestRunMessage: Completed.
TpTrace Verbose: 0 : 39784, 4, 2024/06/21, 15:54:12.347, 8018237021801, vstest.console.dll, MulticastDelegateUtilities.SafeInvoke: InternalTestLoggerEvents.SendTestRunMessage: Invoking callback 1/1 for Microsoft.VisualStudio.TestPlatform.CommandLine.Internal.ConsoleLogger., took 0 ms.
TpTrace Verbose: 0 : 39784, 13, 2024/06/21, 15:54:12.347, 8018237021905, vstest.console.dll, MulticastDelegateUtilities.SafeInvoke: LengthPrefixCommunicationChannel: MessageReceived: Invoking callback 1/1 for Microsoft.VisualStudio.TestPlatform.CommunicationUtilities.TestRequestSender+<>c__DisplayClass34_0., took 0 ms.
TpTrace Verbose: 0 : 39784, 13, 2024/06/21, 15:54:12.348, 8018237023751, vstest.console.dll, TcpClientExtensions.MessageLoopAsync: Polling on remoteEndPoint: 127.0.0.1:55889 localEndPoint: 127.0.0.1:55888 after 132 ms
TpTrace Verbose: 0 : 39784, 13, 2024/06/21, 15:54:12.782, 8018241362898, vstest.console.dll, TcpClientExtensions.MessageLoopAsync: NotifyDataAvailable remoteEndPoint: 127.0.0.1:55889 localEndPoint: 127.0.0.1:55888
TpTrace Verbose: 0 : 39784, 13, 2024/06/21, 15:54:12.782, 8018241365315, vstest.console.dll, TestRequestSender.OnExecutionMessageReceived: Received message: {"Version":7,"MessageType":"TestSession.Message","Payload":{"MessageLevel":0,"Message":"[xUnit.net 00:00:00.43]   Discovering: NumberConverter_Tests"}}
TpTrace Verbose: 0 : 39784, 13, 2024/06/21, 15:54:12.782, 8018241366729, vstest.console.dll, TestRunRequest:SendTestRunMessage: Starting.
TpTrace Verbose: 0 : 39784, 13, 2024/06/21, 15:54:12.782, 8018241367522, vstest.console.dll, MulticastDelegateUtilities.SafeInvoke: TestRun.LogMessages: Invoking callback 1/1 for Microsoft.VisualStudio.TestPlatform.CommandLine.TestRunResultAggregator., took 0 ms.
TpTrace Information: 0 : 39784, 13, 2024/06/21, 15:54:12.782, 8018241367872, vstest.console.dll, TestRunRequest:SendTestRunMessage: Completed.
TpTrace Verbose: 0 : 39784, 4, 2024/06/21, 15:54:12.782, 8018241367868, vstest.console.dll, MulticastDelegateUtilities.SafeInvoke: InternalTestLoggerEvents.SendTestRunMessage: Invoking callback 1/1 for Microsoft.VisualStudio.TestPlatform.CommandLine.Internal.ConsoleLogger., took 0 ms.
TpTrace Verbose: 0 : 39784, 13, 2024/06/21, 15:54:12.782, 8018241369081, vstest.console.dll, MulticastDelegateUtilities.SafeInvoke: LengthPrefixCommunicationChannel: MessageReceived: Invoking callback 1/1 for Microsoft.VisualStudio.TestPlatform.CommunicationUtilities.TestRequestSender+<>c__DisplayClass34_0., took 0 ms.
TpTrace Verbose: 0 : 39784, 13, 2024/06/21, 15:54:12.782, 8018241369588, vstest.console.dll, TcpClientExtensions.MessageLoopAsync: Polling on remoteEndPoint: 127.0.0.1:55889 localEndPoint: 127.0.0.1:55888 after 434 ms
TpTrace Verbose: 0 : 39784, 13, 2024/06/21, 15:54:12.830, 8018241850362, vstest.console.dll, TcpClientExtensions.MessageLoopAsync: NotifyDataAvailable remoteEndPoint: 127.0.0.1:55889 localEndPoint: 127.0.0.1:55888
TpTrace Verbose: 0 : 39784, 13, 2024/06/21, 15:54:12.831, 8018241853625, vstest.console.dll, TestRequestSender.OnExecutionMessageReceived: Received message: {"Version":7,"MessageType":"TestSession.Message","Payload":{"MessageLevel":0,"Message":"[xUnit.net 00:00:00.48]   Discovered:  NumberConverter_Tests"}}
TpTrace Verbose: 0 : 39784, 13, 2024/06/21, 15:54:12.831, 8018241855951, vstest.console.dll, TestRunRequest:SendTestRunMessage: Starting.
TpTrace Verbose: 0 : 39784, 13, 2024/06/21, 15:54:12.831, 8018241857260, vstest.console.dll, MulticastDelegateUtilities.SafeInvoke: TestRun.LogMessages: Invoking callback 1/1 for Microsoft.VisualStudio.TestPlatform.CommandLine.TestRunResultAggregator., took 0 ms.
TpTrace Verbose: 0 : 39784, 4, 2024/06/21, 15:54:12.831, 8018241857741, vstest.console.dll, MulticastDelegateUtilities.SafeInvoke: InternalTestLoggerEvents.SendTestRunMessage: Invoking callback 1/1 for Microsoft.VisualStudio.TestPlatform.CommandLine.Internal.ConsoleLogger., took 0 ms.
TpTrace Information: 0 : 39784, 13, 2024/06/21, 15:54:12.831, 8018241857852, vstest.console.dll, TestRunRequest:SendTestRunMessage: Completed.
TpTrace Verbose: 0 : 39784, 13, 2024/06/21, 15:54:12.831, 8018241859172, vstest.console.dll, MulticastDelegateUtilities.SafeInvoke: LengthPrefixCommunicationChannel: MessageReceived: Invoking callback 1/1 for Microsoft.VisualStudio.TestPlatform.CommunicationUtilities.TestRequestSender+<>c__DisplayClass34_0., took 0 ms.
TpTrace Verbose: 0 : 39784, 13, 2024/06/21, 15:54:12.831, 8018241859642, vstest.console.dll, TcpClientExtensions.MessageLoopAsync: Polling on remoteEndPoint: 127.0.0.1:55889 localEndPoint: 127.0.0.1:55888 after 48 ms
TpTrace Verbose: 0 : 39784, 13, 2024/06/21, 15:54:12.833, 8018241874127, vstest.console.dll, TcpClientExtensions.MessageLoopAsync: NotifyDataAvailable remoteEndPoint: 127.0.0.1:55889 localEndPoint: 127.0.0.1:55888
TpTrace Verbose: 0 : 39784, 13, 2024/06/21, 15:54:12.833, 8018241875253, vstest.console.dll, TestRequestSender.OnExecutionMessageReceived: Received message: {"Version":7,"MessageType":"TestSession.Message","Payload":{"MessageLevel":0,"Message":"[xUnit.net 00:00:00.48]   Starting:    NumberConverter_Tests"}}
TpTrace Verbose: 0 : 39784, 13, 2024/06/21, 15:54:12.833, 8018241876771, vstest.console.dll, TestRunRequest:SendTestRunMessage: Starting.
TpTrace Verbose: 0 : 39784, 13, 2024/06/21, 15:54:12.833, 8018241877446, vstest.console.dll, MulticastDelegateUtilities.SafeInvoke: TestRun.LogMessages: Invoking callback 1/1 for Microsoft.VisualStudio.TestPlatform.CommandLine.TestRunResultAggregator., took 0 ms.
TpTrace Information: 0 : 39784, 13, 2024/06/21, 15:54:12.833, 8018241877870, vstest.console.dll, TestRunRequest:SendTestRunMessage: Completed.
TpTrace Verbose: 0 : 39784, 13, 2024/06/21, 15:54:12.833, 8018241878338, vstest.console.dll, MulticastDelegateUtilities.SafeInvoke: LengthPrefixCommunicationChannel: MessageReceived: Invoking callback 1/1 for Microsoft.VisualStudio.TestPlatform.CommunicationUtilities.TestRequestSender+<>c__DisplayClass34_0., took 0 ms.
TpTrace Verbose: 0 : 39784, 13, 2024/06/21, 15:54:12.833, 8018241879042, vstest.console.dll, TcpClientExtensions.MessageLoopAsync: Polling on remoteEndPoint: 127.0.0.1:55889 localEndPoint: 127.0.0.1:55888 after 1 ms
TpTrace Verbose: 0 : 39784, 4, 2024/06/21, 15:54:12.833, 8018241879588, vstest.console.dll, MulticastDelegateUtilities.SafeInvoke: InternalTestLoggerEvents.SendTestRunMessage: Invoking callback 1/1 for Microsoft.VisualStudio.TestPlatform.CommandLine.Internal.ConsoleLogger., took 0 ms.
TpTrace Verbose: 0 : 39784, 13, 2024/06/21, 15:54:12.944, 8018242987349, vstest.console.dll, TcpClientExtensions.MessageLoopAsync: NotifyDataAvailable remoteEndPoint: 127.0.0.1:55889 localEndPoint: 127.0.0.1:55888
TpTrace Verbose: 0 : 39784, 13, 2024/06/21, 15:54:12.944, 8018242992289, vstest.console.dll, TestRequestSender.OnExecutionMessageReceived: Received message: {"Version":7,"MessageType":"TestExecution.StatsChange","Payload":{"NewTestResults":[{"TestCase":{"Id":"8407ff5d-4de4-c311-841c-8e82f8eaaeb2","FullyQualifiedName":"NumberConverter_Tests.ConvertLogicTests.AmountToWords_ValidAmount_ReturnsCorrectWords","DisplayName":"NumberConverter_Tests.ConvertLogicTests.AmountToWords_ValidAmount_ReturnsCorrectWords(amount: \"19\", expectedWords: \"nineteen dollars\")","ExecutorUri":"executor://xunit/VsTestRunner2/netcoreapp","Source":"C:\\Repos\\KLA_NET6\\NumberConverter_Tests\\bin\\Release\\net6.0\\fine-code-coverage\\build-output\\NumberConverter_Tests.dll","CodeFilePath":null,"LineNumber":0,"Properties":[]},"Attachments":[],"Outcome":1,"ErrorMessage":null,"ErrorStackTrace":null,"DisplayName":"NumberConverter_Tests.ConvertLogicTests.AmountToWords_ValidAmount_ReturnsCorrectWords(amount: \"19\", expectedWords: \"nineteen dollars\")","Messages":[],"ComputerName":"TUF1","Duration":"00:00:00.0039054","StartTime":"2024-06-21T13:54:12.8958324+00:00","EndTime":"2024-06-21T13:54:12.895849+00:00","Properties":[]},{"TestCase":{"Id":"d4f848b5-f32b-7ddf-4d58-17e005f3fefe","FullyQualifiedName":"NumberConverter_Tests.ConvertLogicTests.AmountToWords_ValidAmount_ReturnsCorrectWords","DisplayName":"NumberConverter_Tests.ConvertLogicTests.AmountToWords_ValidAmount_ReturnsCorrectWords(amount: \"1001\", expectedWords: \"one thousand one dollars\")","ExecutorUri":"executor://xunit/VsTestRunner2/netcoreapp","Source":"C:\\Repos\\KLA_NET6\\NumberConverter_Tests\\bin\\Release\\net6.0\\fine-code-coverage\\build-output\\NumberConverter_Tests.dll","CodeFilePath":null,"LineNumber":0,"Properties":[]},"Attachments":[],"Outcome":1,"ErrorMessage":null,"ErrorStackTrace":null,"DisplayName":"NumberConverter_Tests.ConvertLogicTests.AmountToWords_ValidAmount_ReturnsCorrectWords(amount: \"1001\", expectedWords: \"one thousand one dollars\")","Messages":[],"ComputerName":"TUF1","Duration":"00:00:00.0000309","StartTime":"2024-06-21T13:54:12.9131484+00:00","EndTime":"2024-06-21T13:54:12.9131485+00:00","Properties":[]},{"TestCase":{"Id":"a72515be-18ed-9aa2-e3f8-d3eb86104a7c","FullyQualifiedName":"NumberConverter_Tests.ConvertLogicTests.AmountToWords_ValidAmount_ReturnsCorrectWords","DisplayName":"NumberConverter_Tests.ConvertLogicTests.AmountToWords_ValidAmount_ReturnsCorrectWords(amount: \"21\", expectedWords: \"twenty-one dollars\")","ExecutorUri":"executor://xunit/VsTestRunner2/netcoreapp","Source":"C:\\Repos\\KLA_NET6\\NumberConverter_Tests\\bin\\Release\\net6.0\\fine-code-coverage\\build-output\\NumberConverter_Tests.dll","CodeFilePath":null,"LineNumber":0,"Properties":[]},"Attachments":[],"Outcome":1,"ErrorMessage":null,"ErrorStackTrace":null,"DisplayName":"NumberConverter_Tests.ConvertLogicTests.AmountToWords_ValidAmount_ReturnsCorrectWords(amount: \"21\", expectedWords: \"twenty-one dollars\")","Messages":[],"ComputerName":"TUF1","Duration":"00:00:00.0000029","StartTime":"2024-06-21T13:54:12.9151186+00:00","EndTime":"2024-06-21T13:54:12.9151187+00:00","Properties":[]},{"TestCase":{"Id":"74b6fbf1-feb8-2360-c871-463323659a11","FullyQualifiedName":"NumberConverter_Tests.ConvertLogicTests.AmountToWords_ValidAmount_ReturnsCorrectWords","DisplayName":"NumberConverter_Tests.ConvertLogicTests.AmountToWords_ValidAmount_ReturnsCorrectWords(amount: \"1000000\", expectedWords: \"one million dollars\")","ExecutorUri":"executor://xunit/VsTestRunner2/netcoreapp","Source":"C:\\Repos\\KLA_NET6\\NumberConverter_Tests\\bin\\Release\\net6.0\\fine-code-coverage\\build-output\\NumberConverter_Tests.dll","CodeFilePath":null,"LineNumber":0,"Properties":[]},"Attachments":[],"Outcome":1,"ErrorMessage":null,"ErrorStackTrace":null,"DisplayName":"NumberConverter_Tests.ConvertLogicTests.AmountToWords_ValidAmount_ReturnsCorrectWords(amount: \"1000000\", expectedWords: \"one million dollars\")","Messages":[],"ComputerName":"TUF1","Duration":"00:00:00.0000022","StartTime":"2024-06-21T13:54:12.9169787+00:00","EndTime":"2024-06-21T13:54:12.9169787+00:00","Properties":[]},{"TestCase":{"Id":"dddbd839-4781-53a0-7836-ccff556ba8ec","FullyQualifiedName":"NumberConverter_Tests.ConvertLogicTests.AmountToWords_ValidAmount_ReturnsCorrectWords","DisplayName":"NumberConverter_Tests.ConvertLogicTests.AmountToWords_ValidAmount_ReturnsCorrectWords(amount: \"105\", expectedWords: \"one hundred five dollars\")","ExecutorUri":"executor://xunit/VsTestRunner2/netcoreapp","Source":"C:\\Repos\\KLA_NET6\\NumberConverter_Tests\\bin\\Release\\net6.0\\fine-code-coverage\\build-output\\NumberConverter_Tests.dll","CodeFilePath":null,"LineNumber":0,"Properties":[]},"Attachments":[],"Outcome":1,"ErrorMessage":null,"ErrorStackTrace":null,"DisplayName":"NumberConverter_Tests.ConvertLogicTests.AmountToWords_ValidAmount_ReturnsCorrectWords(amount: \"105\", expectedWords: \"one hundred five dollars\")","Messages":[],"ComputerName":"TUF1","Duration":"00:00:00.0000020","StartTime":"2024-06-21T13:54:12.9184645+00:00","EndTime":"2024-06-21T13:54:12.9184646+00:00","Properties":[]},{"TestCase":{"Id":"bed3695a-19f2-fec6-8b5c-322d0eff89af","FullyQualifiedName":"NumberConverter_Tests.ConvertLogicTests.AmountToWords_ValidAmount_ReturnsCorrectWords","DisplayName":"NumberConverter_Tests.ConvertLogicTests.AmountToWords_ValidAmount_ReturnsCorrectWords(amount: \"0\", expectedWords: \"zero dollars\")","ExecutorUri":"executor://xunit/VsTestRunner2/netcoreapp","Source":"C:\\Repos\\KLA_NET6\\NumberConverter_Tests\\bin\\Release\\net6.0\\fine-code-coverage\\build-output\\NumberConverter_Tests.dll","CodeFilePath":null,"LineNumber":0,"Properties":[]},"Attachments":[],"Outcome":1,"ErrorMessage":null,"ErrorStackTrace":null,"DisplayName":"NumberConverter_Tests.ConvertLogicTests.AmountToWords_ValidAmount_ReturnsCorrectWords(amount: \"0\", expectedWords: \"zero dollars\")","Messages":[],"ComputerName":"TUF1","Duration":"00:00:00.0000023","StartTime":"2024-06-21T13:54:12.9197826+00:00","EndTime":"2024-06-21T13:54:12.9197827+00:00","Properties":[]},{"TestCase":{"Id":"87f1e8dc-cc9b-b60b-d85d-b43e3e1d2370","FullyQualifiedName":"NumberConverter_Tests.ConvertLogicTests.AmountToWords_ValidAmount_ReturnsCorrectWords","DisplayName":"NumberConverter_Tests.ConvertLogicTests.AmountToWords_ValidAmount_ReturnsCorrectWords(amount: \"999999999\", expectedWords: \"nine hundred ninety-nine million nine hundred nine\"...)","ExecutorUri":"executor://xunit/VsTestRunner2/netcoreapp","Source":"C:\\Repos\\KLA_NET6\\NumberConverter_Tests\\bin\\Release\\net6.0\\fine-code-coverage\\build-output\\NumberConverter_Tests.dll","CodeFilePath":null,"LineNumber":0,"Properties":[]},"Attachments":[],"Outcome":1,"ErrorMessage":null,"ErrorStackTrace":null,"DisplayName":"NumberConverter_Tests.ConvertLogicTests.AmountToWords_ValidAmount_ReturnsCorrectWords(amount: \"999999999\", expectedWords: \"nine hundred ninety-nine million nine hundred nine\"...)","Messages":[],"ComputerName":"TUF1","Duration":"00:00:00.0000030","StartTime":"2024-06-21T13:54:12.9211285+00:00","EndTime":"2024-06-21T13:54:12.9211285+00:00","Properties":[]},{"TestCase":{"Id":"d8694ba5-135f-d7aa-3b60-52911b869e07","FullyQualifiedName":"NumberConverter_Tests.ConvertLogicTests.AmountToWords_ValidAmount_ReturnsCorrectWords","DisplayName":"NumberConverter_Tests.ConvertLogicTests.AmountToWords_ValidAmount_ReturnsCorrectWords(amount: \"123123\", expectedWords: \"one hundred twenty-three thousand one hundred twen\"...)","ExecutorUri":"executor://xunit/VsTestRunner2/netcoreapp","Source":"C:\\Repos\\KLA_NET6\\NumberConverter_Tests\\bin\\Release\\net6.0\\fine-code-coverage\\build-output\\NumberConverter_Tests.dll","CodeFilePath":null,"LineNumber":0,"Properties":[]},"Attachments":[],"Outcome":1,"ErrorMessage":null,"ErrorStackTrace":null,"DisplayName":"NumberConverter_Tests.ConvertLogicTests.AmountToWords_ValidAmount_ReturnsCorrectWords(amount: \"123123\", expectedWords: \"one hundred twenty-three thousand one hundred twen\"...)","Messages":[],"ComputerName":"TUF1","Duration":"00:00:00.0000023","StartTime":"2024-06-21T13:54:12.9224632+00:00","EndTime":"2024-06-21T13:54:12.9224632+00:00","Properties":[]},{"TestCase":{"Id":"c1a802aa-1b33-12bb-fadc-0eaaee6d657f","FullyQualifiedName":"NumberConverter_Tests.ConvertLogicTests.AmountToWords_ValidAmount_ReturnsCorrectWords","DisplayName":"NumberConverter_Tests.ConvertLogicTests.AmountToWords_ValidAmount_ReturnsCorrectWords(amount: \"123\", expectedWords: \"one hundred twenty-three dollars\")","ExecutorUri":"executor://xunit/VsTestRunner2/netcoreapp","Source":"C:\\Repos\\KLA_NET6\\NumberConverter_Tests\\bin\\Release\\net6.0\\fine-code-coverage\\build-output\\NumberConverter_Tests.dll","CodeFilePath":null,"LineNumber":0,"Properties":[]},"Attachments":[],"Outcome":1,"ErrorMessage":null,"ErrorStackTrace":null,"DisplayName":"NumberConverter_Tests.ConvertLogicTests.AmountToWords_ValidAmount_ReturnsCorrectWords(amount: \"123\", expectedWords: \"one hundred twenty-three dollars\")","Messages":[],"ComputerName":"TUF1","Duration":"00:00:00.0000020","StartTime":"2024-06-21T13:54:12.9237865+00:00","EndTime":"2024-06-21T13:54:12.9237866+00:00","Properties":[]}],"TestRunStatistics":{"ExecutedTests":9,"Stats":{"Passed":9}},"ActiveTests":[{"Id":"d462f8c1-90f1-46dd-0e78-f2b6ad18eff8","FullyQualifiedName":"NumberConverter_Tests.ConvertLogicTests.AmountToWords_InvalidAmount_ThrowsException","DisplayName":"NumberConverter_Tests.ConvertLogicTests.AmountToWords_InvalidAmount_ThrowsException(amount: null)","ExecutorUri":"executor://xunit/VsTestRunner2/netcoreapp","Source":"C:\\Repos\\KLA_NET6\\NumberConverter_Tests\\bin\\Release\\net6.0\\fine-code-coverage\\build-output\\NumberConverter_Tests.dll","CodeFilePath":null,"LineNumber":0,"Properties":[]}]}}
TpTrace Verbose: 0 : 39784, 13, 2024/06/21, 15:54:12.965, 8018243194867, vstest.console.dll, TestRunRequest:SendTestRunStatsChange: Starting.
TpTrace Verbose: 0 : 39784, 13, 2024/06/21, 15:54:12.965, 8018243196614, vstest.console.dll, InProgress is NumberConverter_Tests.ConvertLogicTests.AmountToWords_InvalidAmount_ThrowsException(amount: null)
TpTrace Verbose: 0 : 39784, 13, 2024/06/21, 15:54:12.965, 8018243199044, vstest.console.dll, MulticastDelegateUtilities.SafeInvoke: TestRun.RunStatsChanged: Invoking callbacks was skipped because there are no subscribers.
TpTrace Information: 0 : 39784, 13, 2024/06/21, 15:54:12.965, 8018243199886, vstest.console.dll, TestRunRequest:SendTestRunStatsChange: Completed.
TpTrace Verbose: 0 : 39784, 13, 2024/06/21, 15:54:12.965, 8018243200394, vstest.console.dll, MulticastDelegateUtilities.SafeInvoke: LengthPrefixCommunicationChannel: MessageReceived: Invoking callback 1/1 for Microsoft.VisualStudio.TestPlatform.CommunicationUtilities.TestRequestSender+<>c__DisplayClass34_0., took 20 ms.
TpTrace Verbose: 0 : 39784, 13, 2024/06/21, 15:54:12.965, 8018243200873, vstest.console.dll, TcpClientExtensions.MessageLoopAsync: Polling on remoteEndPoint: 127.0.0.1:55889 localEndPoint: 127.0.0.1:55888 after 132 ms
TpTrace Verbose: 0 : 39784, 13, 2024/06/21, 15:54:12.965, 8018243201455, vstest.console.dll, TcpClientExtensions.MessageLoopAsync: NotifyDataAvailable remoteEndPoint: 127.0.0.1:55889 localEndPoint: 127.0.0.1:55888
TpTrace Verbose: 0 : 39784, 13, 2024/06/21, 15:54:12.965, 8018243202294, vstest.console.dll, TestRequestSender.OnExecutionMessageReceived: Received message: {"Version":7,"MessageType":"TestSession.Message","Payload":{"MessageLevel":0,"Message":"[xUnit.net 00:00:00.61]   Finished:    NumberConverter_Tests"}}
TpTrace Verbose: 0 : 39784, 13, 2024/06/21, 15:54:12.966, 8018243203600, vstest.console.dll, TestRunRequest:SendTestRunMessage: Starting.
TpTrace Verbose: 0 : 39784, 13, 2024/06/21, 15:54:12.966, 8018243204191, vstest.console.dll, MulticastDelegateUtilities.SafeInvoke: TestRun.LogMessages: Invoking callback 1/1 for Microsoft.VisualStudio.TestPlatform.CommandLine.TestRunResultAggregator., took 0 ms.
TpTrace Information: 0 : 39784, 13, 2024/06/21, 15:54:12.966, 8018243204656, vstest.console.dll, TestRunRequest:SendTestRunMessage: Completed.
TpTrace Verbose: 0 : 39784, 13, 2024/06/21, 15:54:12.966, 8018243205005, vstest.console.dll, MulticastDelegateUtilities.SafeInvoke: LengthPrefixCommunicationChannel: MessageReceived: Invoking callback 1/1 for Microsoft.VisualStudio.TestPlatform.CommunicationUtilities.TestRequestSender+<>c__DisplayClass34_0., took 0 ms.
TpTrace Verbose: 0 : 39784, 13, 2024/06/21, 15:54:12.966, 8018243205366, vstest.console.dll, TcpClientExtensions.MessageLoopAsync: Polling on remoteEndPoint: 127.0.0.1:55889 localEndPoint: 127.0.0.1:55888 after 0 ms
TpTrace Verbose: 0 : 39784, 4, 2024/06/21, 15:54:12.968, 8018243228375, vstest.console.dll, MulticastDelegateUtilities.SafeInvoke: InternalTestLoggerEvents.SendTestResult: Invoking callback 1/1 for Microsoft.VisualStudio.TestPlatform.CommandLine.Internal.ConsoleLogger., took 2 ms.
TpTrace Verbose: 0 : 39784, 4, 2024/06/21, 15:54:12.968, 8018243231658, vstest.console.dll, MulticastDelegateUtilities.SafeInvoke: InternalTestLoggerEvents.SendTestResult: Invoking callback 1/1 for Microsoft.VisualStudio.TestPlatform.CommandLine.Internal.ConsoleLogger., took 0 ms.
TpTrace Verbose: 0 : 39784, 4, 2024/06/21, 15:54:12.969, 8018243232690, vstest.console.dll, MulticastDelegateUtilities.SafeInvoke: InternalTestLoggerEvents.SendTestResult: Invoking callback 1/1 for Microsoft.VisualStudio.TestPlatform.CommandLine.Internal.ConsoleLogger., took 0 ms.
TpTrace Verbose: 0 : 39784, 4, 2024/06/21, 15:54:12.969, 8018243233286, vstest.console.dll, MulticastDelegateUtilities.SafeInvoke: InternalTestLoggerEvents.SendTestResult: Invoking callback 1/1 for Microsoft.VisualStudio.TestPlatform.CommandLine.Internal.ConsoleLogger., took 0 ms.
TpTrace Verbose: 0 : 39784, 4, 2024/06/21, 15:54:12.969, 8018243233875, vstest.console.dll, MulticastDelegateUtilities.SafeInvoke: InternalTestLoggerEvents.SendTestResult: Invoking callback 1/1 for Microsoft.VisualStudio.TestPlatform.CommandLine.Internal.ConsoleLogger., took 0 ms.
TpTrace Verbose: 0 : 39784, 4, 2024/06/21, 15:54:12.969, 8018243234384, vstest.console.dll, MulticastDelegateUtilities.SafeInvoke: InternalTestLoggerEvents.SendTestResult: Invoking callback 1/1 for Microsoft.VisualStudio.TestPlatform.CommandLine.Internal.ConsoleLogger., took 0 ms.
TpTrace Verbose: 0 : 39784, 4, 2024/06/21, 15:54:12.969, 8018243234859, vstest.console.dll, MulticastDelegateUtilities.SafeInvoke: InternalTestLoggerEvents.SendTestResult: Invoking callback 1/1 for Microsoft.VisualStudio.TestPlatform.CommandLine.Internal.ConsoleLogger., took 0 ms.
TpTrace Verbose: 0 : 39784, 4, 2024/06/21, 15:54:12.969, 8018243235516, vstest.console.dll, MulticastDelegateUtilities.SafeInvoke: InternalTestLoggerEvents.SendTestResult: Invoking callback 1/1 for Microsoft.VisualStudio.TestPlatform.CommandLine.Internal.ConsoleLogger., took 0 ms.
TpTrace Verbose: 0 : 39784, 4, 2024/06/21, 15:54:12.969, 8018243236064, vstest.console.dll, MulticastDelegateUtilities.SafeInvoke: InternalTestLoggerEvents.SendTestResult: Invoking callback 1/1 for Microsoft.VisualStudio.TestPlatform.CommandLine.Internal.ConsoleLogger., took 0 ms.
TpTrace Verbose: 0 : 39784, 4, 2024/06/21, 15:54:12.969, 8018243236537, vstest.console.dll, MulticastDelegateUtilities.SafeInvoke: InternalTestLoggerEvents.SendTestRunMessage: Invoking callback 1/1 for Microsoft.VisualStudio.TestPlatform.CommandLine.Internal.ConsoleLogger., took 0 ms.
TpTrace Verbose: 0 : 39784, 13, 2024/06/21, 15:54:12.983, 8018243374905, vstest.console.dll, TcpClientExtensions.MessageLoopAsync: NotifyDataAvailable remoteEndPoint: 127.0.0.1:55889 localEndPoint: 127.0.0.1:55888
TpTrace Verbose: 0 : 39784, 13, 2024/06/21, 15:54:12.983, 8018243378263, vstest.console.dll, TestRequestSender.OnExecutionMessageReceived: Received message: {"Version":7,"MessageType":"TestExecution.Completed","Payload":{"TestRunCompleteArgs":{"TestRunStatistics":{"ExecutedTests":18,"Stats":{"Passed":18}},"IsCanceled":false,"IsAborted":false,"Error":null,"AttachmentSets":[],"InvokedDataCollectors":[],"ElapsedTimeInRunningTests":"00:00:00.6279651","Metrics":{},"DiscoveredExtensions":{"TestDiscoverers":["Xunit.Runner.VisualStudio.VsTestRunner, xunit.runner.visualstudio.dotnetcore.testadapter, Version=2.4.0.0, Culture=neutral, PublicKeyToken=8d05b1bb7a6fdb6c"],"TestExecutors":["executor://xunit/VsTestRunner2/netcoreapp"],"TestExecutors2":[],"TestSettingsProviders":[]}},"LastRunTests":{"NewTestResults":[{"TestCase":{"Id":"d462f8c1-90f1-46dd-0e78-f2b6ad18eff8","FullyQualifiedName":"NumberConverter_Tests.ConvertLogicTests.AmountToWords_InvalidAmount_ThrowsException","DisplayName":"NumberConverter_Tests.ConvertLogicTests.AmountToWords_InvalidAmount_ThrowsException(amount: null)","ExecutorUri":"executor://xunit/VsTestRunner2/netcoreapp","Source":"C:\\Repos\\KLA_NET6\\NumberConverter_Tests\\bin\\Release\\net6.0\\fine-code-coverage\\build-output\\NumberConverter_Tests.dll","CodeFilePath":null,"LineNumber":0,"Properties":[]},"Attachments":[],"Outcome":1,"ErrorMessage":null,"ErrorStackTrace":null,"DisplayName":"NumberConverter_Tests.ConvertLogicTests.AmountToWords_InvalidAmount_ThrowsException(amount: null)","Messages":[],"ComputerName":"TUF1","Duration":"00:00:00.0004952","StartTime":"2024-06-21T13:54:12.9457592+00:00","EndTime":"2024-06-21T13:54:12.9457594+00:00","Properties":[]},{"TestCase":{"Id":"b3b09ec8-3d5c-bd62-344c-7dfe169b48c1","FullyQualifiedName":"NumberConverter_Tests.ConvertLogicTests.AmountToWords_InvalidAmount_ThrowsException","DisplayName":"NumberConverter_Tests.ConvertLogicTests.AmountToWords_InvalidAmount_ThrowsException(amount: \"abcd\")","ExecutorUri":"executor://xunit/VsTestRunner2/netcoreapp","Source":"C:\\Repos\\KLA_NET6\\NumberConverter_Tests\\bin\\Release\\net6.0\\fine-code-coverage\\build-output\\NumberConverter_Tests.dll","CodeFilePath":null,"LineNumber":0,"Properties":[]},"Attachments":[],"Outcome":1,"ErrorMessage":null,"ErrorStackTrace":null,"DisplayName":"NumberConverter_Tests.ConvertLogicTests.AmountToWords_InvalidAmount_ThrowsException(amount: \"abcd\")","Messages":[],"ComputerName":"TUF1","Duration":"00:00:00.0001139","StartTime":"2024-06-21T13:54:12.9481211+00:00","EndTime":"2024-06-21T13:54:12.9481211+00:00","Properties":[]},{"TestCase":{"Id":"f075afa5-c756-f5fe-3091-eaf6ea242924","FullyQualifiedName":"NumberConverter_Tests.ConvertLogicTests.AmountToWords_InvalidAmount_ThrowsException","DisplayName":"NumberConverter_Tests.ConvertLogicTests.AmountToWords_InvalidAmount_ThrowsException(amount: \"10000000000\")","ExecutorUri":"executor://xunit/VsTestRunner2/netcoreapp","Source":"C:\\Repos\\KLA_NET6\\NumberConverter_Tests\\bin\\Release\\net6.0\\fine-code-coverage\\build-output\\NumberConverter_Tests.dll","CodeFilePath":null,"LineNumber":0,"Properties":[]},"Attachments":[],"Outcome":1,"ErrorMessage":null,"ErrorStackTrace":null,"DisplayName":"NumberConverter_Tests.ConvertLogicTests.AmountToWords_InvalidAmount_ThrowsException(amount: \"10000000000\")","Messages":[],"ComputerName":"TUF1","Duration":"00:00:00.0000465","StartTime":"2024-06-21T13:54:12.9497053+00:00","EndTime":"2024-06-21T13:54:12.9497053+00:00","Properties":[]},{"TestCase":{"Id":"e2c1ddc9-3263-6e42-8c84-32e782000045","FullyQualifiedName":"NumberConverter_Tests.ConvertLogicTests.AmountToWords_InvalidAmount_ThrowsException","DisplayName":"NumberConverter_Tests.ConvertLogicTests.AmountToWords_InvalidAmount_ThrowsException(amount: \"\")","ExecutorUri":"executor://xunit/VsTestRunner2/netcoreapp","Source":"C:\\Repos\\KLA_NET6\\NumberConverter_Tests\\bin\\Release\\net6.0\\fine-code-coverage\\build-output\\NumberConverter_Tests.dll","CodeFilePath":null,"LineNumber":0,"Properties":[]},"Attachments":[],"Outcome":1,"ErrorMessage":null,"ErrorStackTrace":null,"DisplayName":"NumberConverter_Tests.ConvertLogicTests.AmountToWords_InvalidAmount_ThrowsException(amount: \"\")","Messages":[],"ComputerName":"TUF1","Duration":"00:00:00.0000339","StartTime":"2024-06-21T13:54:12.9512515+00:00","EndTime":"2024-06-21T13:54:12.9512515+00:00","Properties":[]},{"TestCase":{"Id":"5e3ef349-e787-f131-e7cd-cf8c8b1659da","FullyQualifiedName":"NumberConverter_Tests.ConvertLogicTests.AmountToWords_InvalidAmount_ThrowsException","DisplayName":"NumberConverter_Tests.ConvertLogicTests.AmountToWords_InvalidAmount_ThrowsException(amount: \"1000,1000,1000\")","ExecutorUri":"executor://xunit/VsTestRunner2/netcoreapp","Source":"C:\\Repos\\KLA_NET6\\NumberConverter_Tests\\bin\\Release\\net6.0\\fine-code-coverage\\build-output\\NumberConverter_Tests.dll","CodeFilePath":null,"LineNumber":0,"Properties":[]},"Attachments":[],"Outcome":1,"ErrorMessage":null,"ErrorStackTrace":null,"DisplayName":"NumberConverter_Tests.ConvertLogicTests.AmountToWords_InvalidAmount_ThrowsException(amount: \"1000,1000,1000\")","Messages":[],"ComputerName":"TUF1","Duration":"00:00:00.0000247","StartTime":"2024-06-21T13:54:12.952538+00:00","EndTime":"2024-06-21T13:54:12.952538+00:00","Properties":[]},{"TestCase":{"Id":"f27b9ed1-51ea-aff2-6cfa-df0179d2980f","FullyQualifiedName":"NumberConverter_Tests.ConvertLogicTests.AmountToWords_ValidAmountWithCents_ReturnsCorrectWords","DisplayName":"NumberConverter_Tests.ConvertLogicTests.AmountToWords_ValidAmountWithCents_ReturnsCorrectWords(amount: \"1000,50\", expectedWords: \"one thousand dollars and fifty cents\")","ExecutorUri":"executor://xunit/VsTestRunner2/netcoreapp","Source":"C:\\Repos\\KLA_NET6\\NumberConverter_Tests\\bin\\Release\\net6.0\\fine-code-coverage\\build-output\\NumberConverter_Tests.dll","CodeFilePath":null,"LineNumber":0,"Properties":[]},"Attachments":[],"Outcome":1,"ErrorMessage":null,"ErrorStackTrace":null,"DisplayName":"NumberConverter_Tests.ConvertLogicTests.AmountToWords_ValidAmountWithCents_ReturnsCorrectWords(amount: \"1000,50\", expectedWords: \"one thousand dollars and fifty cents\")","Messages":[],"ComputerName":"TUF1","Duration":"00:00:00.0000708","StartTime":"2024-06-21T13:54:12.9540928+00:00","EndTime":"2024-06-21T13:54:12.9540929+00:00","Properties":[]},{"TestCase":{"Id":"3eac6471-1757-804b-fbe3-44f9c67c639f","FullyQualifiedName":"NumberConverter_Tests.ConvertLogicTests.AmountToWords_ValidAmountWithCents_ReturnsCorrectWords","DisplayName":"NumberConverter_Tests.ConvertLogicTests.AmountToWords_ValidAmountWithCents_ReturnsCorrectWords(amount: \"123,45\", expectedWords: \"one hundred twenty-three dollars and forty-five ce\"...)","ExecutorUri":"executor://xunit/VsTestRunner2/netcoreapp","Source":"C:\\Repos\\KLA_NET6\\NumberConverter_Tests\\bin\\Release\\net6.0\\fine-code-coverage\\build-output\\NumberConverter_Tests.dll","CodeFilePath":null,"LineNumber":0,"Properties":[]},"Attachments":[],"Outcome":1,"ErrorMessage":null,"ErrorStackTrace":null,"DisplayName":"NumberConverter_Tests.ConvertLogicTests.AmountToWords_ValidAmountWithCents_ReturnsCorrectWords(amount: \"123,45\", expectedWords: \"one hundred twenty-three dollars and forty-five ce\"...)","Messages":[],"ComputerName":"TUF1","Duration":"00:00:00.0000045","StartTime":"2024-06-21T13:54:12.9555893+00:00","EndTime":"2024-06-21T13:54:12.9555893+00:00","Properties":[]},{"TestCase":{"Id":"f5466aee-be55-f0be-4375-88c337d68bd2","FullyQualifiedName":"NumberConverter_Tests.ConvertLogicTests.AmountToWords_ValidAmountWithCents_ReturnsCorrectWords","DisplayName":"NumberConverter_Tests.ConvertLogicTests.AmountToWords_ValidAmountWithCents_ReturnsCorrectWords(amount: \"0,99\", expectedWords: \"zero dollars and ninety-nine cents\")","ExecutorUri":"executor://xunit/VsTestRunner2/netcoreapp","Source":"C:\\Repos\\KLA_NET6\\NumberConverter_Tests\\bin\\Release\\net6.0\\fine-code-coverage\\build-output\\NumberConverter_Tests.dll","CodeFilePath":null,"LineNumber":0,"Properties":[]},"Attachments":[],"Outcome":1,"ErrorMessage":null,"ErrorStackTrace":null,"DisplayName":"NumberConverter_Tests.ConvertLogicTests.AmountToWords_ValidAmountWithCents_ReturnsCorrectWords(amount: \"0,99\", expectedWords: \"zero dollars and ninety-nine cents\")","Messages":[],"ComputerName":"TUF1","Duration":"00:00:00.0000031","StartTime":"2024-06-21T13:54:12.9570945+00:00","EndTime":"2024-06-21T13:54:12.9570945+00:00","Properties":[]},{"TestCase":{"Id":"e02cf609-c60b-8d78-d578-7565cb85111c","FullyQualifiedName":"NumberConverter_Tests.ConvertLogicTests.AmountToWords_ValidAmountWithCents_ReturnsCorrectWords","DisplayName":"NumberConverter_Tests.ConvertLogicTests.AmountToWords_ValidAmountWithCents_ReturnsCorrectWords(amount: \"1,01\", expectedWords: \"one dollar and one cent\")","ExecutorUri":"executor://xunit/VsTestRunner2/netcoreapp","Source":"C:\\Repos\\KLA_NET6\\NumberConverter_Tests\\bin\\Release\\net6.0\\fine-code-coverage\\build-output\\NumberConverter_Tests.dll","CodeFilePath":null,"LineNumber":0,"Properties":[]},"Attachments":[],"Outcome":1,"ErrorMessage":null,"ErrorStackTrace":null,"DisplayName":"NumberConverter_Tests.ConvertLogicTests.AmountToWords_ValidAmountWithCents_ReturnsCorrectWords(amount: \"1,01\", expectedWords: \"one dollar and one cent\")","Messages":[],"ComputerName":"TUF1","Duration":"00:00:00.0000029","StartTime":"2024-06-21T13:54:12.9586156+00:00","EndTime":"2024-06-21T13:54:12.9586157+00:00","Properties":[]}],"TestRunStatistics":{"ExecutedTests":18,"Stats":{"Passed":18}},"ActiveTests":[]},"RunAttachments":[],"ExecutorUris":["executor://xunit/VsTestRunner2/netcoreapp"]}}
TpTrace Verbose: 0 : 39784, 13, 2024/06/21, 15:54:12.983, 8018243380096, vstest.console.dll, TestRequestSender.EndSession: Sending end session.
TpTrace Verbose: 0 : 39784, 13, 2024/06/21, 15:54:12.984, 8018243382639, vstest.console.dll, ProxyOperationManager.Close: waiting for test host to exit for 100 ms
TpTrace Verbose: 0 : 39784, 11, 2024/06/21, 15:54:12.998, 8018243529589, vstest.console.dll, TestHostManagerCallbacks.ctor: Experimental forwarding output is disabled.
TpTrace Warning: 0 : 39784, 11, 2024/06/21, 15:54:12.998, 8018243531541, vstest.console.dll, TestHostManagerCallbacks.ErrorReceivedCallback Test host standard error line: 
TpTrace Verbose: 0 : 39784, 11, 2024/06/21, 15:54:13.012, 8018243670113, vstest.console.dll, TestHostProvider.ExitCallBack: Host exited starting callback.
TpTrace Information: 0 : 39784, 11, 2024/06/21, 15:54:13.012, 8018243671726, vstest.console.dll, TestHostManagerCallbacks.ExitCallBack: Testhost processId: 6556 exited with exitcode: 0 error: ''
TpTrace Verbose: 0 : 39784, 11, 2024/06/21, 15:54:13.012, 8018243672123, vstest.console.dll, DotnetTestHostManager.OnHostExited: invoking OnHostExited callback
TpTrace Verbose: 0 : 39784, 11, 2024/06/21, 15:54:13.013, 8018243672562, vstest.console.dll, CrossPlatEngine.TestHostManagerHostExited: calling on client process exit callback.
TpTrace Information: 0 : 39784, 11, 2024/06/21, 15:54:13.013, 8018243672970, vstest.console.dll, TestRequestSender.OnClientProcessExit: Test host process exited. Standard error: 
TpTrace Information: 0 : 39784, 11, 2024/06/21, 15:54:13.013, 8018243673301, vstest.console.dll, SocketServer.Stop: Stop server endPoint: 127.0.0.1:55888
TpTrace Information: 0 : 39784, 13, 2024/06/21, 15:54:13.013, 8018243673303, vstest.console.dll, SocketServer.Stop: Stop server endPoint: 127.0.0.1:55888
TpTrace Information: 0 : 39784, 11, 2024/06/21, 15:54:13.013, 8018243673524, vstest.console.dll, SocketServer.Stop: Cancellation requested. Stopping message loop.
TpTrace Information: 0 : 39784, 13, 2024/06/21, 15:54:13.013, 8018243674105, vstest.console.dll, SocketServer.Stop: Cancellation requested. Stopping message loop.
TpTrace Information: 0 : 39784, 13, 2024/06/21, 15:54:13.013, 8018243674924, vstest.console.dll, Closing the connection
TpTrace Verbose: 0 : 39784, 11, 2024/06/21, 15:54:13.013, 8018243675163, vstest.console.dll, MulticastDelegateUtilities.SafeInvoke: HostProviderEvents.OnHostExited: Invoking callback 1/1 for Microsoft.VisualStudio.TestPlatform.CrossPlatEngine.Client.ProxyOperationManager., took 0 ms.
TpTrace Verbose: 0 : 39784, 13, 2024/06/21, 15:54:13.013, 8018243676854, vstest.console.dll, ProxyDataCollectionManager.InvokeDataCollectionServiceAction: Starting.
TpTrace Information: 0 : 39784, 13, 2024/06/21, 15:54:13.013, 8018243677273, vstest.console.dll, ProxyDataCollectionManager.AfterTestRunEnd: Get attachment set and invoked data collectors processId: 18084 port: 55885
TpTrace Verbose: 0 : 39784, 13, 2024/06/21, 15:54:13.013, 8018243677617, vstest.console.dll, DataCollectionRequestSender.SendAfterTestRunStartAndGetResult: Send AfterTestRunEnd message with isCancelled: False
TpTrace Verbose: 0 : 39784, 13, 2024/06/21, 15:54:13.017, 8018243721075, vstest.console.dll, DataCollectionRequestSender.SendAfterTestRunStartAndGetResult: Received message: (DataCollection.AfterTestRunEndResult) -> {"MessageType":"DataCollection.AfterTestRunEndResult","Payload":{"AttachmentSets":[],"InvokedDataCollectors":[{"Uri":"datacollector://Microsoft/TestPlatform/Extensions/Blame/v1","FriendlyName":"Blame","AssemblyQualifiedName":"Microsoft.TestPlatform.Extensions.BlameDataCollector.BlameCollector, Microsoft.TestPlatform.Extensions.BlameDataCollector, Version=15.0.0.0, Culture=neutral, PublicKeyToken=b03f5f7f11d50a3a","FilePath":"C:\\Program Files\\dotnet\\sdk\\8.0.300\\Extensions\\Microsoft.TestPlatform.Extensions.BlameDataCollector.dll","HasAttachmentProcessor":false}],"Metrics":{}}}
TpTrace Information: 0 : 39784, 13, 2024/06/21, 15:54:13.021, 8018243758780, vstest.console.dll, ProxyDataCollectionManager.InvokeDataCollectionServiceAction: Completed.
TpTrace Warning: 0 : 39784, 10, 2024/06/21, 15:54:13.023, 8018243774899, vstest.console.dll, DataCollectionLauncher.ErrorReceivedCallback datacollector standard error line: 
TpTrace Information: 0 : 39784, 10, 2024/06/21, 15:54:13.030, 8018243850320, vstest.console.dll, DataCollectionLauncher.ExitCallBack: Data collector exited with exitcode: 0 error: ''
TpTrace Verbose: 0 : 39784, 13, 2024/06/21, 15:54:13.064, 8018244191915, vstest.console.dll, TestRunRequest:SendTestRunStatsChange: Starting.
TpTrace Verbose: 0 : 39784, 13, 2024/06/21, 15:54:13.065, 8018244194221, vstest.console.dll, MulticastDelegateUtilities.SafeInvoke: TestRun.RunStatsChanged: Invoking callbacks was skipped because there are no subscribers.
TpTrace Information: 0 : 39784, 13, 2024/06/21, 15:54:13.065, 8018244194801, vstest.console.dll, TestRunRequest:SendTestRunStatsChange: Completed.
TpTrace Verbose: 0 : 39784, 4, 2024/06/21, 15:54:13.065, 8018244194796, vstest.console.dll, MulticastDelegateUtilities.SafeInvoke: InternalTestLoggerEvents.SendTestResult: Invoking callback 1/1 for Microsoft.VisualStudio.TestPlatform.CommandLine.Internal.ConsoleLogger., took 0 ms.
TpTrace Verbose: 0 : 39784, 4, 2024/06/21, 15:54:13.065, 8018244196944, vstest.console.dll, MulticastDelegateUtilities.SafeInvoke: InternalTestLoggerEvents.SendTestResult: Invoking callback 1/1 for Microsoft.VisualStudio.TestPlatform.CommandLine.Internal.ConsoleLogger., took 0 ms.
TpTrace Verbose: 0 : 39784, 4, 2024/06/21, 15:54:13.065, 8018244198028, vstest.console.dll, MulticastDelegateUtilities.SafeInvoke: InternalTestLoggerEvents.SendTestResult: Invoking callback 1/1 for Microsoft.VisualStudio.TestPlatform.CommandLine.Internal.ConsoleLogger., took 0 ms.
TpTrace Verbose: 0 : 39784, 4, 2024/06/21, 15:54:13.065, 8018244198756, vstest.console.dll, MulticastDelegateUtilities.SafeInvoke: InternalTestLoggerEvents.SendTestResult: Invoking callback 1/1 for Microsoft.VisualStudio.TestPlatform.CommandLine.Internal.ConsoleLogger., took 0 ms.
TpTrace Verbose: 0 : 39784, 4, 2024/06/21, 15:54:13.065, 8018244199299, vstest.console.dll, MulticastDelegateUtilities.SafeInvoke: InternalTestLoggerEvents.SendTestResult: Invoking callback 1/1 for Microsoft.VisualStudio.TestPlatform.CommandLine.Internal.ConsoleLogger., took 0 ms.
TpTrace Verbose: 0 : 39784, 13, 2024/06/21, 15:54:13.065, 8018244200394, vstest.console.dll, ParallelProxyExecutionManager: HandlePartialRunComplete: Total workloads = 1, Total started clients = 1 Total completed clients = 1, Run complete = True, Run canceled: False.
TpTrace Verbose: 0 : 39784, 13, 2024/06/21, 15:54:13.065, 8018244200943, vstest.console.dll, ParallelProxyExecutionManager: HandlePartialRunComplete: All runs completed stopping all managers.
TpTrace Verbose: 0 : 39784, 13, 2024/06/21, 15:54:13.065, 8018244201327, vstest.console.dll, ParallelOperationManager.StopAllManagers: Stopping all managers.
TpTrace Verbose: 0 : 39784, 13, 2024/06/21, 15:54:13.065, 8018244201688, vstest.console.dll, ParallelOperationManager.ClearSlots: Clearing all slots. Slots should accept more work: False
TpTrace Verbose: 0 : 39784, 13, 2024/06/21, 15:54:13.065, 8018244202110, vstest.console.dll, ParallelOperationManager.SetOccupiedSlotCount: Setting slot counts AvailableSlotCount = 1, OccupiedSlotCount = 0.
TpTrace Verbose: 0 : 39784, 13, 2024/06/21, 15:54:13.066, 8018244202556, vstest.console.dll, Occupied slots:

TpTrace Verbose: 0 : 39784, 4, 2024/06/21, 15:54:13.066, 8018244210090, vstest.console.dll, MulticastDelegateUtilities.SafeInvoke: InternalTestLoggerEvents.SendTestResult: Invoking callback 1/1 for Microsoft.VisualStudio.TestPlatform.CommandLine.Internal.ConsoleLogger., took 1 ms.
TpTrace Verbose: 0 : 39784, 4, 2024/06/21, 15:54:13.066, 8018244211054, vstest.console.dll, MulticastDelegateUtilities.SafeInvoke: InternalTestLoggerEvents.SendTestResult: Invoking callback 1/1 for Microsoft.VisualStudio.TestPlatform.CommandLine.Internal.ConsoleLogger., took 0 ms.
TpTrace Verbose: 0 : 39784, 4, 2024/06/21, 15:54:13.066, 8018244211631, vstest.console.dll, MulticastDelegateUtilities.SafeInvoke: InternalTestLoggerEvents.SendTestResult: Invoking callback 1/1 for Microsoft.VisualStudio.TestPlatform.CommandLine.Internal.ConsoleLogger., took 0 ms.
TpTrace Verbose: 0 : 39784, 4, 2024/06/21, 15:54:13.066, 8018244212153, vstest.console.dll, MulticastDelegateUtilities.SafeInvoke: InternalTestLoggerEvents.SendTestResult: Invoking callback 1/1 for Microsoft.VisualStudio.TestPlatform.CommandLine.Internal.ConsoleLogger., took 0 ms.
TpTrace Verbose: 0 : 39784, 4, 2024/06/21, 15:54:13.074, 8018244283199, vstest.console.dll, MulticastDelegateUtilities.SafeInvoke: InternalTestLoggerEvents.SendTestRunComplete: Invoking callback 1/2 for Microsoft.TestPlatform.Extensions.BlameDataCollector.BlameLogger., took 0 ms.
TpTrace Verbose: 0 : 39784, 4, 2024/06/21, 15:54:13.078, 8018244332484, vstest.console.dll, MulticastDelegateUtilities.SafeInvoke: InternalTestLoggerEvents.SendTestRunComplete: Invoking callback 2/2 for Microsoft.VisualStudio.TestPlatform.CommandLine.Internal.ConsoleLogger., took 4 ms.
TpTrace Verbose: 0 : 39784, 13, 2024/06/21, 15:54:13.079, 8018244335965, vstest.console.dll, TestRunRequest:TestRunComplete: Starting. IsAborted:False IsCanceled:False.
TpTrace Verbose: 0 : 39784, 13, 2024/06/21, 15:54:13.079, 8018244338026, vstest.console.dll, ParallelOperationManager.DoActionOnAllManagers: Calling an action on all managers.
TpTrace Verbose: 0 : 39784, 13, 2024/06/21, 15:54:13.080, 8018244348529, vstest.console.dll, TestLoggerManager.HandleTestRunComplete: Ignoring as the object is disposed.
TpTrace Verbose: 0 : 39784, 13, 2024/06/21, 15:54:13.080, 8018244350437, vstest.console.dll, MulticastDelegateUtilities.SafeInvoke: TestRun.TestRunComplete: Invoking callback 1/2 for Microsoft.VisualStudio.TestPlatform.CommandLine.TestRunResultAggregator., took 0 ms.
TpTrace Verbose: 0 : 39784, 13, 2024/06/21, 15:54:13.080, 8018244351623, vstest.console.dll, MulticastDelegateUtilities.SafeInvoke: TestRun.TestRunComplete: Invoking callback 2/2 for Microsoft.VisualStudio.TestPlatform.CommandLine.Processors.RunTestsArgumentExecutor+TestRunRequestEventsRegistrar., took 0 ms.
TpTrace Information: 0 : 39784, 13, 2024/06/21, 15:54:13.081, 8018244352455, vstest.console.dll, TestRunRequest:TestRunComplete: Completed.
TpTrace Verbose: 0 : 39784, 1, 2024/06/21, 15:54:13.081, 8018244352709, vstest.console.dll, TestRunRequest.Dispose: Starting.
TpTrace Verbose: 0 : 39784, 13, 2024/06/21, 15:54:13.081, 8018244352912, vstest.console.dll, TestRequestSender.SetOperationComplete: Setting operation complete.
TpTrace Information: 0 : 39784, 1, 2024/06/21, 15:54:13.081, 8018244353503, vstest.console.dll, TestRunRequest.Dispose: Completed.
TpTrace Information: 0 : 39784, 13, 2024/06/21, 15:54:13.081, 8018244353954, vstest.console.dll, SocketServer.Stop: Stop server endPoint: 127.0.0.1:55888
TpTrace Information: 0 : 39784, 1, 2024/06/21, 15:54:13.081, 8018244354338, vstest.console.dll, TestRequestManager.RunTests: run tests completed.
TpTrace Information: 0 : 39784, 13, 2024/06/21, 15:54:13.081, 8018244354713, vstest.console.dll, SocketServer.Stop: Cancellation requested. Stopping message loop.
TpTrace Information: 0 : 39784, 1, 2024/06/21, 15:54:13.081, 8018244355627, vstest.console.dll, RunTestsArgumentProcessor:Execute: Test run is completed.
TpTrace Verbose: 0 : 39784, 13, 2024/06/21, 15:54:13.081, 8018244355979, vstest.console.dll, MulticastDelegateUtilities.SafeInvoke: LengthPrefixCommunicationChannel: MessageReceived: Invoking callback 1/1 for Microsoft.VisualStudio.TestPlatform.CommunicationUtilities.TestRequestSender+<>c__DisplayClass34_0., took 97 ms.
TpTrace Information: 0 : 39784, 13, 2024/06/21, 15:54:13.081, 8018244356626, vstest.console.dll, SocketServer.PrivateStop: Stopping server endPoint: 127.0.0.1:55888 error: 
TpTrace Verbose: 0 : 39784, 1, 2024/06/21, 15:54:13.081, 8018244357806, vstest.console.dll, Executor.Execute: Exiting with exit code of 0
