<?xml version="1.0" encoding="utf-8"?>
<!DOCTYPE coverage SYSTEM "http://cobertura.sourceforge.net/xml/coverage-04.dtd">
<coverage line-rate="0.710344827586207" branch-rate="0.842105263157895" lines-covered="103" lines-valid="145" branches-covered="32" branches-valid="38" complexity="45" version="0" timestamp="1718929639">
  <sources>
    <source>C:\Users\ignle\</source>
  </sources>
  <packages>
    <package name="KLA_NumberConverter_ServerSide" line-rate="0.682170542635659" branch-rate="0.842105263157895" complexity="40">
      <classes>
        <class name="KLA_NumberConverter_ServerSide.Controllers.CurrencyController" filename="C:\Users\ignle\OneDrive\Desktop\Vladimir\KLA_Final\KLA_CurrencyConverter\Controllers\CurrencyController.cs" line-rate="0" branch-rate="0" complexity="3">
          <methods>
            <method name="Convert" signature="(...)" line-rate="0" branch-rate="0" complexity="2">
              <lines>
                <line number="19" hits="0" branch="false" />
                <line number="20" hits="0" branch="true" condition-coverage="0% (0/2)" />
                <line number="21" hits="0" branch="false" />
                <line number="22" hits="0" branch="false" />
                <line number="26" hits="0" branch="false" />
                <line number="27" hits="0" branch="false" />
                <line number="28" hits="0" branch="false" />
                <line number="30" hits="0" branch="false" />
                <line number="31" hits="0" branch="false" />
                <line number="32" hits="0" branch="false" />
                <line number="34" hits="0" branch="false" />
              </lines>
            </method>
            <method name=".ctor" signature="()" line-rate="0" branch-rate="1" complexity="1">
              <lines>
                <line number="12" hits="0" branch="false" />
                <line number="13" hits="0" branch="false" />
                <line number="14" hits="0" branch="false" />
                <line number="15" hits="0" branch="false" />
              </lines>
            </method>
          </methods>
          <lines>
            <line number="12" hits="0" branch="false" />
            <line number="13" hits="0" branch="false" />
            <line number="14" hits="0" branch="false" />
            <line number="15" hits="0" branch="false" />
            <line number="19" hits="0" branch="false" />
            <line number="20" hits="0" branch="true" condition-coverage="0% (0/2)" />
            <line number="21" hits="0" branch="false" />
            <line number="22" hits="0" branch="false" />
            <line number="26" hits="0" branch="false" />
            <line number="27" hits="0" branch="false" />
            <line number="28" hits="0" branch="false" />
            <line number="30" hits="0" branch="false" />
            <line number="31" hits="0" branch="false" />
            <line number="32" hits="0" branch="false" />
            <line number="34" hits="0" branch="false" />
          </lines>
        </class>
        <class name="KLA_NumberConverter_ServerSide.Logic.ConvertLogic" filename="C:\Users\ignle\OneDrive\Desktop\Vladimir\KLA_Final\KLA_CurrencyConverter\Logic\ConvertLogic.cs" line-rate="0.956521739130435" branch-rate="0.941176470588235" complexity="35">
          <methods>
            <method name="AmountToWords" signature="(...)" line-rate="0.84" branch-rate="0.875" complexity="16">
              <lines>
                <line number="25" hits="18" branch="false" />
                <line number="27" hits="18" branch="false" />
                <line number="29" hits="18" branch="false" />
                <line number="32" hits="17" branch="false" />
                <line number="34" hits="17" branch="true" condition-coverage="100% (4/4)" />
                <line number="35" hits="2" branch="false" />
                <line number="36" hits="2" branch="false" />
                <line number="40" hits="15" branch="false" />
                <line number="42" hits="13" branch="true" condition-coverage="100% (2/2)" />
                <line number="45" hits="13" branch="true" condition-coverage="50% (1/2)" />
                <line number="46" hits="0" branch="false" />
                <line number="47" hits="0" branch="false" />
                <line number="50" hits="13" branch="true" condition-coverage="50% (1/2)" />
                <line number="51" hits="0" branch="false" />
                <line number="52" hits="0" branch="false" />
                <line number="55" hits="13" branch="true" condition-coverage="100% (2/2)" />
                <line number="56" hits="13" branch="true" condition-coverage="100% (2/2)" />
                <line number="59" hits="13" branch="true" condition-coverage="100% (2/2)" />
                <line number="60" hits="13" branch="false" />
                <line number="61" hits="13" branch="false" />
                <line number="62" hits="13" branch="false" />
                <line number="64" hits="5" branch="false" />
                <line number="65" hits="5" branch="false" />
                <line number="66" hits="5" branch="false" />
                <line number="68" hits="13" branch="false" />
              </lines>
            </method>
            <method name="ConvertNumberToWords" signature="(...)" line-rate="1" branch-rate="1" complexity="10">
              <lines>
                <line number="71" hits="26" branch="false" />
                <line number="72" hits="26" branch="true" condition-coverage="100% (2/2)" />
                <line number="73" hits="11" branch="false" />
                <line number="75" hits="15" branch="false" />
                <line number="77" hits="15" branch="true" condition-coverage="100% (2/2)" />
                <line number="78" hits="2" branch="false" />
                <line number="79" hits="2" branch="false" />
                <line number="80" hits="2" branch="false" />
                <line number="81" hits="2" branch="false" />
                <line number="82" hits="2" branch="false" />
                <line number="84" hits="15" branch="true" condition-coverage="100% (2/2)" />
                <line number="85" hits="4" branch="false" />
                <line number="86" hits="4" branch="false" />
                <line number="87" hits="4" branch="false" />
                <line number="88" hits="4" branch="false" />
                <line number="89" hits="4" branch="false" />
                <line number="91" hits="15" branch="true" condition-coverage="100% (2/2)" />
                <line number="92" hits="5" branch="false" />
                <line number="93" hits="5" branch="false" />
                <line number="94" hits="5" branch="false" />
                <line number="95" hits="5" branch="false" />
                <line number="96" hits="5" branch="false" />
                <line number="98" hits="15" branch="true" condition-coverage="100% (2/2)" />
                <line number="99" hits="13" branch="false" />
                <line number="100" hits="13" branch="false" />
                <line number="101" hits="13" branch="false" />
                <line number="103" hits="15" branch="false" />
                <line number="104" hits="26" branch="false" />
              </lines>
            </method>
            <method name="ConvertHundredToWords" signature="(...)" line-rate="1" branch-rate="1" complexity="4">
              <lines>
                <line number="107" hits="11" branch="false" />
                <line number="108" hits="11" branch="false" />
                <line number="110" hits="11" branch="true" condition-coverage="100% (2/2)" />
                <line number="111" hits="3" branch="false" />
                <line number="112" hits="3" branch="false" />
                <line number="113" hits="3" branch="false" />
                <line number="114" hits="3" branch="false" />
                <line number="115" hits="3" branch="false" />
                <line number="117" hits="11" branch="true" condition-coverage="100% (2/2)" />
                <line number="118" hits="11" branch="false" />
                <line number="119" hits="11" branch="false" />
                <line number="120" hits="11" branch="false" />
                <line number="122" hits="11" branch="false" />
                <line number="123" hits="11" branch="false" />
              </lines>
            </method>
            <method name="ConvertTensAndUnitsToWords" signature="(...)" line-rate="1" branch-rate="1" complexity="4">
              <lines>
                <line number="126" hits="24" branch="false" />
                <line number="127" hits="24" branch="false" />
                <line number="129" hits="24" branch="true" condition-coverage="100% (2/2)" />
                <line number="130" hits="11" branch="false" />
                <line number="131" hits="11" branch="false" />
                <line number="132" hits="11" branch="false" />
                <line number="133" hits="11" branch="false" />
                <line number="135" hits="24" branch="true" condition-coverage="100% (2/2)" />
                <line number="136" hits="23" branch="false" />
                <line number="137" hits="23" branch="false" />
                <line number="138" hits="23" branch="false" />
                <line number="140" hits="24" branch="false" />
                <line number="141" hits="24" branch="false" />
              </lines>
            </method>
            <method name=".cctor" signature="()" line-rate="1" branch-rate="1" complexity="1">
              <lines>
                <line number="9" hits="1" branch="false" />
                <line number="10" hits="1" branch="false" />
                <line number="11" hits="1" branch="false" />
                <line number="12" hits="1" branch="false" />
                <line number="13" hits="1" branch="false" />
                <line number="14" hits="1" branch="false" />
                <line number="15" hits="1" branch="false" />
                <line number="18" hits="1" branch="false" />
                <line number="19" hits="1" branch="false" />
                <line number="20" hits="1" branch="false" />
                <line number="21" hits="1" branch="false" />
                <line number="22" hits="1" branch="false" />
              </lines>
            </method>
          </methods>
          <lines>
            <line number="9" hits="1" branch="false" />
            <line number="10" hits="1" branch="false" />
            <line number="11" hits="1" branch="false" />
            <line number="12" hits="1" branch="false" />
            <line number="13" hits="1" branch="false" />
            <line number="14" hits="1" branch="false" />
            <line number="15" hits="1" branch="false" />
            <line number="18" hits="1" branch="false" />
            <line number="19" hits="1" branch="false" />
            <line number="20" hits="1" branch="false" />
            <line number="21" hits="1" branch="false" />
            <line number="22" hits="1" branch="false" />
            <line number="25" hits="18" branch="false" />
            <line number="27" hits="18" branch="false" />
            <line number="29" hits="18" branch="false" />
            <line number="32" hits="17" branch="false" />
            <line number="34" hits="17" branch="true" condition-coverage="100% (4/4)" />
            <line number="35" hits="2" branch="false" />
            <line number="36" hits="2" branch="false" />
            <line number="40" hits="15" branch="false" />
            <line number="42" hits="13" branch="true" condition-coverage="100% (2/2)" />
            <line number="45" hits="13" branch="true" condition-coverage="50% (1/2)" />
            <line number="46" hits="0" branch="false" />
            <line number="47" hits="0" branch="false" />
            <line number="50" hits="13" branch="true" condition-coverage="50% (1/2)" />
            <line number="51" hits="0" branch="false" />
            <line number="52" hits="0" branch="false" />
            <line number="55" hits="13" branch="true" condition-coverage="100% (2/2)" />
            <line number="56" hits="13" branch="true" condition-coverage="100% (2/2)" />
            <line number="59" hits="13" branch="true" condition-coverage="100% (2/2)" />
            <line number="60" hits="13" branch="false" />
            <line number="61" hits="13" branch="false" />
            <line number="62" hits="13" branch="false" />
            <line number="64" hits="5" branch="false" />
            <line number="65" hits="5" branch="false" />
            <line number="66" hits="5" branch="false" />
            <line number="68" hits="13" branch="false" />
            <line number="71" hits="26" branch="false" />
            <line number="72" hits="26" branch="true" condition-coverage="100% (2/2)" />
            <line number="73" hits="11" branch="false" />
            <line number="75" hits="15" branch="false" />
            <line number="77" hits="15" branch="true" condition-coverage="100% (2/2)" />
            <line number="78" hits="2" branch="false" />
            <line number="79" hits="2" branch="false" />
            <line number="80" hits="2" branch="false" />
            <line number="81" hits="2" branch="false" />
            <line number="82" hits="2" branch="false" />
            <line number="84" hits="15" branch="true" condition-coverage="100% (2/2)" />
            <line number="85" hits="4" branch="false" />
            <line number="86" hits="4" branch="false" />
            <line number="87" hits="4" branch="false" />
            <line number="88" hits="4" branch="false" />
            <line number="89" hits="4" branch="false" />
            <line number="91" hits="15" branch="true" condition-coverage="100% (2/2)" />
            <line number="92" hits="5" branch="false" />
            <line number="93" hits="5" branch="false" />
            <line number="94" hits="5" branch="false" />
            <line number="95" hits="5" branch="false" />
            <line number="96" hits="5" branch="false" />
            <line number="98" hits="15" branch="true" condition-coverage="100% (2/2)" />
            <line number="99" hits="13" branch="false" />
            <line number="100" hits="13" branch="false" />
            <line number="101" hits="13" branch="false" />
            <line number="103" hits="15" branch="false" />
            <line number="104" hits="26" branch="false" />
            <line number="107" hits="11" branch="false" />
            <line number="108" hits="11" branch="false" />
            <line number="110" hits="11" branch="true" condition-coverage="100% (2/2)" />
            <line number="111" hits="3" branch="false" />
            <line number="112" hits="3" branch="false" />
            <line number="113" hits="3" branch="false" />
            <line number="114" hits="3" branch="false" />
            <line number="115" hits="3" branch="false" />
            <line number="117" hits="11" branch="true" condition-coverage="100% (2/2)" />
            <line number="118" hits="11" branch="false" />
            <line number="119" hits="11" branch="false" />
            <line number="120" hits="11" branch="false" />
            <line number="122" hits="11" branch="false" />
            <line number="123" hits="11" branch="false" />
            <line number="126" hits="24" branch="false" />
            <line number="127" hits="24" branch="false" />
            <line number="129" hits="24" branch="true" condition-coverage="100% (2/2)" />
            <line number="130" hits="11" branch="false" />
            <line number="131" hits="11" branch="false" />
            <line number="132" hits="11" branch="false" />
            <line number="133" hits="11" branch="false" />
            <line number="135" hits="24" branch="true" condition-coverage="100% (2/2)" />
            <line number="136" hits="23" branch="false" />
            <line number="137" hits="23" branch="false" />
            <line number="138" hits="23" branch="false" />
            <line number="140" hits="24" branch="false" />
            <line number="141" hits="24" branch="false" />
          </lines>
        </class>
        <class name="Program" filename="C:\Users\ignle\OneDrive\Desktop\Vladimir\KLA_Final\KLA_CurrencyConverter\Program.cs" line-rate="0" branch-rate="0" complexity="2">
          <methods>
            <method name="&lt;Main&gt;$" signature="(...)" line-rate="0" branch-rate="0" complexity="2">
              <lines>
                <line number="1" hits="0" branch="false" />
                <line number="4" hits="0" branch="false" />
                <line number="7" hits="0" branch="false" />
                <line number="8" hits="0" branch="false" />
                <line number="9" hits="0" branch="false" />
                <line number="10" hits="0" branch="false" />
                <line number="11" hits="0" branch="false" />
                <line number="12" hits="0" branch="false" />
                <line number="13" hits="0" branch="false" />
                <line number="14" hits="0" branch="false" />
                <line number="15" hits="0" branch="false" />
                <line number="16" hits="0" branch="false" />
                <line number="18" hits="0" branch="false" />
                <line number="21" hits="0" branch="true" condition-coverage="0% (0/2)" />
                <line number="22" hits="0" branch="false" />
                <line number="23" hits="0" branch="false" />
                <line number="24" hits="0" branch="false" />
                <line number="26" hits="0" branch="false" />
                <line number="29" hits="0" branch="false" />
                <line number="31" hits="0" branch="false" />
                <line number="33" hits="0" branch="false" />
                <line number="35" hits="0" branch="false" />
              </lines>
            </method>
          </methods>
          <lines>
            <line number="1" hits="0" branch="false" />
            <line number="4" hits="0" branch="false" />
            <line number="7" hits="0" branch="false" />
            <line number="8" hits="0" branch="false" />
            <line number="9" hits="0" branch="false" />
            <line number="10" hits="0" branch="false" />
            <line number="11" hits="0" branch="false" />
            <line number="12" hits="0" branch="false" />
            <line number="13" hits="0" branch="false" />
            <line number="14" hits="0" branch="false" />
            <line number="15" hits="0" branch="false" />
            <line number="16" hits="0" branch="false" />
            <line number="18" hits="0" branch="false" />
            <line number="21" hits="0" branch="true" condition-coverage="0% (0/2)" />
            <line number="22" hits="0" branch="false" />
            <line number="23" hits="0" branch="false" />
            <line number="24" hits="0" branch="false" />
            <line number="26" hits="0" branch="false" />
            <line number="29" hits="0" branch="false" />
            <line number="31" hits="0" branch="false" />
            <line number="33" hits="0" branch="false" />
            <line number="35" hits="0" branch="false" />
          </lines>
        </class>
      </classes>
    </package>
    <package name="NumberConverter_Tests" line-rate="0.9375" branch-rate="1" complexity="5">
      <classes>
        <class name="AutoGeneratedProgram" filename="C:\Users\ignle\.nuget\packages\microsoft.net.test.sdk\17.5.0\build\netcoreapp3.1\Microsoft.NET.Test.Sdk.Program.cs" line-rate="0" branch-rate="1" complexity="1">
          <methods>
            <method name="Main" signature="(...)" line-rate="0" branch-rate="1" complexity="1">
              <lines>
                <line number="4" hits="0" branch="false" />
              </lines>
            </method>
          </methods>
          <lines>
            <line number="4" hits="0" branch="false" />
          </lines>
        </class>
        <class name="NumberConverter_Tests.ConvertLogicTests" filename="C:\Users\ignle\OneDrive\Desktop\Vladimir\KLA_Final\NumberConverter_Tests\UnitTest.cs" line-rate="1" branch-rate="1" complexity="4">
          <methods>
            <method name="AmountToWords_ValidAmount_ReturnsCorrectWords" signature="(...)" line-rate="1" branch-rate="1" complexity="1">
              <lines>
                <line number="25" hits="9" branch="false" />
                <line number="27" hits="9" branch="false" />
                <line number="30" hits="9" branch="false" />
                <line number="31" hits="9" branch="false" />
              </lines>
            </method>
            <method name="AmountToWords_ValidAmountWithCents_ReturnsCorrectWords" signature="(...)" line-rate="1" branch-rate="1" complexity="1">
              <lines>
                <line number="39" hits="4" branch="false" />
                <line number="41" hits="4" branch="false" />
                <line number="44" hits="4" branch="false" />
                <line number="45" hits="4" branch="false" />
              </lines>
            </method>
            <method name="AmountToWords_InvalidAmount_ThrowsException" signature="(...)" line-rate="1" branch-rate="1" complexity="1">
              <lines>
                <line number="54" hits="5" branch="false" />
                <line number="56" hits="10" branch="false" />
                <line number="57" hits="5" branch="false" />
              </lines>
            </method>
            <method name=".ctor" signature="()" line-rate="1" branch-rate="1" complexity="1">
              <lines>
                <line number="9" hits="18" branch="false" />
                <line number="10" hits="18" branch="false" />
                <line number="11" hits="18" branch="false" />
                <line number="12" hits="18" branch="false" />
              </lines>
            </method>
          </methods>
          <lines>
            <line number="9" hits="18" branch="false" />
            <line number="10" hits="18" branch="false" />
            <line number="11" hits="18" branch="false" />
            <line number="12" hits="18" branch="false" />
            <line number="25" hits="9" branch="false" />
            <line number="27" hits="9" branch="false" />
            <line number="30" hits="9" branch="false" />
            <line number="31" hits="9" branch="false" />
            <line number="39" hits="4" branch="false" />
            <line number="41" hits="4" branch="false" />
            <line number="44" hits="4" branch="false" />
            <line number="45" hits="4" branch="false" />
            <line number="54" hits="5" branch="false" />
            <line number="56" hits="10" branch="false" />
            <line number="57" hits="5" branch="false" />
          </lines>
        </class>
      </classes>
    </package>
  </packages>
</coverage>