TpTrace Verbose: 0 : 18104, 1, 2024/06/21, 00:27:16.812, 7462061518938, vstest.console.dll, Version: 17.10.0-release-24203-04 Current process architecture: X64
TpTrace Verbose: 0 : 18104, 1, 2024/06/21, 00:27:16.815, 7462061553071, vstest.console.dll, Runtime location: C:\Program Files\dotnet\shared\Microsoft.NETCore.App\8.0.5
TpTrace Verbose: 0 : 18104, 1, 2024/06/21, 00:27:16.819, 7462061594637, vstest.console.dll, ArtifactProcessingPostProcessModeProcessorExecutor.Initialize: ArtifactProcessingMode.Collect
TpTrace Verbose: 0 : 18104, 1, 2024/06/21, 00:27:16.819, 7462061596075, vstest.console.dll, TestSessionCorrelationIdProcessorModeProcessorExecutor.Initialize: TestSessionCorrelationId '34748_64126a67-d93a-4fc4-8d97-5996523bf3bf'
TpTrace Information: 0 : 18104, 1, 2024/06/21, 00:27:16.825, 7462061651893, vstest.console.dll, FilePatternParser: The given file C:\Users\ignle\OneDrive\Desktop\Vladimir\KLA_Final\NumberConverter_Tests\bin\Debug\net6.0\fine-code-coverage\build-output\NumberConverter_Tests.dll is a full path.
TpTrace Verbose: 0 : 18104, 1, 2024/06/21, 00:27:16.833, 7462061733454, vstest.console.dll, TestPluginCache.DiscoverTestExtensions: finding test extensions in assemblies ends with: RuntimeProvider.dll TPluginInfo: Microsoft.VisualStudio.TestPlatform.Common.ExtensionFramework.Utilities.TestRuntimePluginInformation TExtension: Microsoft.VisualStudio.TestPlatform.ObjectModel.Host.ITestRuntimeProvider
TpTrace Verbose: 0 : 18104, 1, 2024/06/21, 00:27:16.833, 7462061736494, vstest.console.dll, TestPluginCache.GetExtensionPaths: Filtered extension paths: 
TpTrace Verbose: 0 : 18104, 1, 2024/06/21, 00:27:16.833, 7462061737106, vstest.console.dll, TestPluginCache.GetExtensionPaths: Added default extension paths: C:\Program Files\dotnet\sdk\8.0.300\Extensions\Microsoft.Diagnostics.NETCore.Client.dll
C:\Program Files\dotnet\sdk\8.0.300\Extensions\Microsoft.TestPlatform.Extensions.BlameDataCollector.dll
C:\Program Files\dotnet\sdk\8.0.300\Extensions\Microsoft.TestPlatform.Extensions.EventLogCollector.dll
C:\Program Files\dotnet\sdk\8.0.300\Extensions\Microsoft.TestPlatform.TestHostRuntimeProvider.dll
C:\Program Files\dotnet\sdk\8.0.300\Extensions\Microsoft.VisualStudio.TestPlatform.Extensions.Html.TestLogger.dll
C:\Program Files\dotnet\sdk\8.0.300\Extensions\Microsoft.VisualStudio.TestPlatform.Extensions.Trx.TestLogger.dll
TpTrace Verbose: 0 : 18104, 1, 2024/06/21, 00:27:16.833, 7462061737356, vstest.console.dll, TestPluginCache.GetExtensionPaths: Added unfilterableExtensionPaths: 
TpTrace Information: 0 : 18104, 1, 2024/06/21, 00:27:16.834, 7462061744029, vstest.console.dll, AssemblyResolver.ctor: Creating AssemblyResolver with searchDirectories C:\Program Files\dotnet\sdk\8.0.300\Extensions,C:\Program Files\dotnet\sdk\8.0.300
TpTrace Verbose: 0 : 18104, 1, 2024/06/21, 00:27:16.836, 7462061761072, vstest.console.dll, TestPluginCache.DiscoverTestExtensions: Discovering the extensions using extension path.
TpTrace Verbose: 0 : 18104, 1, 2024/06/21, 00:27:16.836, 7462061762083, vstest.console.dll, TestPluginCache.GetExtensionPaths: Filtered extension paths: 
TpTrace Verbose: 0 : 18104, 1, 2024/06/21, 00:27:16.836, 7462061762349, vstest.console.dll, TestPluginCache.GetExtensionPaths: Added default extension paths: C:\Program Files\dotnet\sdk\8.0.300\Extensions\Microsoft.Diagnostics.NETCore.Client.dll
C:\Program Files\dotnet\sdk\8.0.300\Extensions\Microsoft.TestPlatform.Extensions.BlameDataCollector.dll
C:\Program Files\dotnet\sdk\8.0.300\Extensions\Microsoft.TestPlatform.Extensions.EventLogCollector.dll
C:\Program Files\dotnet\sdk\8.0.300\Extensions\Microsoft.TestPlatform.TestHostRuntimeProvider.dll
C:\Program Files\dotnet\sdk\8.0.300\Extensions\Microsoft.VisualStudio.TestPlatform.Extensions.Html.TestLogger.dll
C:\Program Files\dotnet\sdk\8.0.300\Extensions\Microsoft.VisualStudio.TestPlatform.Extensions.Trx.TestLogger.dll
TpTrace Verbose: 0 : 18104, 1, 2024/06/21, 00:27:16.836, 7462061762580, vstest.console.dll, TestPluginCache.GetExtensionPaths: Added unfilterableExtensionPaths: 
TpTrace Verbose: 0 : 18104, 1, 2024/06/21, 00:27:16.836, 7462061762952, vstest.console.dll, TestPluginCache.DiscoverTestExtensions: Discovering the extensions using allExtensionPaths: C:\Program Files\dotnet\sdk\8.0.300\Extensions\Microsoft.Diagnostics.NETCore.Client.dll
C:\Program Files\dotnet\sdk\8.0.300\Extensions\Microsoft.TestPlatform.Extensions.BlameDataCollector.dll
C:\Program Files\dotnet\sdk\8.0.300\Extensions\Microsoft.TestPlatform.Extensions.EventLogCollector.dll
C:\Program Files\dotnet\sdk\8.0.300\Extensions\Microsoft.TestPlatform.TestHostRuntimeProvider.dll
C:\Program Files\dotnet\sdk\8.0.300\Extensions\Microsoft.VisualStudio.TestPlatform.Extensions.Html.TestLogger.dll
C:\Program Files\dotnet\sdk\8.0.300\Extensions\Microsoft.VisualStudio.TestPlatform.Extensions.Trx.TestLogger.dll
TpTrace Information: 0 : 18104, 1, 2024/06/21, 00:27:16.836, 7462061764101, vstest.console.dll, AssemblyResolver.AddSearchDirectories: Adding more searchDirectories C:\Program Files\dotnet\sdk\8.0.300\Extensions,C:\Program Files\dotnet\sdk\8.0.300
TpTrace Information: 0 : 18104, 1, 2024/06/21, 00:27:16.836, 7462061764472, vstest.console.dll, AssemblyResolver.AddSearchDirectories: Adding more searchDirectories C:\Program Files\dotnet\sdk\8.0.300\Extensions,C:\Program Files\dotnet\sdk\8.0.300
TpTrace Information: 0 : 18104, 1, 2024/06/21, 00:27:16.836, 7462061764676, vstest.console.dll, AssemblyResolver.AddSearchDirectories: Adding more searchDirectories C:\Program Files\dotnet\sdk\8.0.300\Extensions,C:\Program Files\dotnet\sdk\8.0.300
TpTrace Information: 0 : 18104, 1, 2024/06/21, 00:27:16.836, 7462061764884, vstest.console.dll, AssemblyResolver.AddSearchDirectories: Adding more searchDirectories C:\Program Files\dotnet\sdk\8.0.300\Extensions,C:\Program Files\dotnet\sdk\8.0.300
TpTrace Information: 0 : 18104, 1, 2024/06/21, 00:27:16.836, 7462061765061, vstest.console.dll, AssemblyResolver.AddSearchDirectories: Adding more searchDirectories C:\Program Files\dotnet\sdk\8.0.300\Extensions,C:\Program Files\dotnet\sdk\8.0.300
TpTrace Information: 0 : 18104, 1, 2024/06/21, 00:27:16.836, 7462061765233, vstest.console.dll, AssemblyResolver.AddSearchDirectories: Adding more searchDirectories C:\Program Files\dotnet\sdk\8.0.300\Extensions,C:\Program Files\dotnet\sdk\8.0.300
TpTrace Information: 0 : 18104, 1, 2024/06/21, 00:27:16.837, 7462061770108, vstest.console.dll, AssemblyResolver.OnResolve: Microsoft.Diagnostics.NETCore.Client: Resolving assembly.
TpTrace Information: 0 : 18104, 1, 2024/06/21, 00:27:16.837, 7462061770786, vstest.console.dll, AssemblyResolver.OnResolve: Microsoft.Diagnostics.NETCore.Client: Searching in: 'C:\Program Files\dotnet\sdk\8.0.300\Extensions'.
TpTrace Information: 0 : 18104, 1, 2024/06/21, 00:27:16.847, 7462061867982, vstest.console.dll, AssemblyResolver.OnResolve: Microsoft.Diagnostics.NETCore.Client: Loading assembly 'C:\Program Files\dotnet\sdk\8.0.300\Extensions\Microsoft.Diagnostics.NETCore.Client.dll'.
TpTrace Information: 0 : 18104, 1, 2024/06/21, 00:27:16.849, 7462061890860, vstest.console.dll, AssemblyResolver.OnResolve: Resolved assembly: Microsoft.Diagnostics.NETCore.Client, from path: C:\Program Files\dotnet\sdk\8.0.300\Extensions\Microsoft.Diagnostics.NETCore.Client.dll
TpTrace Verbose: 0 : 18104, 1, 2024/06/21, 00:27:16.852, 7462061926721, vstest.console.dll, MetadataReaderExtensionsHelper: Discovering extensions inside assembly 'Microsoft.Diagnostics.NETCore.Client, Version=0.2.10.15101, Culture=neutral, PublicKeyToken=31bf3856ad364e35' file path 'C:\Program Files\dotnet\sdk\8.0.300\Extensions\Microsoft.Diagnostics.NETCore.Client.dll'
TpTrace Information: 0 : 18104, 1, 2024/06/21, 00:27:16.856, 7462061959676, vstest.console.dll, AssemblyResolver.OnResolve: Microsoft.Bcl.AsyncInterfaces: Resolving assembly.
TpTrace Information: 0 : 18104, 1, 2024/06/21, 00:27:16.856, 7462061960414, vstest.console.dll, AssemblyResolver.OnResolve: Microsoft.Bcl.AsyncInterfaces: Searching in: 'C:\Program Files\dotnet\sdk\8.0.300\Extensions'.
TpTrace Information: 0 : 18104, 1, 2024/06/21, 00:27:16.856, 7462061960968, vstest.console.dll, AssemblyResolver.OnResolve: Microsoft.Bcl.AsyncInterfaces: Assembly path does not exist: 'C:\Program Files\dotnet\sdk\8.0.300\Extensions\Microsoft.Bcl.AsyncInterfaces.dll', returning.
TpTrace Information: 0 : 18104, 1, 2024/06/21, 00:27:16.856, 7462061961729, vstest.console.dll, AssemblyResolver.OnResolve: Microsoft.Bcl.AsyncInterfaces: Assembly path does not exist: 'C:\Program Files\dotnet\sdk\8.0.300\Extensions\Microsoft.Bcl.AsyncInterfaces.exe', returning.
TpTrace Information: 0 : 18104, 1, 2024/06/21, 00:27:16.856, 7462061961953, vstest.console.dll, AssemblyResolver.OnResolve: Microsoft.Bcl.AsyncInterfaces: Searching in: 'C:\Program Files\dotnet\sdk\8.0.300'.
TpTrace Information: 0 : 18104, 1, 2024/06/21, 00:27:16.856, 7462061962321, vstest.console.dll, AssemblyResolver.OnResolve: Microsoft.Bcl.AsyncInterfaces: Assembly path does not exist: 'C:\Program Files\dotnet\sdk\8.0.300\Microsoft.Bcl.AsyncInterfaces.dll', returning.
TpTrace Information: 0 : 18104, 1, 2024/06/21, 00:27:16.856, 7462061962690, vstest.console.dll, AssemblyResolver.OnResolve: Microsoft.Bcl.AsyncInterfaces: Assembly path does not exist: 'C:\Program Files\dotnet\sdk\8.0.300\Microsoft.Bcl.AsyncInterfaces.exe', returning.
TpTrace Information: 0 : 18104, 1, 2024/06/21, 00:27:16.856, 7462061962925, vstest.console.dll, AssemblyResolver.OnResolve: Microsoft.Bcl.AsyncInterfaces: Failed to load assembly.
TpTrace Verbose: 0 : 18104, 1, 2024/06/21, 00:27:16.856, 7462061963179, vstest.console.dll, CurrentDomainAssemblyResolve: Resolving assembly 'Microsoft.Bcl.AsyncInterfaces'.
TpTrace Information: 0 : 18104, 1, 2024/06/21, 00:27:16.856, 7462061963601, vstest.console.dll, AssemblyResolver.OnResolve: Microsoft.Bcl.AsyncInterfaces: Resolving assembly.
TpTrace Information: 0 : 18104, 1, 2024/06/21, 00:27:16.856, 7462061963835, vstest.console.dll, AssemblyResolver.OnResolve: Microsoft.Bcl.AsyncInterfaces: Resolved from cache.
TpTrace Verbose: 0 : 18104, 1, 2024/06/21, 00:27:16.856, 7462061964056, vstest.console.dll, CurrentDomainAssemblyResolve: Resolving assembly 'Microsoft.Bcl.AsyncInterfaces'.
TpTrace Verbose: 0 : 18104, 1, 2024/06/21, 00:27:16.856, 7462061964260, vstest.console.dll, CurrentDomainAssemblyResolve: Failed to resolve assembly 'Microsoft.Bcl.AsyncInterfaces'.
TpTrace Verbose: 0 : 18104, 1, 2024/06/21, 00:27:16.860, 7462062003364, vstest.console.dll, CurrentDomainAssemblyResolve: Failed to resolve assembly 'Microsoft.Bcl.AsyncInterfaces'.
TpTrace Warning: 0 : 18104, 1, 2024/06/21, 00:27:16.876, 7462062160474, vstest.console.dll, TestPluginDiscoverer: Failed to get types from assembly 'Microsoft.Diagnostics.NETCore.Client, Version=0.2.10.15101, Culture=neutral, PublicKeyToken=31bf3856ad364e35'. Error: System.Reflection.ReflectionTypeLoadException: Unable to load one or more of the requested types.
Could not load file or assembly 'Microsoft.Bcl.AsyncInterfaces, Version=6.0.0.0, Culture=neutral, PublicKeyToken=cc7b13ffcd2ddd51'. The system cannot find the file specified.
   at System.Reflection.RuntimeModule.GetTypes(RuntimeModule module)
   at System.Reflection.RuntimeModule.GetTypes()
   at Microsoft.VisualStudio.TestPlatform.Common.ExtensionFramework.TestPluginDiscoverer.GetTestExtensionsFromAssembly[TPluginInfo,TExtension](Assembly assembly, Dictionary`2 pluginInfos, String filePath) in /_/src/Microsoft.TestPlatform.Common/ExtensionFramework/TestPluginDiscoverer.cs:line 158
System.IO.FileNotFoundException: Could not load file or assembly 'Microsoft.Bcl.AsyncInterfaces, Version=6.0.0.0, Culture=neutral, PublicKeyToken=cc7b13ffcd2ddd51'. The system cannot find the file specified.
File name: 'Microsoft.Bcl.AsyncInterfaces, Version=6.0.0.0, Culture=neutral, PublicKeyToken=cc7b13ffcd2ddd51'
 ---> System.IO.FileNotFoundException: Could not load file or assembly 'Microsoft.Bcl.AsyncInterfaces, Culture=neutral, PublicKeyToken=null'. The system cannot find the file specified.
File name: 'Microsoft.Bcl.AsyncInterfaces, Culture=neutral, PublicKeyToken=null'
   at System.Reflection.RuntimeAssembly.InternalLoad(AssemblyName assemblyName, StackCrawlMark& stackMark, AssemblyLoadContext assemblyLoadContext, RuntimeAssembly requestingAssembly, Boolean throwOnFileNotFound)
   at System.Reflection.Assembly.Load(AssemblyName assemblyRef)
   at Microsoft.VisualStudio.TestPlatform.Common.ExtensionFramework.TestPluginCache.CurrentDomainAssemblyResolve(Object sender, AssemblyResolveEventArgs args) in /_/src/Microsoft.TestPlatform.Common/ExtensionFramework/TestPluginCache.cs:line 513
   at System.Runtime.Loader.AssemblyLoadContext.GetFirstResolvedAssemblyFromResolvingEvent(AssemblyName assemblyName)
   at System.Runtime.Loader.AssemblyLoadContext.ResolveUsingEvent(AssemblyName assemblyName)
   at System.Runtime.Loader.AssemblyLoadContext.ResolveUsingResolvingEvent(IntPtr gchManagedAssemblyLoadContext, AssemblyName assemblyName)
TpTrace Warning: 0 : 18104, 1, 2024/06/21, 00:27:16.876, 7462062163278, vstest.console.dll, LoaderExceptions: System.IO.FileNotFoundException: Could not load file or assembly 'Microsoft.Bcl.AsyncInterfaces, Version=6.0.0.0, Culture=neutral, PublicKeyToken=cc7b13ffcd2ddd51'. The system cannot find the file specified.
File name: 'Microsoft.Bcl.AsyncInterfaces, Version=6.0.0.0, Culture=neutral, PublicKeyToken=cc7b13ffcd2ddd51'
 ---> System.IO.FileNotFoundException: Could not load file or assembly 'Microsoft.Bcl.AsyncInterfaces, Culture=neutral, PublicKeyToken=null'. The system cannot find the file specified.
File name: 'Microsoft.Bcl.AsyncInterfaces, Culture=neutral, PublicKeyToken=null'
   at System.Reflection.RuntimeAssembly.InternalLoad(AssemblyName assemblyName, StackCrawlMark& stackMark, AssemblyLoadContext assemblyLoadContext, RuntimeAssembly requestingAssembly, Boolean throwOnFileNotFound)
   at System.Reflection.Assembly.Load(AssemblyName assemblyRef)
   at Microsoft.VisualStudio.TestPlatform.Common.ExtensionFramework.TestPluginCache.CurrentDomainAssemblyResolve(Object sender, AssemblyResolveEventArgs args) in /_/src/Microsoft.TestPlatform.Common/ExtensionFramework/TestPluginCache.cs:line 513
   at System.Runtime.Loader.AssemblyLoadContext.GetFirstResolvedAssemblyFromResolvingEvent(AssemblyName assemblyName)
   at System.Runtime.Loader.AssemblyLoadContext.ResolveUsingEvent(AssemblyName assemblyName)
   at System.Runtime.Loader.AssemblyLoadContext.ResolveUsingResolvingEvent(IntPtr gchManagedAssemblyLoadContext, AssemblyName assemblyName)
TpTrace Information: 0 : 18104, 1, 2024/06/21, 00:27:16.876, 7462062164457, vstest.console.dll, AssemblyResolver.OnResolve: Microsoft.TestPlatform.Extensions.BlameDataCollector: Resolving assembly.
TpTrace Information: 0 : 18104, 1, 2024/06/21, 00:27:16.876, 7462062164796, vstest.console.dll, AssemblyResolver.OnResolve: Microsoft.TestPlatform.Extensions.BlameDataCollector: Searching in: 'C:\Program Files\dotnet\sdk\8.0.300\Extensions'.
TpTrace Information: 0 : 18104, 1, 2024/06/21, 00:27:16.877, 7462062170887, vstest.console.dll, AssemblyResolver.OnResolve: Microsoft.TestPlatform.Extensions.BlameDataCollector: Loading assembly 'C:\Program Files\dotnet\sdk\8.0.300\Extensions\Microsoft.TestPlatform.Extensions.BlameDataCollector.dll'.
TpTrace Information: 0 : 18104, 1, 2024/06/21, 00:27:16.878, 7462062179045, vstest.console.dll, AssemblyResolver.OnResolve: Resolved assembly: Microsoft.TestPlatform.Extensions.BlameDataCollector, from path: C:\Program Files\dotnet\sdk\8.0.300\Extensions\Microsoft.TestPlatform.Extensions.BlameDataCollector.dll
TpTrace Verbose: 0 : 18104, 1, 2024/06/21, 00:27:16.878, 7462062179755, vstest.console.dll, MetadataReaderExtensionsHelper: Discovering extensions inside assembly 'Microsoft.TestPlatform.Extensions.BlameDataCollector, Version=15.0.0.0, Culture=neutral, PublicKeyToken=b03f5f7f11d50a3a' file path 'C:\Program Files\dotnet\sdk\8.0.300\Extensions\Microsoft.TestPlatform.Extensions.BlameDataCollector.dll'
TpTrace Information: 0 : 18104, 1, 2024/06/21, 00:27:16.879, 7462062192143, vstest.console.dll, AssemblyResolver.OnResolve: Microsoft.TestPlatform.Extensions.EventLogCollector: Resolving assembly.
TpTrace Information: 0 : 18104, 1, 2024/06/21, 00:27:16.879, 7462062192586, vstest.console.dll, AssemblyResolver.OnResolve: Microsoft.TestPlatform.Extensions.EventLogCollector: Searching in: 'C:\Program Files\dotnet\sdk\8.0.300\Extensions'.
TpTrace Information: 0 : 18104, 1, 2024/06/21, 00:27:16.879, 7462062197237, vstest.console.dll, AssemblyResolver.OnResolve: Microsoft.TestPlatform.Extensions.EventLogCollector: Loading assembly 'C:\Program Files\dotnet\sdk\8.0.300\Extensions\Microsoft.TestPlatform.Extensions.EventLogCollector.dll'.
TpTrace Information: 0 : 18104, 1, 2024/06/21, 00:27:16.880, 7462062199948, vstest.console.dll, AssemblyResolver.OnResolve: Resolved assembly: Microsoft.TestPlatform.Extensions.EventLogCollector, from path: C:\Program Files\dotnet\sdk\8.0.300\Extensions\Microsoft.TestPlatform.Extensions.EventLogCollector.dll
TpTrace Verbose: 0 : 18104, 1, 2024/06/21, 00:27:16.880, 7462062200400, vstest.console.dll, MetadataReaderExtensionsHelper: Discovering extensions inside assembly 'Microsoft.TestPlatform.Extensions.EventLogCollector, Version=15.0.0.0, Culture=neutral, PublicKeyToken=b03f5f7f11d50a3a' file path 'C:\Program Files\dotnet\sdk\8.0.300\Extensions\Microsoft.TestPlatform.Extensions.EventLogCollector.dll'
TpTrace Information: 0 : 18104, 1, 2024/06/21, 00:27:16.882, 7462062220874, vstest.console.dll, AssemblyResolver.OnResolve: Microsoft.TestPlatform.TestHostRuntimeProvider: Resolving assembly.
TpTrace Information: 0 : 18104, 1, 2024/06/21, 00:27:16.882, 7462062221539, vstest.console.dll, AssemblyResolver.OnResolve: Microsoft.TestPlatform.TestHostRuntimeProvider: Searching in: 'C:\Program Files\dotnet\sdk\8.0.300\Extensions'.
TpTrace Information: 0 : 18104, 1, 2024/06/21, 00:27:16.882, 7462062225578, vstest.console.dll, AssemblyResolver.OnResolve: Microsoft.TestPlatform.TestHostRuntimeProvider: Loading assembly 'C:\Program Files\dotnet\sdk\8.0.300\Extensions\Microsoft.TestPlatform.TestHostRuntimeProvider.dll'.
TpTrace Information: 0 : 18104, 1, 2024/06/21, 00:27:16.883, 7462062233552, vstest.console.dll, AssemblyResolver.OnResolve: Resolved assembly: Microsoft.TestPlatform.TestHostRuntimeProvider, from path: C:\Program Files\dotnet\sdk\8.0.300\Extensions\Microsoft.TestPlatform.TestHostRuntimeProvider.dll
TpTrace Verbose: 0 : 18104, 1, 2024/06/21, 00:27:16.883, 7462062234155, vstest.console.dll, MetadataReaderExtensionsHelper: Discovering extensions inside assembly 'Microsoft.TestPlatform.TestHostRuntimeProvider, Version=15.0.0.0, Culture=neutral, PublicKeyToken=b03f5f7f11d50a3a' file path 'C:\Program Files\dotnet\sdk\8.0.300\Extensions\Microsoft.TestPlatform.TestHostRuntimeProvider.dll'
TpTrace Information: 0 : 18104, 1, 2024/06/21, 00:27:16.885, 7462062248965, vstest.console.dll, GetTestExtensionFromType: Register extension with identifier data 'HostProvider://DefaultTestHost' and type 'Microsoft.VisualStudio.TestPlatform.CrossPlatEngine.Hosting.DefaultTestHostManager, Microsoft.TestPlatform.TestHostRuntimeProvider, Version=15.0.0.0, Culture=neutral, PublicKeyToken=b03f5f7f11d50a3a' inside file 'C:\Program Files\dotnet\sdk\8.0.300\Extensions\Microsoft.TestPlatform.TestHostRuntimeProvider.dll'
TpTrace Information: 0 : 18104, 1, 2024/06/21, 00:27:16.885, 7462062250729, vstest.console.dll, GetTestExtensionFromType: Register extension with identifier data 'HostProvider://DotnetTestHost' and type 'Microsoft.VisualStudio.TestPlatform.CrossPlatEngine.Hosting.DotnetTestHostManager, Microsoft.TestPlatform.TestHostRuntimeProvider, Version=15.0.0.0, Culture=neutral, PublicKeyToken=b03f5f7f11d50a3a' inside file 'C:\Program Files\dotnet\sdk\8.0.300\Extensions\Microsoft.TestPlatform.TestHostRuntimeProvider.dll'
TpTrace Information: 0 : 18104, 1, 2024/06/21, 00:27:16.885, 7462062251268, vstest.console.dll, AssemblyResolver.OnResolve: Microsoft.VisualStudio.TestPlatform.Extensions.Html.TestLogger: Resolving assembly.
TpTrace Information: 0 : 18104, 1, 2024/06/21, 00:27:16.885, 7462062251550, vstest.console.dll, AssemblyResolver.OnResolve: Microsoft.VisualStudio.TestPlatform.Extensions.Html.TestLogger: Searching in: 'C:\Program Files\dotnet\sdk\8.0.300\Extensions'.
TpTrace Information: 0 : 18104, 1, 2024/06/21, 00:27:16.885, 7462062255221, vstest.console.dll, AssemblyResolver.OnResolve: Microsoft.VisualStudio.TestPlatform.Extensions.Html.TestLogger: Loading assembly 'C:\Program Files\dotnet\sdk\8.0.300\Extensions\Microsoft.VisualStudio.TestPlatform.Extensions.Html.TestLogger.dll'.
TpTrace Information: 0 : 18104, 1, 2024/06/21, 00:27:16.886, 7462062259875, vstest.console.dll, AssemblyResolver.OnResolve: Resolved assembly: Microsoft.VisualStudio.TestPlatform.Extensions.Html.TestLogger, from path: C:\Program Files\dotnet\sdk\8.0.300\Extensions\Microsoft.VisualStudio.TestPlatform.Extensions.Html.TestLogger.dll
TpTrace Verbose: 0 : 18104, 1, 2024/06/21, 00:27:16.886, 7462062260357, vstest.console.dll, MetadataReaderExtensionsHelper: Discovering extensions inside assembly 'Microsoft.VisualStudio.TestPlatform.Extensions.Html.TestLogger, Version=15.0.0.0, Culture=neutral, PublicKeyToken=b03f5f7f11d50a3a' file path 'C:\Program Files\dotnet\sdk\8.0.300\Extensions\Microsoft.VisualStudio.TestPlatform.Extensions.Html.TestLogger.dll'
TpTrace Information: 0 : 18104, 1, 2024/06/21, 00:27:16.886, 7462062266215, vstest.console.dll, AssemblyResolver.OnResolve: Microsoft.VisualStudio.TestPlatform.Extensions.Trx.TestLogger: Resolving assembly.
TpTrace Information: 0 : 18104, 1, 2024/06/21, 00:27:16.886, 7462062266602, vstest.console.dll, AssemblyResolver.OnResolve: Microsoft.VisualStudio.TestPlatform.Extensions.Trx.TestLogger: Searching in: 'C:\Program Files\dotnet\sdk\8.0.300\Extensions'.
TpTrace Information: 0 : 18104, 1, 2024/06/21, 00:27:16.887, 7462062272875, vstest.console.dll, AssemblyResolver.OnResolve: Microsoft.VisualStudio.TestPlatform.Extensions.Trx.TestLogger: Loading assembly 'C:\Program Files\dotnet\sdk\8.0.300\Extensions\Microsoft.VisualStudio.TestPlatform.Extensions.Trx.TestLogger.dll'.
TpTrace Information: 0 : 18104, 1, 2024/06/21, 00:27:16.888, 7462062281855, vstest.console.dll, AssemblyResolver.OnResolve: Resolved assembly: Microsoft.VisualStudio.TestPlatform.Extensions.Trx.TestLogger, from path: C:\Program Files\dotnet\sdk\8.0.300\Extensions\Microsoft.VisualStudio.TestPlatform.Extensions.Trx.TestLogger.dll
TpTrace Verbose: 0 : 18104, 1, 2024/06/21, 00:27:16.888, 7462062282458, vstest.console.dll, MetadataReaderExtensionsHelper: Discovering extensions inside assembly 'Microsoft.VisualStudio.TestPlatform.Extensions.Trx.TestLogger, Version=15.0.0.0, Culture=neutral, PublicKeyToken=b03f5f7f11d50a3a' file path 'C:\Program Files\dotnet\sdk\8.0.300\Extensions\Microsoft.VisualStudio.TestPlatform.Extensions.Trx.TestLogger.dll'
TpTrace Verbose: 0 : 18104, 1, 2024/06/21, 00:27:16.889, 7462062297352, vstest.console.dll, TestPluginCache: Discovered the extensions using extension path ''.
TpTrace Verbose: 0 : 18104, 1, 2024/06/21, 00:27:16.890, 7462062298291, vstest.console.dll, TestPluginCache: Discoverers are ''.
TpTrace Verbose: 0 : 18104, 1, 2024/06/21, 00:27:16.890, 7462062298505, vstest.console.dll, TestPluginCache: Executors are ''.
TpTrace Verbose: 0 : 18104, 1, 2024/06/21, 00:27:16.890, 7462062298686, vstest.console.dll, TestPluginCache: Executors2 are ''.
TpTrace Verbose: 0 : 18104, 1, 2024/06/21, 00:27:16.890, 7462062298863, vstest.console.dll, TestPluginCache: Setting providers are ''.
TpTrace Verbose: 0 : 18104, 1, 2024/06/21, 00:27:16.890, 7462062299139, vstest.console.dll, TestPluginCache: Loggers are ''.
TpTrace Verbose: 0 : 18104, 1, 2024/06/21, 00:27:16.890, 7462062300659, vstest.console.dll, TestPluginCache: TestHosts are 'HostProvider://DefaultTestHost,HostProvider://DotnetTestHost'.
TpTrace Verbose: 0 : 18104, 1, 2024/06/21, 00:27:16.890, 7462062300970, vstest.console.dll, TestPluginCache: DataCollectors are ''.
TpTrace Information: 0 : 18104, 1, 2024/06/21, 00:27:16.908, 7462062479130, vstest.console.dll, RunTestsArgumentProcessor:Execute: Test run is starting.
TpTrace Verbose: 0 : 18104, 1, 2024/06/21, 00:27:16.908, 7462062480455, vstest.console.dll, RunTestsArgumentProcessor:Execute: Queuing Test run.
TpTrace Information: 0 : 18104, 1, 2024/06/21, 00:27:16.908, 7462062482590, vstest.console.dll, TestRequestManager.RunTests: run tests started.
TpTrace Information: 0 : 18104, 1, 2024/06/21, 00:27:16.909, 7462062494083, vstest.console.dll, AssemblyMetadataProvider.GetFrameworkName: Determined framework:'.NETCoreApp,Version=v6.0' for source: 'C:\Users\ignle\OneDrive\Desktop\Vladimir\KLA_Final\NumberConverter_Tests\bin\Debug\net6.0\fine-code-coverage\build-output\NumberConverter_Tests.dll'
TpTrace Information: 0 : 18104, 1, 2024/06/21, 00:27:16.909, 7462062495478, vstest.console.dll, Determined framework for all sources: .NETCoreApp,Version=v6.0
TpTrace Verbose: 0 : 18104, 1, 2024/06/21, 00:27:16.910, 7462062497832, vstest.console.dll, TestRequestManager.UpdateRunSettingsIfRequired: Default architecture: X64 IsDefaultTargetArchitecture: True, Current process architecture: X64 OperatingSystem: Windows.
TpTrace Information: 0 : 18104, 1, 2024/06/21, 00:27:16.911, 7462062509554, vstest.console.dll, AssemblyMetadataProvider.GetArchitecture: Determined architecture:AnyCPU info for assembly: C:\Users\ignle\OneDrive\Desktop\Vladimir\KLA_Final\NumberConverter_Tests\bin\Debug\net6.0\fine-code-coverage\build-output\NumberConverter_Tests.dll
TpTrace Information: 0 : 18104, 1, 2024/06/21, 00:27:16.911, 7462062510048, vstest.console.dll, Determined platform for source 'C:\Users\ignle\OneDrive\Desktop\Vladimir\KLA_Final\NumberConverter_Tests\bin\Debug\net6.0\fine-code-coverage\build-output\NumberConverter_Tests.dll' was AnyCPU and it will use the default plaform X64.
TpTrace Information: 0 : 18104, 1, 2024/06/21, 00:27:16.911, 7462062510232, vstest.console.dll, None of the sources provided any runnable platform, using the default platform: X64
TpTrace Information: 0 : 18104, 1, 2024/06/21, 00:27:16.911, 7462062510871, vstest.console.dll, Platform was updated to 'X64'.
TpTrace Information: 0 : 18104, 1, 2024/06/21, 00:27:16.915, 7462062548977, vstest.console.dll, InferRunSettingsHelper.IsTestSettingsEnabled: Unable to navigate to RunSettings/MSTest. Current node: RunSettings
TpTrace Information: 0 : 18104, 1, 2024/06/21, 00:27:16.915, 7462062553783, vstest.console.dll, AssemblyResolver.OnResolve: Microsoft.VisualStudio.TestPlatform.Fakes: Resolving assembly.
TpTrace Information: 0 : 18104, 1, 2024/06/21, 00:27:16.915, 7462062554392, vstest.console.dll, AssemblyResolver.OnResolve: Microsoft.VisualStudio.TestPlatform.Fakes: Searching in: 'C:\Program Files\dotnet\sdk\8.0.300\Extensions'.
TpTrace Information: 0 : 18104, 1, 2024/06/21, 00:27:16.915, 7462062555210, vstest.console.dll, AssemblyResolver.OnResolve: Microsoft.VisualStudio.TestPlatform.Fakes: Assembly path does not exist: 'C:\Program Files\dotnet\sdk\8.0.300\Extensions\Microsoft.VisualStudio.TestPlatform.Fakes.dll', returning.
TpTrace Information: 0 : 18104, 1, 2024/06/21, 00:27:16.915, 7462062555660, vstest.console.dll, AssemblyResolver.OnResolve: Microsoft.VisualStudio.TestPlatform.Fakes: Assembly path does not exist: 'C:\Program Files\dotnet\sdk\8.0.300\Extensions\Microsoft.VisualStudio.TestPlatform.Fakes.exe', returning.
TpTrace Information: 0 : 18104, 1, 2024/06/21, 00:27:16.915, 7462062555878, vstest.console.dll, AssemblyResolver.OnResolve: Microsoft.VisualStudio.TestPlatform.Fakes: Searching in: 'C:\Program Files\dotnet\sdk\8.0.300'.
TpTrace Information: 0 : 18104, 1, 2024/06/21, 00:27:16.915, 7462062556298, vstest.console.dll, AssemblyResolver.OnResolve: Microsoft.VisualStudio.TestPlatform.Fakes: Assembly path does not exist: 'C:\Program Files\dotnet\sdk\8.0.300\Microsoft.VisualStudio.TestPlatform.Fakes.dll', returning.
TpTrace Information: 0 : 18104, 1, 2024/06/21, 00:27:16.915, 7462062556636, vstest.console.dll, AssemblyResolver.OnResolve: Microsoft.VisualStudio.TestPlatform.Fakes: Assembly path does not exist: 'C:\Program Files\dotnet\sdk\8.0.300\Microsoft.VisualStudio.TestPlatform.Fakes.exe', returning.
TpTrace Information: 0 : 18104, 1, 2024/06/21, 00:27:16.915, 7462062556853, vstest.console.dll, AssemblyResolver.OnResolve: Microsoft.VisualStudio.TestPlatform.Fakes: Failed to load assembly.
TpTrace Information: 0 : 18104, 1, 2024/06/21, 00:27:16.916, 7462062558728, vstest.console.dll, Failed to load assembly Microsoft.VisualStudio.TestPlatform.Fakes, Version=17.0.0.0, Culture=neutral. Reason:System.IO.FileNotFoundException: Could not load file or assembly 'Microsoft.VisualStudio.TestPlatform.Fakes, Version=17.0.0.0, Culture=neutral, PublicKeyToken=null'. The system cannot find the file specified.
File name: 'Microsoft.VisualStudio.TestPlatform.Fakes, Version=17.0.0.0, Culture=neutral, PublicKeyToken=null'
   at System.Reflection.RuntimeAssembly.InternalLoad(AssemblyName assemblyName, StackCrawlMark& stackMark, AssemblyLoadContext assemblyLoadContext, RuntimeAssembly requestingAssembly, Boolean throwOnFileNotFound)
   at System.Reflection.Assembly.Load(AssemblyName assemblyRef)
   at Microsoft.VisualStudio.TestPlatform.Common.Utilities.FakesUtilities.LoadTestPlatformAssembly() in /_/src/Microsoft.TestPlatform.Common/Utilities/FakesUtilities.cs:line 272
TpTrace Verbose: 0 : 18104, 1, 2024/06/21, 00:27:16.919, 7462062588374, vstest.console.dll, TestPluginCache.DiscoverTestExtensions: finding test extensions in assemblies ends with: TestLogger.dll TPluginInfo: Microsoft.VisualStudio.TestPlatform.Common.ExtensionFramework.Utilities.TestLoggerPluginInformation TExtension: Microsoft.VisualStudio.TestPlatform.ObjectModel.Client.ITestLogger
TpTrace Verbose: 0 : 18104, 1, 2024/06/21, 00:27:16.919, 7462062589199, vstest.console.dll, TestPluginCache.GetExtensionPaths: Filtered extension paths: 
TpTrace Verbose: 0 : 18104, 1, 2024/06/21, 00:27:16.919, 7462062589422, vstest.console.dll, TestPluginCache.GetExtensionPaths: Added default extension paths: C:\Program Files\dotnet\sdk\8.0.300\Extensions\Microsoft.Diagnostics.NETCore.Client.dll
C:\Program Files\dotnet\sdk\8.0.300\Extensions\Microsoft.TestPlatform.Extensions.BlameDataCollector.dll
C:\Program Files\dotnet\sdk\8.0.300\Extensions\Microsoft.TestPlatform.Extensions.EventLogCollector.dll
C:\Program Files\dotnet\sdk\8.0.300\Extensions\Microsoft.TestPlatform.TestHostRuntimeProvider.dll
C:\Program Files\dotnet\sdk\8.0.300\Extensions\Microsoft.VisualStudio.TestPlatform.Extensions.Html.TestLogger.dll
C:\Program Files\dotnet\sdk\8.0.300\Extensions\Microsoft.VisualStudio.TestPlatform.Extensions.Trx.TestLogger.dll
TpTrace Verbose: 0 : 18104, 1, 2024/06/21, 00:27:16.919, 7462062589603, vstest.console.dll, TestPluginCache.GetExtensionPaths: Added unfilterableExtensionPaths: 
TpTrace Information: 0 : 18104, 1, 2024/06/21, 00:27:16.919, 7462062590448, vstest.console.dll, AssemblyResolver.AddSearchDirectories: Adding more searchDirectories C:\Program Files\dotnet\sdk\8.0.300\Extensions,C:\Program Files\dotnet\sdk\8.0.300
TpTrace Verbose: 0 : 18104, 1, 2024/06/21, 00:27:16.919, 7462062590746, vstest.console.dll, TestPluginCache.DiscoverTestExtensions: Discovering the extensions using extension path.
TpTrace Verbose: 0 : 18104, 1, 2024/06/21, 00:27:16.919, 7462062590961, vstest.console.dll, TestPluginCache.GetExtensionPaths: Filtered extension paths: 
TpTrace Verbose: 0 : 18104, 1, 2024/06/21, 00:27:16.919, 7462062591153, vstest.console.dll, TestPluginCache.GetExtensionPaths: Added default extension paths: C:\Program Files\dotnet\sdk\8.0.300\Extensions\Microsoft.Diagnostics.NETCore.Client.dll
C:\Program Files\dotnet\sdk\8.0.300\Extensions\Microsoft.TestPlatform.Extensions.BlameDataCollector.dll
C:\Program Files\dotnet\sdk\8.0.300\Extensions\Microsoft.TestPlatform.Extensions.EventLogCollector.dll
C:\Program Files\dotnet\sdk\8.0.300\Extensions\Microsoft.TestPlatform.TestHostRuntimeProvider.dll
C:\Program Files\dotnet\sdk\8.0.300\Extensions\Microsoft.VisualStudio.TestPlatform.Extensions.Html.TestLogger.dll
C:\Program Files\dotnet\sdk\8.0.300\Extensions\Microsoft.VisualStudio.TestPlatform.Extensions.Trx.TestLogger.dll
TpTrace Verbose: 0 : 18104, 1, 2024/06/21, 00:27:16.919, 7462062591334, vstest.console.dll, TestPluginCache.GetExtensionPaths: Added unfilterableExtensionPaths: 
TpTrace Verbose: 0 : 18104, 1, 2024/06/21, 00:27:16.919, 7462062591561, vstest.console.dll, TestPluginCache.DiscoverTestExtensions: Discovering the extensions using allExtensionPaths: C:\Program Files\dotnet\sdk\8.0.300\Extensions\Microsoft.Diagnostics.NETCore.Client.dll
C:\Program Files\dotnet\sdk\8.0.300\Extensions\Microsoft.TestPlatform.Extensions.BlameDataCollector.dll
C:\Program Files\dotnet\sdk\8.0.300\Extensions\Microsoft.TestPlatform.Extensions.EventLogCollector.dll
C:\Program Files\dotnet\sdk\8.0.300\Extensions\Microsoft.TestPlatform.TestHostRuntimeProvider.dll
C:\Program Files\dotnet\sdk\8.0.300\Extensions\Microsoft.VisualStudio.TestPlatform.Extensions.Html.TestLogger.dll
C:\Program Files\dotnet\sdk\8.0.300\Extensions\Microsoft.VisualStudio.TestPlatform.Extensions.Trx.TestLogger.dll
TpTrace Information: 0 : 18104, 1, 2024/06/21, 00:27:16.919, 7462062592319, vstest.console.dll, AssemblyResolver.AddSearchDirectories: Adding more searchDirectories C:\Program Files\dotnet\sdk\8.0.300\Extensions,C:\Program Files\dotnet\sdk\8.0.300
TpTrace Information: 0 : 18104, 1, 2024/06/21, 00:27:16.919, 7462062592625, vstest.console.dll, AssemblyResolver.AddSearchDirectories: Adding more searchDirectories C:\Program Files\dotnet\sdk\8.0.300\Extensions,C:\Program Files\dotnet\sdk\8.0.300
TpTrace Information: 0 : 18104, 1, 2024/06/21, 00:27:16.919, 7462062592832, vstest.console.dll, AssemblyResolver.AddSearchDirectories: Adding more searchDirectories C:\Program Files\dotnet\sdk\8.0.300\Extensions,C:\Program Files\dotnet\sdk\8.0.300
TpTrace Information: 0 : 18104, 1, 2024/06/21, 00:27:16.919, 7462062593025, vstest.console.dll, AssemblyResolver.AddSearchDirectories: Adding more searchDirectories C:\Program Files\dotnet\sdk\8.0.300\Extensions,C:\Program Files\dotnet\sdk\8.0.300
TpTrace Information: 0 : 18104, 1, 2024/06/21, 00:27:16.919, 7462062593221, vstest.console.dll, AssemblyResolver.AddSearchDirectories: Adding more searchDirectories C:\Program Files\dotnet\sdk\8.0.300\Extensions,C:\Program Files\dotnet\sdk\8.0.300
TpTrace Information: 0 : 18104, 1, 2024/06/21, 00:27:16.919, 7462062593467, vstest.console.dll, AssemblyResolver.AddSearchDirectories: Adding more searchDirectories C:\Program Files\dotnet\sdk\8.0.300\Extensions,C:\Program Files\dotnet\sdk\8.0.300
TpTrace Verbose: 0 : 18104, 1, 2024/06/21, 00:27:16.919, 7462062594270, vstest.console.dll, MetadataReaderExtensionsHelper: Discovering extensions inside assembly 'Microsoft.Diagnostics.NETCore.Client, Version=0.2.10.15101, Culture=neutral, PublicKeyToken=31bf3856ad364e35' file path 'C:\Program Files\dotnet\sdk\8.0.300\Extensions\Microsoft.Diagnostics.NETCore.Client.dll'
TpTrace Information: 0 : 18104, 1, 2024/06/21, 00:27:16.920, 7462062602444, vstest.console.dll, AssemblyResolver.OnResolve: Microsoft.Bcl.AsyncInterfaces: Resolving assembly.
TpTrace Information: 0 : 18104, 1, 2024/06/21, 00:27:16.920, 7462062602967, vstest.console.dll, AssemblyResolver.OnResolve: Microsoft.Bcl.AsyncInterfaces: Resolved from cache.
TpTrace Verbose: 0 : 18104, 1, 2024/06/21, 00:27:16.920, 7462062603187, vstest.console.dll, CurrentDomainAssemblyResolve: Resolving assembly 'Microsoft.Bcl.AsyncInterfaces'.
TpTrace Information: 0 : 18104, 1, 2024/06/21, 00:27:16.920, 7462062603507, vstest.console.dll, AssemblyResolver.OnResolve: Microsoft.Bcl.AsyncInterfaces: Resolving assembly.
TpTrace Information: 0 : 18104, 1, 2024/06/21, 00:27:16.920, 7462062603732, vstest.console.dll, AssemblyResolver.OnResolve: Microsoft.Bcl.AsyncInterfaces: Resolved from cache.
TpTrace Verbose: 0 : 18104, 1, 2024/06/21, 00:27:16.920, 7462062603913, vstest.console.dll, CurrentDomainAssemblyResolve: Resolving assembly 'Microsoft.Bcl.AsyncInterfaces'.
TpTrace Verbose: 0 : 18104, 1, 2024/06/21, 00:27:16.920, 7462062604090, vstest.console.dll, CurrentDomainAssemblyResolve: Failed to resolve assembly 'Microsoft.Bcl.AsyncInterfaces'.
TpTrace Verbose: 0 : 18104, 1, 2024/06/21, 00:27:16.920, 7462062605527, vstest.console.dll, CurrentDomainAssemblyResolve: Failed to resolve assembly 'Microsoft.Bcl.AsyncInterfaces'.
TpTrace Warning: 0 : 18104, 1, 2024/06/21, 00:27:16.921, 7462062607856, vstest.console.dll, TestPluginDiscoverer: Failed to get types from assembly 'Microsoft.Diagnostics.NETCore.Client, Version=0.2.10.15101, Culture=neutral, PublicKeyToken=31bf3856ad364e35'. Error: System.Reflection.ReflectionTypeLoadException: Unable to load one or more of the requested types.
Could not load file or assembly 'Microsoft.Bcl.AsyncInterfaces, Version=6.0.0.0, Culture=neutral, PublicKeyToken=cc7b13ffcd2ddd51'. The system cannot find the file specified.
   at System.Reflection.RuntimeModule.GetTypes(RuntimeModule module)
   at System.Reflection.RuntimeModule.GetTypes()
   at Microsoft.VisualStudio.TestPlatform.Common.ExtensionFramework.TestPluginDiscoverer.GetTestExtensionsFromAssembly[TPluginInfo,TExtension](Assembly assembly, Dictionary`2 pluginInfos, String filePath) in /_/src/Microsoft.TestPlatform.Common/ExtensionFramework/TestPluginDiscoverer.cs:line 158
System.IO.FileNotFoundException: Could not load file or assembly 'Microsoft.Bcl.AsyncInterfaces, Version=6.0.0.0, Culture=neutral, PublicKeyToken=cc7b13ffcd2ddd51'. The system cannot find the file specified.
File name: 'Microsoft.Bcl.AsyncInterfaces, Version=6.0.0.0, Culture=neutral, PublicKeyToken=cc7b13ffcd2ddd51'
 ---> System.IO.FileNotFoundException: Could not load file or assembly 'Microsoft.Bcl.AsyncInterfaces, Culture=neutral, PublicKeyToken=null'. The system cannot find the file specified.
File name: 'Microsoft.Bcl.AsyncInterfaces, Culture=neutral, PublicKeyToken=null'
   at System.Reflection.RuntimeAssembly.InternalLoad(AssemblyName assemblyName, StackCrawlMark& stackMark, AssemblyLoadContext assemblyLoadContext, RuntimeAssembly requestingAssembly, Boolean throwOnFileNotFound)
   at System.Reflection.Assembly.Load(AssemblyName assemblyRef)
   at Microsoft.VisualStudio.TestPlatform.Common.ExtensionFramework.TestPluginCache.CurrentDomainAssemblyResolve(Object sender, AssemblyResolveEventArgs args) in /_/src/Microsoft.TestPlatform.Common/ExtensionFramework/TestPluginCache.cs:line 513
   at System.Runtime.Loader.AssemblyLoadContext.GetFirstResolvedAssemblyFromResolvingEvent(AssemblyName assemblyName)
   at System.Runtime.Loader.AssemblyLoadContext.ResolveUsingEvent(AssemblyName assemblyName)
   at System.Runtime.Loader.AssemblyLoadContext.ResolveUsingResolvingEvent(IntPtr gchManagedAssemblyLoadContext, AssemblyName assemblyName)
TpTrace Warning: 0 : 18104, 1, 2024/06/21, 00:27:16.921, 7462062608994, vstest.console.dll, LoaderExceptions: System.IO.FileNotFoundException: Could not load file or assembly 'Microsoft.Bcl.AsyncInterfaces, Version=6.0.0.0, Culture=neutral, PublicKeyToken=cc7b13ffcd2ddd51'. The system cannot find the file specified.
File name: 'Microsoft.Bcl.AsyncInterfaces, Version=6.0.0.0, Culture=neutral, PublicKeyToken=cc7b13ffcd2ddd51'
 ---> System.IO.FileNotFoundException: Could not load file or assembly 'Microsoft.Bcl.AsyncInterfaces, Culture=neutral, PublicKeyToken=null'. The system cannot find the file specified.
File name: 'Microsoft.Bcl.AsyncInterfaces, Culture=neutral, PublicKeyToken=null'
   at System.Reflection.RuntimeAssembly.InternalLoad(AssemblyName assemblyName, StackCrawlMark& stackMark, AssemblyLoadContext assemblyLoadContext, RuntimeAssembly requestingAssembly, Boolean throwOnFileNotFound)
   at System.Reflection.Assembly.Load(AssemblyName assemblyRef)
   at Microsoft.VisualStudio.TestPlatform.Common.ExtensionFramework.TestPluginCache.CurrentDomainAssemblyResolve(Object sender, AssemblyResolveEventArgs args) in /_/src/Microsoft.TestPlatform.Common/ExtensionFramework/TestPluginCache.cs:line 513
   at System.Runtime.Loader.AssemblyLoadContext.GetFirstResolvedAssemblyFromResolvingEvent(AssemblyName assemblyName)
   at System.Runtime.Loader.AssemblyLoadContext.ResolveUsingEvent(AssemblyName assemblyName)
   at System.Runtime.Loader.AssemblyLoadContext.ResolveUsingResolvingEvent(IntPtr gchManagedAssemblyLoadContext, AssemblyName assemblyName)
TpTrace Verbose: 0 : 18104, 1, 2024/06/21, 00:27:16.921, 7462062609588, vstest.console.dll, MetadataReaderExtensionsHelper: Discovering extensions inside assembly 'Microsoft.TestPlatform.Extensions.BlameDataCollector, Version=15.0.0.0, Culture=neutral, PublicKeyToken=b03f5f7f11d50a3a' file path 'C:\Program Files\dotnet\sdk\8.0.300\Extensions\Microsoft.TestPlatform.Extensions.BlameDataCollector.dll'
TpTrace Information: 0 : 18104, 1, 2024/06/21, 00:27:16.921, 7462062612763, vstest.console.dll, GetTestExtensionFromType: Register extension with identifier data 'logger://Microsoft/TestPlatform/Extensions/Blame/v1' and type 'Microsoft.TestPlatform.Extensions.BlameDataCollector.BlameLogger, Microsoft.TestPlatform.Extensions.BlameDataCollector, Version=15.0.0.0, Culture=neutral, PublicKeyToken=b03f5f7f11d50a3a' inside file 'C:\Program Files\dotnet\sdk\8.0.300\Extensions\Microsoft.TestPlatform.Extensions.BlameDataCollector.dll'
TpTrace Verbose: 0 : 18104, 1, 2024/06/21, 00:27:16.921, 7462062613312, vstest.console.dll, MetadataReaderExtensionsHelper: Discovering extensions inside assembly 'Microsoft.TestPlatform.Extensions.EventLogCollector, Version=15.0.0.0, Culture=neutral, PublicKeyToken=b03f5f7f11d50a3a' file path 'C:\Program Files\dotnet\sdk\8.0.300\Extensions\Microsoft.TestPlatform.Extensions.EventLogCollector.dll'
TpTrace Verbose: 0 : 18104, 1, 2024/06/21, 00:27:16.921, 7462062615300, vstest.console.dll, MetadataReaderExtensionsHelper: Discovering extensions inside assembly 'Microsoft.TestPlatform.TestHostRuntimeProvider, Version=15.0.0.0, Culture=neutral, PublicKeyToken=b03f5f7f11d50a3a' file path 'C:\Program Files\dotnet\sdk\8.0.300\Extensions\Microsoft.TestPlatform.TestHostRuntimeProvider.dll'
TpTrace Verbose: 0 : 18104, 1, 2024/06/21, 00:27:16.921, 7462062617334, vstest.console.dll, MetadataReaderExtensionsHelper: Discovering extensions inside assembly 'Microsoft.VisualStudio.TestPlatform.Extensions.Html.TestLogger, Version=15.0.0.0, Culture=neutral, PublicKeyToken=b03f5f7f11d50a3a' file path 'C:\Program Files\dotnet\sdk\8.0.300\Extensions\Microsoft.VisualStudio.TestPlatform.Extensions.Html.TestLogger.dll'
TpTrace Information: 0 : 18104, 1, 2024/06/21, 00:27:16.922, 7462062620985, vstest.console.dll, GetTestExtensionFromType: Register extension with identifier data 'logger://Microsoft/TestPlatform/HtmlLogger/v1' and type 'Microsoft.VisualStudio.TestPlatform.Extensions.HtmlLogger.HtmlLogger, Microsoft.VisualStudio.TestPlatform.Extensions.Html.TestLogger, Version=15.0.0.0, Culture=neutral, PublicKeyToken=b03f5f7f11d50a3a' inside file 'C:\Program Files\dotnet\sdk\8.0.300\Extensions\Microsoft.VisualStudio.TestPlatform.Extensions.Html.TestLogger.dll'
TpTrace Verbose: 0 : 18104, 1, 2024/06/21, 00:27:16.922, 7462062621544, vstest.console.dll, MetadataReaderExtensionsHelper: Discovering extensions inside assembly 'Microsoft.VisualStudio.TestPlatform.Extensions.Trx.TestLogger, Version=15.0.0.0, Culture=neutral, PublicKeyToken=b03f5f7f11d50a3a' file path 'C:\Program Files\dotnet\sdk\8.0.300\Extensions\Microsoft.VisualStudio.TestPlatform.Extensions.Trx.TestLogger.dll'
TpTrace Information: 0 : 18104, 1, 2024/06/21, 00:27:16.922, 7462062624447, vstest.console.dll, GetTestExtensionFromType: Register extension with identifier data 'logger://Microsoft/TestPlatform/TrxLogger/v1' and type 'Microsoft.VisualStudio.TestPlatform.Extensions.TrxLogger.TrxLogger, Microsoft.VisualStudio.TestPlatform.Extensions.Trx.TestLogger, Version=15.0.0.0, Culture=neutral, PublicKeyToken=b03f5f7f11d50a3a' inside file 'C:\Program Files\dotnet\sdk\8.0.300\Extensions\Microsoft.VisualStudio.TestPlatform.Extensions.Trx.TestLogger.dll'
TpTrace Verbose: 0 : 18104, 1, 2024/06/21, 00:27:16.922, 7462062625197, vstest.console.dll, TestPluginCache: Discovered the extensions using extension path ''.
TpTrace Verbose: 0 : 18104, 1, 2024/06/21, 00:27:16.922, 7462062625501, vstest.console.dll, TestPluginCache: Discoverers are ''.
TpTrace Verbose: 0 : 18104, 1, 2024/06/21, 00:27:16.922, 7462062625783, vstest.console.dll, TestPluginCache: Executors are ''.
TpTrace Verbose: 0 : 18104, 1, 2024/06/21, 00:27:16.922, 7462062625953, vstest.console.dll, TestPluginCache: Executors2 are ''.
TpTrace Verbose: 0 : 18104, 1, 2024/06/21, 00:27:16.922, 7462062626125, vstest.console.dll, TestPluginCache: Setting providers are ''.
TpTrace Verbose: 0 : 18104, 1, 2024/06/21, 00:27:16.923, 7462062628247, vstest.console.dll, TestPluginCache: Loggers are 'logger://Microsoft/TestPlatform/Extensions/Blame/v1,logger://Microsoft/TestPlatform/HtmlLogger/v1,logger://Microsoft/TestPlatform/TrxLogger/v1'.
TpTrace Verbose: 0 : 18104, 1, 2024/06/21, 00:27:16.923, 7462062628721, vstest.console.dll, TestPluginCache: TestHosts are 'HostProvider://DefaultTestHost,HostProvider://DotnetTestHost'.
TpTrace Verbose: 0 : 18104, 1, 2024/06/21, 00:27:16.923, 7462062628946, vstest.console.dll, TestPluginCache: DataCollectors are ''.
TpTrace Information: 0 : 18104, 1, 2024/06/21, 00:27:16.923, 7462062634616, vstest.console.dll, TestPluginManager.CreateTestExtension: Attempting to load test extension: Microsoft.TestPlatform.Extensions.BlameDataCollector.BlameLogger
TpTrace Verbose: 0 : 18104, 1, 2024/06/21, 00:27:16.931, 7462062716286, vstest.console.dll, TestEngine: Initializing Parallel Execution as MaxCpuCount is set to: 1
TpTrace Information: 0 : 18104, 1, 2024/06/21, 00:27:16.933, 7462062728439, vstest.console.dll, TestPluginManager.CreateTestExtension: Attempting to load test extension: Microsoft.VisualStudio.TestPlatform.CrossPlatEngine.Hosting.DefaultTestHostManager
TpTrace Information: 0 : 18104, 1, 2024/06/21, 00:27:16.933, 7462062733936, vstest.console.dll, TestPluginManager.CreateTestExtension: Attempting to load test extension: Microsoft.VisualStudio.TestPlatform.CrossPlatEngine.Hosting.DotnetTestHostManager
TpTrace Information: 0 : 18104, 1, 2024/06/21, 00:27:16.933, 7462062737334, vstest.console.dll, InferRunSettingsHelper.IsTestSettingsEnabled: Unable to navigate to RunSettings/MSTest. Current node: RunSettings
TpTrace Verbose: 0 : 18104, 1, 2024/06/21, 00:27:16.934, 7462062742377, vstest.console.dll, ParallelOperationManager.ClearSlots: Clearing all slots. Slots should accept more work: True
TpTrace Verbose: 0 : 18104, 1, 2024/06/21, 00:27:16.934, 7462062746237, vstest.console.dll, ParallelOperationManager.SetOccupiedSlotCount: Setting slot counts AvailableSlotCount = 1, OccupiedSlotCount = 0.
TpTrace Verbose: 0 : 18104, 1, 2024/06/21, 00:27:16.935, 7462062750421, vstest.console.dll, Occupied slots:

TpTrace Verbose: 0 : 18104, 1, 2024/06/21, 00:27:16.937, 7462062772157, vstest.console.dll, TestEngine.GetExecutionManager: Chosen execution manager 'Microsoft.VisualStudio.TestPlatform.CrossPlatEngine.Client.Parallel.ParallelProxyExecutionManager, Microsoft.TestPlatform.CrossPlatEngine, Version=15.0.0.0, Culture=neutral, PublicKeyToken=b03f5f7f11d50a3a' ParallelLevel '1'.
TpTrace Verbose: 0 : 18104, 1, 2024/06/21, 00:27:16.937, 7462062773142, vstest.console.dll, TestRunRequest.ExecuteAsync: Creating test run request.
TpTrace Verbose: 0 : 18104, 1, 2024/06/21, 00:27:16.937, 7462062774574, vstest.console.dll, TestRunRequest.ExecuteAsync: Starting.
TpTrace Information: 0 : 18104, 1, 2024/06/21, 00:27:16.938, 7462062781483, vstest.console.dll, TestRunRequest.ExecuteAsync: Starting run with settings:TestRunCriteria:
   KeepAlive=False,FrequencyOfRunStatsChangeEvent=10,RunStatsChangeEventTimeout=00:00:01.5000000,TestCaseFilter=,TestExecutorLauncher=
   Settingsxml=<RunSettings>
  <RunConfiguration>
    <ResultsDirectory>C:\Users\ignle\OneDrive\Desktop\Vladimir\KLA_Final\NumberConverter_Tests\bin\Debug\net6.0\fine-code-coverage\coverage-tool-output</ResultsDirectory>
    <TargetPlatform>X64</TargetPlatform>
    <TargetFrameworkVersion>.NETCoreApp,Version=v6.0</TargetFrameworkVersion>
    <DesignMode>False</DesignMode>
    <CollectSourceInformation>False</CollectSourceInformation>
  </RunConfiguration>
  <LoggerRunSettings>
    <Loggers>
      <Logger friendlyName="blame" enabled="True" />
      <Logger friendlyName="Console" uri="logger://microsoft/TestPlatform/ConsoleLogger/v1" assemblyQualifiedName="Microsoft.VisualStudio.TestPlatform.CommandLine.Internal.ConsoleLogger, vstest.console, Version=15.0.0.0, Culture=neutral, PublicKeyToken=b03f5f7f11d50a3a" codeBase="C:\Program Files\dotnet\sdk\8.0.300\vstest.console.dll" enabled="True" />
    </Loggers>
  </LoggerRunSettings>
  <DataCollectionRunSettings>
    <DataCollectors>
      <DataCollector friendlyName="blame" enabled="True">
        <Configuration>
          <ResultsDirectory>C:\Users\ignle\OneDrive\Desktop\Vladimir\KLA_Final\NumberConverter_Tests\bin\Debug\net6.0\fine-code-coverage\coverage-tool-output</ResultsDirectory>
        </Configuration>
      </DataCollector>
    </DataCollectors>
  </DataCollectionRunSettings>
</RunSettings>

TpTrace Verbose: 0 : 18104, 1, 2024/06/21, 00:27:16.938, 7462062781980, vstest.console.dll, TestRunRequest.ExecuteAsync: Wait for the first run request is over.
TpTrace Verbose: 0 : 18104, 1, 2024/06/21, 00:27:16.938, 7462062784228, vstest.console.dll, MulticastDelegateUtilities.SafeInvoke: TestRun.TestRunStart: Invoking callbacks was skipped because there are no subscribers.
TpTrace Verbose: 0 : 18104, 4, 2024/06/21, 00:27:16.938, 7462062786447, vstest.console.dll, MulticastDelegateUtilities.SafeInvoke: InternalTestLoggerEvents.SendTestRunStart: Invoking callback 1/1 for Microsoft.VisualStudio.TestPlatform.CommandLine.Internal.ConsoleLogger., took 0 ms.
TpTrace Verbose: 0 : 18104, 1, 2024/06/21, 00:27:16.939, 7462062791566, vstest.console.dll, ParallelProxyExecutionManager: Start execution. Total sources: 1
TpTrace Verbose: 0 : 18104, 1, 2024/06/21, 00:27:16.939, 7462062793911, vstest.console.dll, ParallelOperationManager.StartWork: Starting adding 1 workloads.
TpTrace Verbose: 0 : 18104, 1, 2024/06/21, 00:27:16.939, 7462062794347, vstest.console.dll, ParallelOperationManager.ClearSlots: Clearing all slots. Slots should accept more work: True
TpTrace Verbose: 0 : 18104, 1, 2024/06/21, 00:27:16.939, 7462062794773, vstest.console.dll, ParallelOperationManager.SetOccupiedSlotCount: Setting slot counts AvailableSlotCount = 1, OccupiedSlotCount = 0.
TpTrace Verbose: 0 : 18104, 1, 2024/06/21, 00:27:16.939, 7462062795026, vstest.console.dll, Occupied slots:

TpTrace Verbose: 0 : 18104, 1, 2024/06/21, 00:27:16.940, 7462062803405, vstest.console.dll, TestRequestSender is acting as server.
TpTrace Verbose: 0 : 18104, 1, 2024/06/21, 00:27:16.941, 7462062815180, vstest.console.dll, ParallelOperationManager.RunWorkInParallel: Adding 1 workload to slot, remaining workloads 0.
TpTrace Verbose: 0 : 18104, 1, 2024/06/21, 00:27:16.941, 7462062815614, vstest.console.dll, ParallelOperationManager.SetOccupiedSlotCount: Setting slot counts AvailableSlotCount = 0, OccupiedSlotCount = 1.
TpTrace Verbose: 0 : 18104, 1, 2024/06/21, 00:27:16.941, 7462062816230, vstest.console.dll, Occupied slots:
0: C:\Users\ignle\OneDrive\Desktop\Vladimir\KLA_Final\NumberConverter_Tests\bin\Debug\net6.0\fine-code-coverage\build-output\NumberConverter_Tests.dll
TpTrace Verbose: 0 : 18104, 1, 2024/06/21, 00:27:16.942, 7462062824105, vstest.console.dll, ParallelOperationManager.RunWorkInParallel: Started host in slot number 0 for work (source): C:\Users\ignle\OneDrive\Desktop\Vladimir\KLA_Final\NumberConverter_Tests\bin\Debug\net6.0\fine-code-coverage\build-output\NumberConverter_Tests.dll.
TpTrace Verbose: 0 : 18104, 1, 2024/06/21, 00:27:16.943, 7462062832636, vstest.console.dll, ParallelOperationManager.RunWorkInParallel: We started 1 work items, which is the max parallel level. Won't start more work.
TpTrace Verbose: 0 : 18104, 1, 2024/06/21, 00:27:16.943, 7462062833200, vstest.console.dll, ParallelOperationManager.RunWorkInParallel: We started 1 work items in here, returning True.
TpTrace Information: 0 : 18104, 1, 2024/06/21, 00:27:16.943, 7462062833451, vstest.console.dll, TestRunRequest.ExecuteAsync: Started.
TpTrace Verbose: 0 : 18104, 5, 2024/06/21, 00:27:16.943, 7462062833393, vstest.console.dll, ParallelProxyExecutionManager.StartTestRunOnConcurrentManager: Initializing uninitialized client. Started clients: 0
TpTrace Verbose: 0 : 18104, 5, 2024/06/21, 00:27:16.943, 7462062834819, vstest.console.dll, DataCollectionRequestSender.InitializeCommunication : Initialize communication. 
TpTrace Verbose: 0 : 18104, 1, 2024/06/21, 00:27:16.943, 7462062837308, vstest.console.dll, TestRunRequest.WaitForCompletion: Waiting with timeout -1.
TpTrace Information: 0 : 18104, 5, 2024/06/21, 00:27:16.949, 7462062896755, vstest.console.dll, Listening on Endpoint : 127.0.0.1:51108
TpTrace Verbose: 0 : 18104, 5, 2024/06/21, 00:27:16.954, 7462062946446, vstest.console.dll, DotnetDataCollectionLauncher: Adding  --runtimeconfig "C:\Program Files\dotnet\sdk\8.0.300\datacollector.runtimeconfig.json" in args
TpTrace Verbose: 0 : 18104, 5, 2024/06/21, 00:27:16.955, 7462062947704, vstest.console.dll, DotnetDataCollectionLauncher: Adding  --depsfile "C:\Program Files\dotnet\sdk\8.0.300\datacollector.deps.json" in args
TpTrace Verbose: 0 : 18104, 5, 2024/06/21, 00:27:16.955, 7462062949186, vstest.console.dll, DotnetDataCollectionLauncher: Full path of dotnet.exe is C:\Program Files\dotnet\dotnet.exe
TpTrace Information: 0 : 18104, 5, 2024/06/21, 00:27:16.961, 7462063008428, vstest.console.dll, ProxyDataCollectionManager.Initialize: Launched datacollector processId: 34148 port: 51108
TpTrace Information: 0 : 18104, 5, 2024/06/21, 00:27:16.961, 7462063010084, vstest.console.dll, ProxyDataCollectionManager.Initialize: waiting for connection with timeout: 90 seconds
TpTrace Verbose: 0 : 18104, 5, 2024/06/21, 00:27:16.961, 7462063010906, vstest.console.dll, DataCollectionRequestSender.WaitForRequestHandlerConnection : Waiting for connection with timeout: 90000
TpTrace Verbose: 0 : 18104, 5, 2024/06/21, 00:27:17.092, 7462064320332, vstest.console.dll, SocketCommunicationManager.WaitForClientConnection took: 130 ms, with 90000 ms timeout, and finished with True.
TpTrace Information: 0 : 18104, 7, 2024/06/21, 00:27:17.092, 7462064320264, vstest.console.dll, Using the buffer size of 16384 bytes
TpTrace Verbose: 0 : 18104, 5, 2024/06/21, 00:27:17.092, 7462064322661, vstest.console.dll, ProxyDataCollectionManager.InvokeDataCollectionServiceAction: Starting.
TpTrace Information: 0 : 18104, 7, 2024/06/21, 00:27:17.092, 7462064322896, vstest.console.dll, Accepted Client request and set the flag
TpTrace Information: 0 : 18104, 5, 2024/06/21, 00:27:17.092, 7462064323565, vstest.console.dll, ProxyDataCollectionManager.BeforeTestRunStart: Get environment variable and port for datacollector processId: 34148 port: 51108
TpTrace Verbose: 0 : 18104, 5, 2024/06/21, 00:27:17.092, 7462064325144, vstest.console.dll, DataCollectionRequestSender.SendBeforeTestRunStartAndGetResult: Send BeforeTestRunStart message with settingsXml <RunSettings><RunConfiguration><ResultsDirectory>C:\Users\ignle\OneDrive\Desktop\Vladimir\KLA_Final\NumberConverter_Tests\bin\Debug\net6.0\fine-code-coverage\coverage-tool-output</ResultsDirectory><TargetPlatform>X64</TargetPlatform><TargetFrameworkVersion>.NETCoreApp,Version=v6.0</TargetFrameworkVersion><DesignMode>False</DesignMode><CollectSourceInformation>False</CollectSourceInformation><TestAdaptersPaths>C:\Program Files\dotnet\sdk\8.0.300\Extensions</TestAdaptersPaths></RunConfiguration><LoggerRunSettings><Loggers><Logger friendlyName="blame" enabled="True" /><Logger friendlyName="Console" uri="logger://microsoft/TestPlatform/ConsoleLogger/v1" assemblyQualifiedName="Microsoft.VisualStudio.TestPlatform.CommandLine.Internal.ConsoleLogger, vstest.console, Version=15.0.0.0, Culture=neutral, PublicKeyToken=b03f5f7f11d50a3a" codeBase="C:\Program Files\dotnet\sdk\8.0.300\vstest.console.dll" enabled="True" /></Loggers></LoggerRunSettings><DataCollectionRunSettings><DataCollectors><DataCollector friendlyName="blame" enabled="True"><Configuration><ResultsDirectory>C:\Users\ignle\OneDrive\Desktop\Vladimir\KLA_Final\NumberConverter_Tests\bin\Debug\net6.0\fine-code-coverage\coverage-tool-output</ResultsDirectory></Configuration></DataCollector></DataCollectors></DataCollectionRunSettings></RunSettings> and sources System.Collections.Generic.List`1[System.String]: 
TpTrace Verbose: 0 : 18104, 5, 2024/06/21, 00:27:17.168, 7462065080644, vstest.console.dll, DataCollectionRequestSender.SendBeforeTestRunStartAndGetResult: Received message: (DataCollection.SendMessage) -> {"MessageType":"DataCollection.SendMessage","Payload":{"FriendlyName":null,"Uri":null,"TestCaseId":"00000000-0000-0000-0000-000000000000","Message":"Logging DataCollector Diagnostics in file: C:\\Users\\ignle\\OneDrive\\Desktop\\Vladimir\\KLA_Final\\NumberConverter_Tests\\bin\\Debug\\net6.0\\fine-code-coverage\\coverage-tool-output\\diagnostics.datacollector.24-06-21_00-27-16_95466_5.log","Level":0}}
TpTrace Verbose: 0 : 18104, 5, 2024/06/21, 00:27:17.256, 7462065965664, vstest.console.dll, DataCollectionRequestSender.SendBeforeTestRunStartAndGetResult: Received message: (DataCollection.BeforeTestRunStartResult) -> {"MessageType":"DataCollection.BeforeTestRunStartResult","Payload":{"EnvironmentVariables":{},"DataCollectionEventsPort":51110}}
TpTrace Information: 0 : 18104, 5, 2024/06/21, 00:27:17.261, 7462066013380, vstest.console.dll, ProxyDataCollectionManager.BeforeTestRunStart: SendBeforeTestRunStartAndGetResult successful, env variable from datacollector:   and testhost port: 51110
TpTrace Information: 0 : 18104, 5, 2024/06/21, 00:27:17.261, 7462066014932, vstest.console.dll, ProxyDataCollectionManager.InvokeDataCollectionServiceAction: Completed.
TpTrace Verbose: 0 : 18104, 5, 2024/06/21, 00:27:17.261, 7462066015302, vstest.console.dll, ParallelProxyExecutionManager.StartTestRunOnConcurrentManager: Initializing test run. Started clients: 0
TpTrace Verbose: 0 : 18104, 5, 2024/06/21, 00:27:17.261, 7462066016087, vstest.console.dll, ProxyExecutionManager: Test host is always Lazy initialize.
TpTrace Verbose: 0 : 18104, 5, 2024/06/21, 00:27:17.262, 7462066017905, vstest.console.dll, TestRequestSender.InitializeCommunication: initialize communication. 
TpTrace Information: 0 : 18104, 5, 2024/06/21, 00:27:17.262, 7462066024906, vstest.console.dll, SocketServer.Start: Listening on endpoint : 127.0.0.1:51111
TpTrace Verbose: 0 : 18104, 5, 2024/06/21, 00:27:17.263, 7462066031003, vstest.console.dll, DotnetTestHostmanager.GetTestHostProcessStartInfo: Platform environment 'X64' target architecture 'X64' framework '.NETCoreApp,Version=v6.0' OS 'Windows'
TpTrace Verbose: 0 : 18104, 5, 2024/06/21, 00:27:17.263, 7462066033149, vstest.console.dll, DotnetTestHostmanager: Adding  --runtimeconfig "C:\Users\ignle\OneDrive\Desktop\Vladimir\KLA_Final\NumberConverter_Tests\bin\Debug\net6.0\fine-code-coverage\build-output\NumberConverter_Tests.runtimeconfig.json" in args
TpTrace Verbose: 0 : 18104, 5, 2024/06/21, 00:27:17.263, 7462066033967, vstest.console.dll, DotnetTestHostmanager: Adding  --depsfile "C:\Users\ignle\OneDrive\Desktop\Vladimir\KLA_Final\NumberConverter_Tests\bin\Debug\net6.0\fine-code-coverage\build-output\NumberConverter_Tests.deps.json" in args
TpTrace Verbose: 0 : 18104, 5, 2024/06/21, 00:27:17.263, 7462066035251, vstest.console.dll, DotnetTestHostmanager.IsWinOnArm: Current PROCESSOR_ARCHITECTURE from environment variable 'AMD64'
TpTrace Verbose: 0 : 18104, 5, 2024/06/21, 00:27:17.263, 7462066035742, vstest.console.dll, DotnetTestHostmanager.IsWinOnArm: Is Windows on ARM 'False'
TpTrace Verbose: 0 : 18104, 5, 2024/06/21, 00:27:17.263, 7462066036525, vstest.console.dll, DotnetTestHostManager: testhost.exe found at path: C:\Users\ignle\OneDrive\Desktop\Vladimir\KLA_Final\NumberConverter_Tests\bin\Debug\net6.0\fine-code-coverage\build-output\testhost.exe
TpTrace Verbose: 0 : 18104, 5, 2024/06/21, 00:27:17.263, 7462066036883, vstest.console.dll, DotnetTestHostmanager: Full path of host exe is C:\Users\ignle\OneDrive\Desktop\Vladimir\KLA_Final\NumberConverter_Tests\bin\Debug\net6.0\fine-code-coverage\build-output\testhost.exe
TpTrace Verbose: 0 : 18104, 5, 2024/06/21, 00:27:17.264, 7462066037811, vstest.console.dll, DotnetTestHostmanager.LaunchTestHostAsync: Found 'VSTEST_WINAPPHOST_DOTNET_ROOT' in env variables, value 'C:\Program Files\dotnet', forwarding to 'DOTNET_ROOT'
TpTrace Verbose: 0 : 18104, 5, 2024/06/21, 00:27:17.264, 7462066038809, vstest.console.dll, DotnetTestHostManager: Starting process 'C:\Users\ignle\OneDrive\Desktop\Vladimir\KLA_Final\NumberConverter_Tests\bin\Debug\net6.0\fine-code-coverage\build-output\testhost.exe' with command line ' --runtimeconfig "C:\Users\ignle\OneDrive\Desktop\Vladimir\KLA_Final\NumberConverter_Tests\bin\Debug\net6.0\fine-code-coverage\build-output\NumberConverter_Tests.runtimeconfig.json" --depsfile "C:\Users\ignle\OneDrive\Desktop\Vladimir\KLA_Final\NumberConverter_Tests\bin\Debug\net6.0\fine-code-coverage\build-output\NumberConverter_Tests.deps.json" --port 51111 --endpoint 127.0.0.1:051111 --role client --parentprocessid 18104 --diag "C:\Users\ignle\OneDrive\Desktop\Vladimir\KLA_Final\NumberConverter_Tests\bin\Debug\net6.0\fine-code-coverage\coverage-tool-output\diagnostics.host.24-06-21_00-27-17_26307_5.log" --tracelevel 4 --datacollectionport 51110 --telemetryoptedin false'
TpTrace Verbose: 0 : 18104, 5, 2024/06/21, 00:27:17.269, 7462066093493, vstest.console.dll, MulticastDelegateUtilities.SafeInvoke: HostProviderEvents.OnHostLaunched: Invoking callback 1/2 for Microsoft.VisualStudio.TestPlatform.CrossPlatEngine.Client.ProxyExecutionManagerWithDataCollection., took 1 ms.
TpTrace Verbose: 0 : 18104, 5, 2024/06/21, 00:27:17.269, 7462066097304, vstest.console.dll, Test Runtime launched
TpTrace Verbose: 0 : 18104, 5, 2024/06/21, 00:27:17.270, 7462066098269, vstest.console.dll, MulticastDelegateUtilities.SafeInvoke: HostProviderEvents.OnHostLaunched: Invoking callback 2/2 for Microsoft.VisualStudio.TestPlatform.CrossPlatEngine.Client.ProxyOperationManager., took 0 ms.
TpTrace Verbose: 0 : 18104, 5, 2024/06/21, 00:27:17.270, 7462066099991, vstest.console.dll, TestRequestSender.WaitForRequestHandlerConnection: waiting for connection with timeout: 90000.
TpTrace Verbose: 0 : 18104, 7, 2024/06/21, 00:27:17.414, 7462067540907, vstest.console.dll, MulticastDelegateUtilities.SafeInvoke: SocketServer: ClientConnected: Invoking callback 1/1 for Microsoft.VisualStudio.TestPlatform.CommunicationUtilities.TestRequestSender., took 0 ms.
TpTrace Verbose: 0 : 18104, 5, 2024/06/21, 00:27:17.414, 7462067540907, vstest.console.dll, TestRequestSender.WaitForRequestHandlerConnection: waiting took 144 ms, with timeout 90000 ms, and result 0, which is success.
TpTrace Verbose: 0 : 18104, 7, 2024/06/21, 00:27:17.414, 7462067542369, vstest.console.dll, SocketServer.OnClientConnected: Client connected for endPoint: 127.0.0.1:51111, starting MessageLoopAsync:
TpTrace Verbose: 0 : 18104, 13, 2024/06/21, 00:27:17.415, 7462067547674, vstest.console.dll, TcpClientExtensions.MessageLoopAsync: Polling on remoteEndPoint: 127.0.0.1:51112 localEndPoint: 127.0.0.1:51111 after 0 ms
TpTrace Verbose: 0 : 18104, 5, 2024/06/21, 00:27:17.415, 7462067551433, vstest.console.dll, TestRequestSender.CheckVersionWithTestHost: Sending check version message: {"MessageType":"ProtocolVersion","Payload":7}
TpTrace Verbose: 0 : 18104, 13, 2024/06/21, 00:27:17.543, 7462068836331, vstest.console.dll, TcpClientExtensions.MessageLoopAsync: NotifyDataAvailable remoteEndPoint: 127.0.0.1:51112 localEndPoint: 127.0.0.1:51111
TpTrace Verbose: 0 : 18104, 13, 2024/06/21, 00:27:17.544, 7462068839519, vstest.console.dll, TestRequestSender.CheckVersionWithTestHost: onMessageReceived received message: (ProtocolVersion) -> {"MessageType":"ProtocolVersion","Payload":7}
TpTrace Verbose: 0 : 18104, 13, 2024/06/21, 00:27:17.544, 7462068847465, vstest.console.dll, MulticastDelegateUtilities.SafeInvoke: LengthPrefixCommunicationChannel: MessageReceived: Invoking callback 1/1 for Microsoft.VisualStudio.TestPlatform.CommunicationUtilities.TestRequestSender+<>c__DisplayClass29_0., took 0 ms.
TpTrace Verbose: 0 : 18104, 13, 2024/06/21, 00:27:17.545, 7462068848456, vstest.console.dll, TcpClientExtensions.MessageLoopAsync: Polling on remoteEndPoint: 127.0.0.1:51112 localEndPoint: 127.0.0.1:51111 after 130 ms
TpTrace Verbose: 0 : 18104, 5, 2024/06/21, 00:27:17.545, 7462068848539, vstest.console.dll, TestPluginCache.GetExtensionPaths: Filtered extension paths: 
TpTrace Verbose: 0 : 18104, 5, 2024/06/21, 00:27:17.545, 7462068849483, vstest.console.dll, TestPluginCache.GetExtensionPaths: Added default extension paths: C:\Program Files\dotnet\sdk\8.0.300\Extensions\Microsoft.Diagnostics.NETCore.Client.dll
C:\Program Files\dotnet\sdk\8.0.300\Extensions\Microsoft.TestPlatform.Extensions.BlameDataCollector.dll
C:\Program Files\dotnet\sdk\8.0.300\Extensions\Microsoft.TestPlatform.Extensions.EventLogCollector.dll
C:\Program Files\dotnet\sdk\8.0.300\Extensions\Microsoft.TestPlatform.TestHostRuntimeProvider.dll
C:\Program Files\dotnet\sdk\8.0.300\Extensions\Microsoft.VisualStudio.TestPlatform.Extensions.Html.TestLogger.dll
C:\Program Files\dotnet\sdk\8.0.300\Extensions\Microsoft.VisualStudio.TestPlatform.Extensions.Trx.TestLogger.dll
TpTrace Verbose: 0 : 18104, 5, 2024/06/21, 00:27:17.545, 7462068850401, vstest.console.dll, TestPluginCache.GetExtensionPaths: Added unfilterableExtensionPaths: 
TpTrace Verbose: 0 : 18104, 5, 2024/06/21, 00:27:17.547, 7462068877240, vstest.console.dll, TestRequestSender.InitializeExecution: Sending initialize execution with message: {"Version":7,"MessageType":"TestExecution.Initialize","Payload":["C:\\Users\\ignle\\OneDrive\\Desktop\\Vladimir\\KLA_Final\\NumberConverter_Tests\\bin\\Debug\\net6.0\\fine-code-coverage\\build-output\\xunit.runner.visualstudio.dotnetcore.testadapter.dll"]}
TpTrace Verbose: 0 : 18104, 5, 2024/06/21, 00:27:17.548, 7462068879981, vstest.console.dll, ParallelProxyExecutionManager.StartTestRunOnConcurrentManager: Execution starting. Started clients: 1
TpTrace Verbose: 0 : 18104, 5, 2024/06/21, 00:27:17.548, 7462068882877, vstest.console.dll, TestRunRequest:SendTestRunMessage: Starting.
TpTrace Verbose: 0 : 18104, 13, 2024/06/21, 00:27:17.548, 7462068883523, vstest.console.dll, TcpClientExtensions.MessageLoopAsync: NotifyDataAvailable remoteEndPoint: 127.0.0.1:51112 localEndPoint: 127.0.0.1:51111
TpTrace Verbose: 0 : 18104, 5, 2024/06/21, 00:27:17.548, 7462068884654, vstest.console.dll, MulticastDelegateUtilities.SafeInvoke: TestRun.LogMessages: Invoking callback 1/1 for Microsoft.VisualStudio.TestPlatform.CommandLine.TestRunResultAggregator., took 0 ms.
TpTrace Information: 0 : 18104, 5, 2024/06/21, 00:27:17.548, 7462068885100, vstest.console.dll, TestRunRequest:SendTestRunMessage: Completed.
TpTrace Verbose: 0 : 18104, 4, 2024/06/21, 00:27:17.548, 7462068886353, vstest.console.dll, MulticastDelegateUtilities.SafeInvoke: InternalTestLoggerEvents.SendTestRunMessage: Invoking callback 1/1 for Microsoft.VisualStudio.TestPlatform.CommandLine.Internal.ConsoleLogger., took 0 ms.
TpTrace Warning: 0 : 18104, 5, 2024/06/21, 00:27:17.549, 7462068888523, vstest.console.dll, InferRunSettingsHelper.MakeRunsettingsCompatible: Removing the following settings: TargetPlatform from RunSettings file. To use those settings please move to latest version of Microsoft.NET.Test.Sdk
TpTrace Verbose: 0 : 18104, 13, 2024/06/21, 00:27:17.549, 7462068893206, vstest.console.dll, TestRequestSender.OnExecutionMessageReceived: Received message: {"Version":7,"MessageType":"TestSession.Message","Payload":{"MessageLevel":0,"Message":"Logging TestHost Diagnostics in file: C:\\Users\\ignle\\OneDrive\\Desktop\\Vladimir\\KLA_Final\\NumberConverter_Tests\\bin\\Debug\\net6.0\\fine-code-coverage\\coverage-tool-output\\diagnostics.host.24-06-21_00-27-17_26307_5.log"}}
TpTrace Verbose: 0 : 18104, 13, 2024/06/21, 00:27:17.551, 7462068913221, vstest.console.dll, TestRunRequest:SendTestRunMessage: Starting.
TpTrace Verbose: 0 : 18104, 13, 2024/06/21, 00:27:17.551, 7462068914483, vstest.console.dll, MulticastDelegateUtilities.SafeInvoke: TestRun.LogMessages: Invoking callback 1/1 for Microsoft.VisualStudio.TestPlatform.CommandLine.TestRunResultAggregator., took 0 ms.
TpTrace Verbose: 0 : 18104, 4, 2024/06/21, 00:27:17.551, 7462068914601, vstest.console.dll, MulticastDelegateUtilities.SafeInvoke: InternalTestLoggerEvents.SendTestRunMessage: Invoking callback 1/1 for Microsoft.VisualStudio.TestPlatform.CommandLine.Internal.ConsoleLogger., took 0 ms.
TpTrace Information: 0 : 18104, 13, 2024/06/21, 00:27:17.551, 7462068915044, vstest.console.dll, TestRunRequest:SendTestRunMessage: Completed.
TpTrace Verbose: 0 : 18104, 13, 2024/06/21, 00:27:17.551, 7462068916189, vstest.console.dll, MulticastDelegateUtilities.SafeInvoke: LengthPrefixCommunicationChannel: MessageReceived: Invoking callback 1/1 for Microsoft.VisualStudio.TestPlatform.CommunicationUtilities.TestRequestSender+<>c__DisplayClass34_0., took 2 ms.
TpTrace Verbose: 0 : 18104, 13, 2024/06/21, 00:27:17.551, 7462068916484, vstest.console.dll, TcpClientExtensions.MessageLoopAsync: Polling on remoteEndPoint: 127.0.0.1:51112 localEndPoint: 127.0.0.1:51111 after 6 ms
TpTrace Verbose: 0 : 18104, 5, 2024/06/21, 00:27:17.553, 7462068932853, vstest.console.dll, TestRequestSender.StartTestRun: Sending test run with message: {"Version":7,"MessageType":"TestExecution.StartWithSources","Payload":{"AdapterSourceMap":{"_none_":["C:\\Users\\ignle\\OneDrive\\Desktop\\Vladimir\\KLA_Final\\NumberConverter_Tests\\bin\\Debug\\net6.0\\fine-code-coverage\\build-output\\NumberConverter_Tests.dll"]},"RunSettings":"<RunSettings>\r\n  <RunConfiguration>\r\n    <ResultsDirectory>C:\\Users\\ignle\\OneDrive\\Desktop\\Vladimir\\KLA_Final\\NumberConverter_Tests\\bin\\Debug\\net6.0\\fine-code-coverage\\coverage-tool-output</ResultsDirectory>\r\n    <TargetFrameworkVersion>.NETCoreApp,Version=v6.0</TargetFrameworkVersion>\r\n    <DesignMode>False</DesignMode>\r\n    <CollectSourceInformation>False</CollectSourceInformation>\r\n  </RunConfiguration>\r\n  <LoggerRunSettings>\r\n    <Loggers>\r\n      <Logger friendlyName=\"blame\" enabled=\"True\" />\r\n      <Logger friendlyName=\"Console\" uri=\"logger://microsoft/TestPlatform/ConsoleLogger/v1\" assemblyQualifiedName=\"Microsoft.VisualStudio.TestPlatform.CommandLine.Internal.ConsoleLogger, vstest.console, Version=15.0.0.0, Culture=neutral, PublicKeyToken=b03f5f7f11d50a3a\" codeBase=\"C:\\Program Files\\dotnet\\sdk\\8.0.300\\vstest.console.dll\" enabled=\"True\" />\r\n    </Loggers>\r\n  </LoggerRunSettings>\r\n  <DataCollectionRunSettings>\r\n    <DataCollectors>\r\n      <DataCollector friendlyName=\"blame\" enabled=\"True\">\r\n        <Configuration>\r\n          <ResultsDirectory>C:\\Users\\ignle\\OneDrive\\Desktop\\Vladimir\\KLA_Final\\NumberConverter_Tests\\bin\\Debug\\net6.0\\fine-code-coverage\\coverage-tool-output</ResultsDirectory>\r\n        </Configuration>\r\n      </DataCollector>\r\n    </DataCollectors>\r\n  </DataCollectionRunSettings>\r\n</RunSettings>","TestExecutionContext":{"FrequencyOfRunStatsChangeEvent":10,"RunStatsChangeEventTimeout":"00:00:01.5000000","InIsolation":false,"KeepAlive":false,"AreTestCaseLevelEventsRequired":false,"IsDebug":false,"TestCaseFilter":null,"FilterOptions":null},"Package":null}}
TpTrace Verbose: 0 : 18104, 5, 2024/06/21, 00:27:17.553, 7462068934472, vstest.console.dll, ParallelProxyExecutionManager.StartTestRunOnConcurrentManager: Execution started. Started clients: 1
TpTrace Verbose: 0 : 18104, 13, 2024/06/21, 00:27:17.681, 7462070211298, vstest.console.dll, TcpClientExtensions.MessageLoopAsync: NotifyDataAvailable remoteEndPoint: 127.0.0.1:51112 localEndPoint: 127.0.0.1:51111
TpTrace Verbose: 0 : 18104, 13, 2024/06/21, 00:27:17.681, 7462070213015, vstest.console.dll, TestRequestSender.OnExecutionMessageReceived: Received message: {"Version":7,"MessageType":"TestSession.Message","Payload":{"MessageLevel":0,"Message":"[xUnit.net 00:00:00.00] xUnit.net VSTest Adapter v2.4.5+1caef2f33e (64-bit .NET 6.0.30)"}}
TpTrace Verbose: 0 : 18104, 13, 2024/06/21, 00:27:17.681, 7462070214873, vstest.console.dll, TestRunRequest:SendTestRunMessage: Starting.
TpTrace Verbose: 0 : 18104, 13, 2024/06/21, 00:27:17.681, 7462070215386, vstest.console.dll, MulticastDelegateUtilities.SafeInvoke: TestRun.LogMessages: Invoking callback 1/1 for Microsoft.VisualStudio.TestPlatform.CommandLine.TestRunResultAggregator., took 0 ms.
TpTrace Information: 0 : 18104, 13, 2024/06/21, 00:27:17.681, 7462070215734, vstest.console.dll, TestRunRequest:SendTestRunMessage: Completed.
TpTrace Verbose: 0 : 18104, 13, 2024/06/21, 00:27:17.681, 7462070215932, vstest.console.dll, MulticastDelegateUtilities.SafeInvoke: LengthPrefixCommunicationChannel: MessageReceived: Invoking callback 1/1 for Microsoft.VisualStudio.TestPlatform.CommunicationUtilities.TestRequestSender+<>c__DisplayClass34_0., took 0 ms.
TpTrace Verbose: 0 : 18104, 4, 2024/06/21, 00:27:17.681, 7462070216077, vstest.console.dll, MulticastDelegateUtilities.SafeInvoke: InternalTestLoggerEvents.SendTestRunMessage: Invoking callback 1/1 for Microsoft.VisualStudio.TestPlatform.CommandLine.Internal.ConsoleLogger., took 0 ms.
TpTrace Verbose: 0 : 18104, 13, 2024/06/21, 00:27:17.681, 7462070216256, vstest.console.dll, TcpClientExtensions.MessageLoopAsync: Polling on remoteEndPoint: 127.0.0.1:51112 localEndPoint: 127.0.0.1:51111 after 129 ms
TpTrace Verbose: 0 : 18104, 13, 2024/06/21, 00:27:18.139, 7462074788816, vstest.console.dll, TcpClientExtensions.MessageLoopAsync: NotifyDataAvailable remoteEndPoint: 127.0.0.1:51112 localEndPoint: 127.0.0.1:51111
TpTrace Verbose: 0 : 18104, 13, 2024/06/21, 00:27:18.139, 7462074791316, vstest.console.dll, TestRequestSender.OnExecutionMessageReceived: Received message: {"Version":7,"MessageType":"TestSession.Message","Payload":{"MessageLevel":0,"Message":"[xUnit.net 00:00:00.46]   Discovering: NumberConverter_Tests"}}
TpTrace Verbose: 0 : 18104, 13, 2024/06/21, 00:27:18.139, 7462074793004, vstest.console.dll, TestRunRequest:SendTestRunMessage: Starting.
TpTrace Verbose: 0 : 18104, 13, 2024/06/21, 00:27:18.139, 7462074793666, vstest.console.dll, MulticastDelegateUtilities.SafeInvoke: TestRun.LogMessages: Invoking callback 1/1 for Microsoft.VisualStudio.TestPlatform.CommandLine.TestRunResultAggregator., took 0 ms.
TpTrace Verbose: 0 : 18104, 4, 2024/06/21, 00:27:18.139, 7462074793943, vstest.console.dll, MulticastDelegateUtilities.SafeInvoke: InternalTestLoggerEvents.SendTestRunMessage: Invoking callback 1/1 for Microsoft.VisualStudio.TestPlatform.CommandLine.Internal.ConsoleLogger., took 0 ms.
TpTrace Information: 0 : 18104, 13, 2024/06/21, 00:27:18.139, 7462074794055, vstest.console.dll, TestRunRequest:SendTestRunMessage: Completed.
TpTrace Verbose: 0 : 18104, 13, 2024/06/21, 00:27:18.139, 7462074794882, vstest.console.dll, MulticastDelegateUtilities.SafeInvoke: LengthPrefixCommunicationChannel: MessageReceived: Invoking callback 1/1 for Microsoft.VisualStudio.TestPlatform.CommunicationUtilities.TestRequestSender+<>c__DisplayClass34_0., took 0 ms.
TpTrace Verbose: 0 : 18104, 13, 2024/06/21, 00:27:18.139, 7462074795225, vstest.console.dll, TcpClientExtensions.MessageLoopAsync: Polling on remoteEndPoint: 127.0.0.1:51112 localEndPoint: 127.0.0.1:51111 after 457 ms
TpTrace Verbose: 0 : 18104, 13, 2024/06/21, 00:27:18.180, 7462075203452, vstest.console.dll, TcpClientExtensions.MessageLoopAsync: NotifyDataAvailable remoteEndPoint: 127.0.0.1:51112 localEndPoint: 127.0.0.1:51111
TpTrace Verbose: 0 : 18104, 13, 2024/06/21, 00:27:18.180, 7462075205928, vstest.console.dll, TestRequestSender.OnExecutionMessageReceived: Received message: {"Version":7,"MessageType":"TestSession.Message","Payload":{"MessageLevel":0,"Message":"[xUnit.net 00:00:00.50]   Discovered:  NumberConverter_Tests"}}
TpTrace Verbose: 0 : 18104, 13, 2024/06/21, 00:27:18.180, 7462075207171, vstest.console.dll, TestRunRequest:SendTestRunMessage: Starting.
TpTrace Verbose: 0 : 18104, 13, 2024/06/21, 00:27:18.181, 7462075207698, vstest.console.dll, MulticastDelegateUtilities.SafeInvoke: TestRun.LogMessages: Invoking callback 1/1 for Microsoft.VisualStudio.TestPlatform.CommandLine.TestRunResultAggregator., took 0 ms.
TpTrace Information: 0 : 18104, 13, 2024/06/21, 00:27:18.181, 7462075208041, vstest.console.dll, TestRunRequest:SendTestRunMessage: Completed.
TpTrace Verbose: 0 : 18104, 13, 2024/06/21, 00:27:18.181, 7462075208343, vstest.console.dll, MulticastDelegateUtilities.SafeInvoke: LengthPrefixCommunicationChannel: MessageReceived: Invoking callback 1/1 for Microsoft.VisualStudio.TestPlatform.CommunicationUtilities.TestRequestSender+<>c__DisplayClass34_0., took 0 ms.
TpTrace Verbose: 0 : 18104, 13, 2024/06/21, 00:27:18.181, 7462075208636, vstest.console.dll, TcpClientExtensions.MessageLoopAsync: Polling on remoteEndPoint: 127.0.0.1:51112 localEndPoint: 127.0.0.1:51111 after 41 ms
TpTrace Verbose: 0 : 18104, 4, 2024/06/21, 00:27:18.181, 7462075208960, vstest.console.dll, MulticastDelegateUtilities.SafeInvoke: InternalTestLoggerEvents.SendTestRunMessage: Invoking callback 1/1 for Microsoft.VisualStudio.TestPlatform.CommandLine.Internal.ConsoleLogger., took 0 ms.
TpTrace Verbose: 0 : 18104, 13, 2024/06/21, 00:27:18.182, 7462075218708, vstest.console.dll, TcpClientExtensions.MessageLoopAsync: NotifyDataAvailable remoteEndPoint: 127.0.0.1:51112 localEndPoint: 127.0.0.1:51111
TpTrace Verbose: 0 : 18104, 13, 2024/06/21, 00:27:18.182, 7462075219501, vstest.console.dll, TestRequestSender.OnExecutionMessageReceived: Received message: {"Version":7,"MessageType":"TestSession.Message","Payload":{"MessageLevel":0,"Message":"[xUnit.net 00:00:00.50]   Starting:    NumberConverter_Tests"}}
TpTrace Verbose: 0 : 18104, 13, 2024/06/21, 00:27:18.182, 7462075220081, vstest.console.dll, TestRunRequest:SendTestRunMessage: Starting.
TpTrace Verbose: 0 : 18104, 13, 2024/06/21, 00:27:18.182, 7462075220504, vstest.console.dll, MulticastDelegateUtilities.SafeInvoke: TestRun.LogMessages: Invoking callback 1/1 for Microsoft.VisualStudio.TestPlatform.CommandLine.TestRunResultAggregator., took 0 ms.
TpTrace Information: 0 : 18104, 13, 2024/06/21, 00:27:18.182, 7462075220853, vstest.console.dll, TestRunRequest:SendTestRunMessage: Completed.
TpTrace Verbose: 0 : 18104, 13, 2024/06/21, 00:27:18.182, 7462075221079, vstest.console.dll, MulticastDelegateUtilities.SafeInvoke: LengthPrefixCommunicationChannel: MessageReceived: Invoking callback 1/1 for Microsoft.VisualStudio.TestPlatform.CommunicationUtilities.TestRequestSender+<>c__DisplayClass34_0., took 0 ms.
TpTrace Verbose: 0 : 18104, 13, 2024/06/21, 00:27:18.182, 7462075221297, vstest.console.dll, TcpClientExtensions.MessageLoopAsync: Polling on remoteEndPoint: 127.0.0.1:51112 localEndPoint: 127.0.0.1:51111 after 1 ms
TpTrace Verbose: 0 : 18104, 4, 2024/06/21, 00:27:18.182, 7462075221581, vstest.console.dll, MulticastDelegateUtilities.SafeInvoke: InternalTestLoggerEvents.SendTestRunMessage: Invoking callback 1/1 for Microsoft.VisualStudio.TestPlatform.CommandLine.Internal.ConsoleLogger., took 0 ms.
TpTrace Verbose: 0 : 18104, 13, 2024/06/21, 00:27:18.297, 7462076373723, vstest.console.dll, TcpClientExtensions.MessageLoopAsync: NotifyDataAvailable remoteEndPoint: 127.0.0.1:51112 localEndPoint: 127.0.0.1:51111
TpTrace Verbose: 0 : 18104, 13, 2024/06/21, 00:27:18.298, 7462076379434, vstest.console.dll, TestRequestSender.OnExecutionMessageReceived: Received message: {"Version":7,"MessageType":"TestExecution.StatsChange","Payload":{"NewTestResults":[{"TestCase":{"Id":"8407ff5d-4de4-c311-841c-8e82f8eaaeb2","FullyQualifiedName":"NumberConverter_Tests.ConvertLogicTests.AmountToWords_ValidAmount_ReturnsCorrectWords","DisplayName":"NumberConverter_Tests.ConvertLogicTests.AmountToWords_ValidAmount_ReturnsCorrectWords(amount: \"19\", expectedWords: \"nineteen dollars\")","ExecutorUri":"executor://xunit/VsTestRunner2/netcoreapp","Source":"C:\\Users\\ignle\\OneDrive\\Desktop\\Vladimir\\KLA_Final\\NumberConverter_Tests\\bin\\Debug\\net6.0\\fine-code-coverage\\build-output\\NumberConverter_Tests.dll","CodeFilePath":null,"LineNumber":0,"Properties":[]},"Attachments":[],"Outcome":1,"ErrorMessage":null,"ErrorStackTrace":null,"DisplayName":"NumberConverter_Tests.ConvertLogicTests.AmountToWords_ValidAmount_ReturnsCorrectWords(amount: \"19\", expectedWords: \"nineteen dollars\")","Messages":[],"ComputerName":"TUF1","Duration":"00:00:00.0168076","StartTime":"2024-06-20T22:27:18.2450243+00:00","EndTime":"2024-06-20T22:27:18.2450386+00:00","Properties":[]},{"TestCase":{"Id":"d4f848b5-f32b-7ddf-4d58-17e005f3fefe","FullyQualifiedName":"NumberConverter_Tests.ConvertLogicTests.AmountToWords_ValidAmount_ReturnsCorrectWords","DisplayName":"NumberConverter_Tests.ConvertLogicTests.AmountToWords_ValidAmount_ReturnsCorrectWords(amount: \"1001\", expectedWords: \"one thousand one dollars\")","ExecutorUri":"executor://xunit/VsTestRunner2/netcoreapp","Source":"C:\\Users\\ignle\\OneDrive\\Desktop\\Vladimir\\KLA_Final\\NumberConverter_Tests\\bin\\Debug\\net6.0\\fine-code-coverage\\build-output\\NumberConverter_Tests.dll","CodeFilePath":null,"LineNumber":0,"Properties":[]},"Attachments":[],"Outcome":1,"ErrorMessage":null,"ErrorStackTrace":null,"DisplayName":"NumberConverter_Tests.ConvertLogicTests.AmountToWords_ValidAmount_ReturnsCorrectWords(amount: \"1001\", expectedWords: \"one thousand one dollars\")","Messages":[],"ComputerName":"TUF1","Duration":"00:00:00.0002089","StartTime":"2024-06-20T22:27:18.2630626+00:00","EndTime":"2024-06-20T22:27:18.2630627+00:00","Properties":[]},{"TestCase":{"Id":"a72515be-18ed-9aa2-e3f8-d3eb86104a7c","FullyQualifiedName":"NumberConverter_Tests.ConvertLogicTests.AmountToWords_ValidAmount_ReturnsCorrectWords","DisplayName":"NumberConverter_Tests.ConvertLogicTests.AmountToWords_ValidAmount_ReturnsCorrectWords(amount: \"21\", expectedWords: \"twenty-one dollars\")","ExecutorUri":"executor://xunit/VsTestRunner2/netcoreapp","Source":"C:\\Users\\ignle\\OneDrive\\Desktop\\Vladimir\\KLA_Final\\NumberConverter_Tests\\bin\\Debug\\net6.0\\fine-code-coverage\\build-output\\NumberConverter_Tests.dll","CodeFilePath":null,"LineNumber":0,"Properties":[]},"Attachments":[],"Outcome":1,"ErrorMessage":null,"ErrorStackTrace":null,"DisplayName":"NumberConverter_Tests.ConvertLogicTests.AmountToWords_ValidAmount_ReturnsCorrectWords(amount: \"21\", expectedWords: \"twenty-one dollars\")","Messages":[],"ComputerName":"TUF1","Duration":"00:00:00.0004108","StartTime":"2024-06-20T22:27:18.2651017+00:00","EndTime":"2024-06-20T22:27:18.2651017+00:00","Properties":[]},{"TestCase":{"Id":"74b6fbf1-feb8-2360-c871-463323659a11","FullyQualifiedName":"NumberConverter_Tests.ConvertLogicTests.AmountToWords_ValidAmount_ReturnsCorrectWords","DisplayName":"NumberConverter_Tests.ConvertLogicTests.AmountToWords_ValidAmount_ReturnsCorrectWords(amount: \"1000000\", expectedWords: \"one million dollars\")","ExecutorUri":"executor://xunit/VsTestRunner2/netcoreapp","Source":"C:\\Users\\ignle\\OneDrive\\Desktop\\Vladimir\\KLA_Final\\NumberConverter_Tests\\bin\\Debug\\net6.0\\fine-code-coverage\\build-output\\NumberConverter_Tests.dll","CodeFilePath":null,"LineNumber":0,"Properties":[]},"Attachments":[],"Outcome":1,"ErrorMessage":null,"ErrorStackTrace":null,"DisplayName":"NumberConverter_Tests.ConvertLogicTests.AmountToWords_ValidAmount_ReturnsCorrectWords(amount: \"1000000\", expectedWords: \"one million dollars\")","Messages":[],"ComputerName":"TUF1","Duration":"00:00:00.0000069","StartTime":"2024-06-20T22:27:18.26653+00:00","EndTime":"2024-06-20T22:27:18.2665301+00:00","Properties":[]},{"TestCase":{"Id":"dddbd839-4781-53a0-7836-ccff556ba8ec","FullyQualifiedName":"NumberConverter_Tests.ConvertLogicTests.AmountToWords_ValidAmount_ReturnsCorrectWords","DisplayName":"NumberConverter_Tests.ConvertLogicTests.AmountToWords_ValidAmount_ReturnsCorrectWords(amount: \"105\", expectedWords: \"one hundred five dollars\")","ExecutorUri":"executor://xunit/VsTestRunner2/netcoreapp","Source":"C:\\Users\\ignle\\OneDrive\\Desktop\\Vladimir\\KLA_Final\\NumberConverter_Tests\\bin\\Debug\\net6.0\\fine-code-coverage\\build-output\\NumberConverter_Tests.dll","CodeFilePath":null,"LineNumber":0,"Properties":[]},"Attachments":[],"Outcome":1,"ErrorMessage":null,"ErrorStackTrace":null,"DisplayName":"NumberConverter_Tests.ConvertLogicTests.AmountToWords_ValidAmount_ReturnsCorrectWords(amount: \"105\", expectedWords: \"one hundred five dollars\")","Messages":[],"ComputerName":"TUF1","Duration":"00:00:00.0000045","StartTime":"2024-06-20T22:27:18.2682694+00:00","EndTime":"2024-06-20T22:27:18.2682694+00:00","Properties":[]},{"TestCase":{"Id":"bed3695a-19f2-fec6-8b5c-322d0eff89af","FullyQualifiedName":"NumberConverter_Tests.ConvertLogicTests.AmountToWords_ValidAmount_ReturnsCorrectWords","DisplayName":"NumberConverter_Tests.ConvertLogicTests.AmountToWords_ValidAmount_ReturnsCorrectWords(amount: \"0\", expectedWords: \"zero dollars\")","ExecutorUri":"executor://xunit/VsTestRunner2/netcoreapp","Source":"C:\\Users\\ignle\\OneDrive\\Desktop\\Vladimir\\KLA_Final\\NumberConverter_Tests\\bin\\Debug\\net6.0\\fine-code-coverage\\build-output\\NumberConverter_Tests.dll","CodeFilePath":null,"LineNumber":0,"Properties":[]},"Attachments":[],"Outcome":1,"ErrorMessage":null,"ErrorStackTrace":null,"DisplayName":"NumberConverter_Tests.ConvertLogicTests.AmountToWords_ValidAmount_ReturnsCorrectWords(amount: \"0\", expectedWords: \"zero dollars\")","Messages":[],"ComputerName":"TUF1","Duration":"00:00:00.0000039","StartTime":"2024-06-20T22:27:18.2697488+00:00","EndTime":"2024-06-20T22:27:18.2697489+00:00","Properties":[]},{"TestCase":{"Id":"87f1e8dc-cc9b-b60b-d85d-b43e3e1d2370","FullyQualifiedName":"NumberConverter_Tests.ConvertLogicTests.AmountToWords_ValidAmount_ReturnsCorrectWords","DisplayName":"NumberConverter_Tests.ConvertLogicTests.AmountToWords_ValidAmount_ReturnsCorrectWords(amount: \"999999999\", expectedWords: \"nine hundred ninety-nine million nine hundred nine\"...)","ExecutorUri":"executor://xunit/VsTestRunner2/netcoreapp","Source":"C:\\Users\\ignle\\OneDrive\\Desktop\\Vladimir\\KLA_Final\\NumberConverter_Tests\\bin\\Debug\\net6.0\\fine-code-coverage\\build-output\\NumberConverter_Tests.dll","CodeFilePath":null,"LineNumber":0,"Properties":[]},"Attachments":[],"Outcome":1,"ErrorMessage":null,"ErrorStackTrace":null,"DisplayName":"NumberConverter_Tests.ConvertLogicTests.AmountToWords_ValidAmount_ReturnsCorrectWords(amount: \"999999999\", expectedWords: \"nine hundred ninety-nine million nine hundred nine\"...)","Messages":[],"ComputerName":"TUF1","Duration":"00:00:00.0000055","StartTime":"2024-06-20T22:27:18.2711525+00:00","EndTime":"2024-06-20T22:27:18.2711526+00:00","Properties":[]},{"TestCase":{"Id":"d8694ba5-135f-d7aa-3b60-52911b869e07","FullyQualifiedName":"NumberConverter_Tests.ConvertLogicTests.AmountToWords_ValidAmount_ReturnsCorrectWords","DisplayName":"NumberConverter_Tests.ConvertLogicTests.AmountToWords_ValidAmount_ReturnsCorrectWords(amount: \"123123\", expectedWords: \"one hundred twenty-three thousand one hundred twen\"...)","ExecutorUri":"executor://xunit/VsTestRunner2/netcoreapp","Source":"C:\\Users\\ignle\\OneDrive\\Desktop\\Vladimir\\KLA_Final\\NumberConverter_Tests\\bin\\Debug\\net6.0\\fine-code-coverage\\build-output\\NumberConverter_Tests.dll","CodeFilePath":null,"LineNumber":0,"Properties":[]},"Attachments":[],"Outcome":1,"ErrorMessage":null,"ErrorStackTrace":null,"DisplayName":"NumberConverter_Tests.ConvertLogicTests.AmountToWords_ValidAmount_ReturnsCorrectWords(amount: \"123123\", expectedWords: \"one hundred twenty-three thousand one hundred twen\"...)","Messages":[],"ComputerName":"TUF1","Duration":"00:00:00.0000048","StartTime":"2024-06-20T22:27:18.2726885+00:00","EndTime":"2024-06-20T22:27:18.2726886+00:00","Properties":[]},{"TestCase":{"Id":"c1a802aa-1b33-12bb-fadc-0eaaee6d657f","FullyQualifiedName":"NumberConverter_Tests.ConvertLogicTests.AmountToWords_ValidAmount_ReturnsCorrectWords","DisplayName":"NumberConverter_Tests.ConvertLogicTests.AmountToWords_ValidAmount_ReturnsCorrectWords(amount: \"123\", expectedWords: \"one hundred twenty-three dollars\")","ExecutorUri":"executor://xunit/VsTestRunner2/netcoreapp","Source":"C:\\Users\\ignle\\OneDrive\\Desktop\\Vladimir\\KLA_Final\\NumberConverter_Tests\\bin\\Debug\\net6.0\\fine-code-coverage\\build-output\\NumberConverter_Tests.dll","CodeFilePath":null,"LineNumber":0,"Properties":[]},"Attachments":[],"Outcome":1,"ErrorMessage":null,"ErrorStackTrace":null,"DisplayName":"NumberConverter_Tests.ConvertLogicTests.AmountToWords_ValidAmount_ReturnsCorrectWords(amount: \"123\", expectedWords: \"one hundred twenty-three dollars\")","Messages":[],"ComputerName":"TUF1","Duration":"00:00:00.0000047","StartTime":"2024-06-20T22:27:18.2740526+00:00","EndTime":"2024-06-20T22:27:18.2740527+00:00","Properties":[]}],"TestRunStatistics":{"ExecutedTests":9,"Stats":{"Passed":9}},"ActiveTests":[{"Id":"d462f8c1-90f1-46dd-0e78-f2b6ad18eff8","FullyQualifiedName":"NumberConverter_Tests.ConvertLogicTests.AmountToWords_InvalidAmount_ThrowsException","DisplayName":"NumberConverter_Tests.ConvertLogicTests.AmountToWords_InvalidAmount_ThrowsException(amount: null)","ExecutorUri":"executor://xunit/VsTestRunner2/netcoreapp","Source":"C:\\Users\\ignle\\OneDrive\\Desktop\\Vladimir\\KLA_Final\\NumberConverter_Tests\\bin\\Debug\\net6.0\\fine-code-coverage\\build-output\\NumberConverter_Tests.dll","CodeFilePath":null,"LineNumber":0,"Properties":[]}]}}
TpTrace Verbose: 0 : 18104, 13, 2024/06/21, 00:27:18.321, 7462076609799, vstest.console.dll, TestRunRequest:SendTestRunStatsChange: Starting.
TpTrace Verbose: 0 : 18104, 13, 2024/06/21, 00:27:18.321, 7462076611860, vstest.console.dll, InProgress is NumberConverter_Tests.ConvertLogicTests.AmountToWords_InvalidAmount_ThrowsException(amount: null)
TpTrace Verbose: 0 : 18104, 13, 2024/06/21, 00:27:18.321, 7462076613885, vstest.console.dll, MulticastDelegateUtilities.SafeInvoke: TestRun.RunStatsChanged: Invoking callbacks was skipped because there are no subscribers.
TpTrace Information: 0 : 18104, 13, 2024/06/21, 00:27:18.321, 7462076614406, vstest.console.dll, TestRunRequest:SendTestRunStatsChange: Completed.
TpTrace Verbose: 0 : 18104, 13, 2024/06/21, 00:27:18.321, 7462076615014, vstest.console.dll, MulticastDelegateUtilities.SafeInvoke: LengthPrefixCommunicationChannel: MessageReceived: Invoking callback 1/1 for Microsoft.VisualStudio.TestPlatform.CommunicationUtilities.TestRequestSender+<>c__DisplayClass34_0., took 23 ms.
TpTrace Verbose: 0 : 18104, 13, 2024/06/21, 00:27:18.321, 7462076615477, vstest.console.dll, TcpClientExtensions.MessageLoopAsync: Polling on remoteEndPoint: 127.0.0.1:51112 localEndPoint: 127.0.0.1:51111 after 139 ms
TpTrace Verbose: 0 : 18104, 13, 2024/06/21, 00:27:18.321, 7462076616108, vstest.console.dll, TcpClientExtensions.MessageLoopAsync: NotifyDataAvailable remoteEndPoint: 127.0.0.1:51112 localEndPoint: 127.0.0.1:51111
TpTrace Verbose: 0 : 18104, 13, 2024/06/21, 00:27:18.321, 7462076617014, vstest.console.dll, TestRequestSender.OnExecutionMessageReceived: Received message: {"Version":7,"MessageType":"TestSession.Message","Payload":{"MessageLevel":0,"Message":"[xUnit.net 00:00:00.64]   Finished:    NumberConverter_Tests"}}
TpTrace Verbose: 0 : 18104, 13, 2024/06/21, 00:27:18.322, 7462076618180, vstest.console.dll, TestRunRequest:SendTestRunMessage: Starting.
TpTrace Verbose: 0 : 18104, 13, 2024/06/21, 00:27:18.322, 7462076619047, vstest.console.dll, MulticastDelegateUtilities.SafeInvoke: TestRun.LogMessages: Invoking callback 1/1 for Microsoft.VisualStudio.TestPlatform.CommandLine.TestRunResultAggregator., took 0 ms.
TpTrace Information: 0 : 18104, 13, 2024/06/21, 00:27:18.322, 7462076619418, vstest.console.dll, TestRunRequest:SendTestRunMessage: Completed.
TpTrace Verbose: 0 : 18104, 13, 2024/06/21, 00:27:18.322, 7462076619753, vstest.console.dll, MulticastDelegateUtilities.SafeInvoke: LengthPrefixCommunicationChannel: MessageReceived: Invoking callback 1/1 for Microsoft.VisualStudio.TestPlatform.CommunicationUtilities.TestRequestSender+<>c__DisplayClass34_0., took 0 ms.
TpTrace Verbose: 0 : 18104, 13, 2024/06/21, 00:27:18.322, 7462076620109, vstest.console.dll, TcpClientExtensions.MessageLoopAsync: Polling on remoteEndPoint: 127.0.0.1:51112 localEndPoint: 127.0.0.1:51111 after 0 ms
TpTrace Verbose: 0 : 18104, 4, 2024/06/21, 00:27:18.324, 7462076643383, vstest.console.dll, MulticastDelegateUtilities.SafeInvoke: InternalTestLoggerEvents.SendTestResult: Invoking callback 1/1 for Microsoft.VisualStudio.TestPlatform.CommandLine.Internal.ConsoleLogger., took 2 ms.
TpTrace Verbose: 0 : 18104, 4, 2024/06/21, 00:27:18.324, 7462076646879, vstest.console.dll, MulticastDelegateUtilities.SafeInvoke: InternalTestLoggerEvents.SendTestResult: Invoking callback 1/1 for Microsoft.VisualStudio.TestPlatform.CommandLine.Internal.ConsoleLogger., took 0 ms.
TpTrace Verbose: 0 : 18104, 4, 2024/06/21, 00:27:18.325, 7462076647984, vstest.console.dll, MulticastDelegateUtilities.SafeInvoke: InternalTestLoggerEvents.SendTestResult: Invoking callback 1/1 for Microsoft.VisualStudio.TestPlatform.CommandLine.Internal.ConsoleLogger., took 0 ms.
TpTrace Verbose: 0 : 18104, 4, 2024/06/21, 00:27:18.325, 7462076648609, vstest.console.dll, MulticastDelegateUtilities.SafeInvoke: InternalTestLoggerEvents.SendTestResult: Invoking callback 1/1 for Microsoft.VisualStudio.TestPlatform.CommandLine.Internal.ConsoleLogger., took 0 ms.
TpTrace Verbose: 0 : 18104, 4, 2024/06/21, 00:27:18.325, 7462076649179, vstest.console.dll, MulticastDelegateUtilities.SafeInvoke: InternalTestLoggerEvents.SendTestResult: Invoking callback 1/1 for Microsoft.VisualStudio.TestPlatform.CommandLine.Internal.ConsoleLogger., took 0 ms.
TpTrace Verbose: 0 : 18104, 4, 2024/06/21, 00:27:18.325, 7462076649773, vstest.console.dll, MulticastDelegateUtilities.SafeInvoke: InternalTestLoggerEvents.SendTestResult: Invoking callback 1/1 for Microsoft.VisualStudio.TestPlatform.CommandLine.Internal.ConsoleLogger., took 0 ms.
TpTrace Verbose: 0 : 18104, 4, 2024/06/21, 00:27:18.325, 7462076650289, vstest.console.dll, MulticastDelegateUtilities.SafeInvoke: InternalTestLoggerEvents.SendTestResult: Invoking callback 1/1 for Microsoft.VisualStudio.TestPlatform.CommandLine.Internal.ConsoleLogger., took 0 ms.
TpTrace Verbose: 0 : 18104, 4, 2024/06/21, 00:27:18.325, 7462076650902, vstest.console.dll, MulticastDelegateUtilities.SafeInvoke: InternalTestLoggerEvents.SendTestResult: Invoking callback 1/1 for Microsoft.VisualStudio.TestPlatform.CommandLine.Internal.ConsoleLogger., took 0 ms.
TpTrace Verbose: 0 : 18104, 4, 2024/06/21, 00:27:18.325, 7462076651373, vstest.console.dll, MulticastDelegateUtilities.SafeInvoke: InternalTestLoggerEvents.SendTestResult: Invoking callback 1/1 for Microsoft.VisualStudio.TestPlatform.CommandLine.Internal.ConsoleLogger., took 0 ms.
TpTrace Verbose: 0 : 18104, 4, 2024/06/21, 00:27:18.325, 7462076651818, vstest.console.dll, MulticastDelegateUtilities.SafeInvoke: InternalTestLoggerEvents.SendTestRunMessage: Invoking callback 1/1 for Microsoft.VisualStudio.TestPlatform.CommandLine.Internal.ConsoleLogger., took 0 ms.
TpTrace Verbose: 0 : 18104, 13, 2024/06/21, 00:27:18.341, 7462076813897, vstest.console.dll, TcpClientExtensions.MessageLoopAsync: NotifyDataAvailable remoteEndPoint: 127.0.0.1:51112 localEndPoint: 127.0.0.1:51111
TpTrace Verbose: 0 : 18104, 13, 2024/06/21, 00:27:18.342, 7462076817748, vstest.console.dll, TestRequestSender.OnExecutionMessageReceived: Received message: {"Version":7,"MessageType":"TestExecution.Completed","Payload":{"TestRunCompleteArgs":{"TestRunStatistics":{"ExecutedTests":18,"Stats":{"Passed":18}},"IsCanceled":false,"IsAborted":false,"Error":null,"AttachmentSets":[],"InvokedDataCollectors":[],"ElapsedTimeInRunningTests":"00:00:00.6503514","Metrics":{},"DiscoveredExtensions":{"TestDiscoverers":["Xunit.Runner.VisualStudio.VsTestRunner, xunit.runner.visualstudio.dotnetcore.testadapter, Version=2.4.0.0, Culture=neutral, PublicKeyToken=8d05b1bb7a6fdb6c"],"TestExecutors":["executor://xunit/VsTestRunner2/netcoreapp"],"TestExecutors2":[],"TestSettingsProviders":[]}},"LastRunTests":{"NewTestResults":[{"TestCase":{"Id":"d462f8c1-90f1-46dd-0e78-f2b6ad18eff8","FullyQualifiedName":"NumberConverter_Tests.ConvertLogicTests.AmountToWords_InvalidAmount_ThrowsException","DisplayName":"NumberConverter_Tests.ConvertLogicTests.AmountToWords_InvalidAmount_ThrowsException(amount: null)","ExecutorUri":"executor://xunit/VsTestRunner2/netcoreapp","Source":"C:\\Users\\ignle\\OneDrive\\Desktop\\Vladimir\\KLA_Final\\NumberConverter_Tests\\bin\\Debug\\net6.0\\fine-code-coverage\\build-output\\NumberConverter_Tests.dll","CodeFilePath":null,"LineNumber":0,"Properties":[]},"Attachments":[],"Outcome":1,"ErrorMessage":null,"ErrorStackTrace":null,"DisplayName":"NumberConverter_Tests.ConvertLogicTests.AmountToWords_InvalidAmount_ThrowsException(amount: null)","Messages":[],"ComputerName":"TUF1","Duration":"00:00:00.0005786","StartTime":"2024-06-20T22:27:18.299423+00:00","EndTime":"2024-06-20T22:27:18.2994231+00:00","Properties":[]},{"TestCase":{"Id":"b3b09ec8-3d5c-bd62-344c-7dfe169b48c1","FullyQualifiedName":"NumberConverter_Tests.ConvertLogicTests.AmountToWords_InvalidAmount_ThrowsException","DisplayName":"NumberConverter_Tests.ConvertLogicTests.AmountToWords_InvalidAmount_ThrowsException(amount: \"abcd\")","ExecutorUri":"executor://xunit/VsTestRunner2/netcoreapp","Source":"C:\\Users\\ignle\\OneDrive\\Desktop\\Vladimir\\KLA_Final\\NumberConverter_Tests\\bin\\Debug\\net6.0\\fine-code-coverage\\build-output\\NumberConverter_Tests.dll","CodeFilePath":null,"LineNumber":0,"Properties":[]},"Attachments":[],"Outcome":1,"ErrorMessage":null,"ErrorStackTrace":null,"DisplayName":"NumberConverter_Tests.ConvertLogicTests.AmountToWords_InvalidAmount_ThrowsException(amount: \"abcd\")","Messages":[],"ComputerName":"TUF1","Duration":"00:00:00.0000945","StartTime":"2024-06-20T22:27:18.3022094+00:00","EndTime":"2024-06-20T22:27:18.3022095+00:00","Properties":[]},{"TestCase":{"Id":"f075afa5-c756-f5fe-3091-eaf6ea242924","FullyQualifiedName":"NumberConverter_Tests.ConvertLogicTests.AmountToWords_InvalidAmount_ThrowsException","DisplayName":"NumberConverter_Tests.ConvertLogicTests.AmountToWords_InvalidAmount_ThrowsException(amount: \"10000000000\")","ExecutorUri":"executor://xunit/VsTestRunner2/netcoreapp","Source":"C:\\Users\\ignle\\OneDrive\\Desktop\\Vladimir\\KLA_Final\\NumberConverter_Tests\\bin\\Debug\\net6.0\\fine-code-coverage\\build-output\\NumberConverter_Tests.dll","CodeFilePath":null,"LineNumber":0,"Properties":[]},"Attachments":[],"Outcome":1,"ErrorMessage":null,"ErrorStackTrace":null,"DisplayName":"NumberConverter_Tests.ConvertLogicTests.AmountToWords_InvalidAmount_ThrowsException(amount: \"10000000000\")","Messages":[],"ComputerName":"TUF1","Duration":"00:00:00.0000349","StartTime":"2024-06-20T22:27:18.3039654+00:00","EndTime":"2024-06-20T22:27:18.3039655+00:00","Properties":[]},{"TestCase":{"Id":"e2c1ddc9-3263-6e42-8c84-32e782000045","FullyQualifiedName":"NumberConverter_Tests.ConvertLogicTests.AmountToWords_InvalidAmount_ThrowsException","DisplayName":"NumberConverter_Tests.ConvertLogicTests.AmountToWords_InvalidAmount_ThrowsException(amount: \"\")","ExecutorUri":"executor://xunit/VsTestRunner2/netcoreapp","Source":"C:\\Users\\ignle\\OneDrive\\Desktop\\Vladimir\\KLA_Final\\NumberConverter_Tests\\bin\\Debug\\net6.0\\fine-code-coverage\\build-output\\NumberConverter_Tests.dll","CodeFilePath":null,"LineNumber":0,"Properties":[]},"Attachments":[],"Outcome":1,"ErrorMessage":null,"ErrorStackTrace":null,"DisplayName":"NumberConverter_Tests.ConvertLogicTests.AmountToWords_InvalidAmount_ThrowsException(amount: \"\")","Messages":[],"ComputerName":"TUF1","Duration":"00:00:00.0000170","StartTime":"2024-06-20T22:27:18.3058927+00:00","EndTime":"2024-06-20T22:27:18.3058928+00:00","Properties":[]},{"TestCase":{"Id":"5e3ef349-e787-f131-e7cd-cf8c8b1659da","FullyQualifiedName":"NumberConverter_Tests.ConvertLogicTests.AmountToWords_InvalidAmount_ThrowsException","DisplayName":"NumberConverter_Tests.ConvertLogicTests.AmountToWords_InvalidAmount_ThrowsException(amount: \"1000,1000,1000\")","ExecutorUri":"executor://xunit/VsTestRunner2/netcoreapp","Source":"C:\\Users\\ignle\\OneDrive\\Desktop\\Vladimir\\KLA_Final\\NumberConverter_Tests\\bin\\Debug\\net6.0\\fine-code-coverage\\build-output\\NumberConverter_Tests.dll","CodeFilePath":null,"LineNumber":0,"Properties":[]},"Attachments":[],"Outcome":1,"ErrorMessage":null,"ErrorStackTrace":null,"DisplayName":"NumberConverter_Tests.ConvertLogicTests.AmountToWords_InvalidAmount_ThrowsException(amount: \"1000,1000,1000\")","Messages":[],"ComputerName":"TUF1","Duration":"00:00:00.0000170","StartTime":"2024-06-20T22:27:18.3075255+00:00","EndTime":"2024-06-20T22:27:18.3075256+00:00","Properties":[]},{"TestCase":{"Id":"f27b9ed1-51ea-aff2-6cfa-df0179d2980f","FullyQualifiedName":"NumberConverter_Tests.ConvertLogicTests.AmountToWords_ValidAmountWithCents_ReturnsCorrectWords","DisplayName":"NumberConverter_Tests.ConvertLogicTests.AmountToWords_ValidAmountWithCents_ReturnsCorrectWords(amount: \"1000,50\", expectedWords: \"one thousand dollars and fifty cents\")","ExecutorUri":"executor://xunit/VsTestRunner2/netcoreapp","Source":"C:\\Users\\ignle\\OneDrive\\Desktop\\Vladimir\\KLA_Final\\NumberConverter_Tests\\bin\\Debug\\net6.0\\fine-code-coverage\\build-output\\NumberConverter_Tests.dll","CodeFilePath":null,"LineNumber":0,"Properties":[]},"Attachments":[],"Outcome":1,"ErrorMessage":null,"ErrorStackTrace":null,"DisplayName":"NumberConverter_Tests.ConvertLogicTests.AmountToWords_ValidAmountWithCents_ReturnsCorrectWords(amount: \"1000,50\", expectedWords: \"one thousand dollars and fifty cents\")","Messages":[],"ComputerName":"TUF1","Duration":"00:00:00.0000687","StartTime":"2024-06-20T22:27:18.3093027+00:00","EndTime":"2024-06-20T22:27:18.3093028+00:00","Properties":[]},{"TestCase":{"Id":"3eac6471-1757-804b-fbe3-44f9c67c639f","FullyQualifiedName":"NumberConverter_Tests.ConvertLogicTests.AmountToWords_ValidAmountWithCents_ReturnsCorrectWords","DisplayName":"NumberConverter_Tests.ConvertLogicTests.AmountToWords_ValidAmountWithCents_ReturnsCorrectWords(amount: \"123,45\", expectedWords: \"one hundred twenty-three dollars and forty-five ce\"...)","ExecutorUri":"executor://xunit/VsTestRunner2/netcoreapp","Source":"C:\\Users\\ignle\\OneDrive\\Desktop\\Vladimir\\KLA_Final\\NumberConverter_Tests\\bin\\Debug\\net6.0\\fine-code-coverage\\build-output\\NumberConverter_Tests.dll","CodeFilePath":null,"LineNumber":0,"Properties":[]},"Attachments":[],"Outcome":1,"ErrorMessage":null,"ErrorStackTrace":null,"DisplayName":"NumberConverter_Tests.ConvertLogicTests.AmountToWords_ValidAmountWithCents_ReturnsCorrectWords(amount: \"123,45\", expectedWords: \"one hundred twenty-three dollars and forty-five ce\"...)","Messages":[],"ComputerName":"TUF1","Duration":"00:00:00.0000054","StartTime":"2024-06-20T22:27:18.3111469+00:00","EndTime":"2024-06-20T22:27:18.311147+00:00","Properties":[]},{"TestCase":{"Id":"f5466aee-be55-f0be-4375-88c337d68bd2","FullyQualifiedName":"NumberConverter_Tests.ConvertLogicTests.AmountToWords_ValidAmountWithCents_ReturnsCorrectWords","DisplayName":"NumberConverter_Tests.ConvertLogicTests.AmountToWords_ValidAmountWithCents_ReturnsCorrectWords(amount: \"0,99\", expectedWords: \"zero dollars and ninety-nine cents\")","ExecutorUri":"executor://xunit/VsTestRunner2/netcoreapp","Source":"C:\\Users\\ignle\\OneDrive\\Desktop\\Vladimir\\KLA_Final\\NumberConverter_Tests\\bin\\Debug\\net6.0\\fine-code-coverage\\build-output\\NumberConverter_Tests.dll","CodeFilePath":null,"LineNumber":0,"Properties":[]},"Attachments":[],"Outcome":1,"ErrorMessage":null,"ErrorStackTrace":null,"DisplayName":"NumberConverter_Tests.ConvertLogicTests.AmountToWords_ValidAmountWithCents_ReturnsCorrectWords(amount: \"0,99\", expectedWords: \"zero dollars and ninety-nine cents\")","Messages":[],"ComputerName":"TUF1","Duration":"00:00:00.0000031","StartTime":"2024-06-20T22:27:18.3131495+00:00","EndTime":"2024-06-20T22:27:18.3131496+00:00","Properties":[]},{"TestCase":{"Id":"e02cf609-c60b-8d78-d578-7565cb85111c","FullyQualifiedName":"NumberConverter_Tests.ConvertLogicTests.AmountToWords_ValidAmountWithCents_ReturnsCorrectWords","DisplayName":"NumberConverter_Tests.ConvertLogicTests.AmountToWords_ValidAmountWithCents_ReturnsCorrectWords(amount: \"1,01\", expectedWords: \"one dollar and one cent\")","ExecutorUri":"executor://xunit/VsTestRunner2/netcoreapp","Source":"C:\\Users\\ignle\\OneDrive\\Desktop\\Vladimir\\KLA_Final\\NumberConverter_Tests\\bin\\Debug\\net6.0\\fine-code-coverage\\build-output\\NumberConverter_Tests.dll","CodeFilePath":null,"LineNumber":0,"Properties":[]},"Attachments":[],"Outcome":1,"ErrorMessage":null,"ErrorStackTrace":null,"DisplayName":"NumberConverter_Tests.ConvertLogicTests.AmountToWords_ValidAmountWithCents_ReturnsCorrectWords(amount: \"1,01\", expectedWords: \"one dollar and one cent\")","Messages":[],"ComputerName":"TUF1","Duration":"00:00:00.0000030","StartTime":"2024-06-20T22:27:18.3152896+00:00","EndTime":"2024-06-20T22:27:18.3152897+00:00","Properties":[]}],"TestRunStatistics":{"ExecutedTests":18,"Stats":{"Passed":18}},"ActiveTests":[]},"RunAttachments":[],"ExecutorUris":["executor://xunit/VsTestRunner2/netcoreapp"]}}
TpTrace Verbose: 0 : 18104, 13, 2024/06/21, 00:27:18.342, 7462076819742, vstest.console.dll, TestRequestSender.EndSession: Sending end session.
TpTrace Verbose: 0 : 18104, 13, 2024/06/21, 00:27:18.342, 7462076821865, vstest.console.dll, ProxyOperationManager.Close: waiting for test host to exit for 100 ms
TpTrace Verbose: 0 : 18104, 11, 2024/06/21, 00:27:18.356, 7462076959302, vstest.console.dll, TestHostManagerCallbacks.ctor: Experimental forwarding output is disabled.
TpTrace Warning: 0 : 18104, 11, 2024/06/21, 00:27:18.356, 7462076963048, vstest.console.dll, TestHostManagerCallbacks.ErrorReceivedCallback Test host standard error line: 
TpTrace Verbose: 0 : 18104, 11, 2024/06/21, 00:27:18.372, 7462077126811, vstest.console.dll, TestHostProvider.ExitCallBack: Host exited starting callback.
TpTrace Information: 0 : 18104, 11, 2024/06/21, 00:27:18.373, 7462077128735, vstest.console.dll, TestHostManagerCallbacks.ExitCallBack: Testhost processId: 28892 exited with exitcode: 0 error: ''
TpTrace Verbose: 0 : 18104, 11, 2024/06/21, 00:27:18.373, 7462077129183, vstest.console.dll, DotnetTestHostManager.OnHostExited: invoking OnHostExited callback
TpTrace Verbose: 0 : 18104, 11, 2024/06/21, 00:27:18.373, 7462077129661, vstest.console.dll, CrossPlatEngine.TestHostManagerHostExited: calling on client process exit callback.
TpTrace Information: 0 : 18104, 11, 2024/06/21, 00:27:18.373, 7462077130093, vstest.console.dll, TestRequestSender.OnClientProcessExit: Test host process exited. Standard error: 
TpTrace Information: 0 : 18104, 11, 2024/06/21, 00:27:18.373, 7462077130430, vstest.console.dll, SocketServer.Stop: Stop server endPoint: 127.0.0.1:51111
TpTrace Information: 0 : 18104, 13, 2024/06/21, 00:27:18.373, 7462077130472, vstest.console.dll, SocketServer.Stop: Stop server endPoint: 127.0.0.1:51111
TpTrace Information: 0 : 18104, 13, 2024/06/21, 00:27:18.373, 7462077131275, vstest.console.dll, SocketServer.Stop: Cancellation requested. Stopping message loop.
TpTrace Information: 0 : 18104, 11, 2024/06/21, 00:27:18.373, 7462077131335, vstest.console.dll, SocketServer.Stop: Cancellation requested. Stopping message loop.
TpTrace Verbose: 0 : 18104, 11, 2024/06/21, 00:27:18.373, 7462077132154, vstest.console.dll, MulticastDelegateUtilities.SafeInvoke: HostProviderEvents.OnHostExited: Invoking callback 1/1 for Microsoft.VisualStudio.TestPlatform.CrossPlatEngine.Client.ProxyOperationManager., took 0 ms.
TpTrace Information: 0 : 18104, 13, 2024/06/21, 00:27:18.373, 7462077132407, vstest.console.dll, Closing the connection
TpTrace Verbose: 0 : 18104, 13, 2024/06/21, 00:27:18.373, 7462077134762, vstest.console.dll, ProxyDataCollectionManager.InvokeDataCollectionServiceAction: Starting.
TpTrace Information: 0 : 18104, 13, 2024/06/21, 00:27:18.373, 7462077135239, vstest.console.dll, ProxyDataCollectionManager.AfterTestRunEnd: Get attachment set and invoked data collectors processId: 34148 port: 51108
TpTrace Verbose: 0 : 18104, 13, 2024/06/21, 00:27:18.373, 7462077135662, vstest.console.dll, DataCollectionRequestSender.SendAfterTestRunStartAndGetResult: Send AfterTestRunEnd message with isCancelled: False
TpTrace Verbose: 0 : 18104, 13, 2024/06/21, 00:27:18.379, 7462077190288, vstest.console.dll, DataCollectionRequestSender.SendAfterTestRunStartAndGetResult: Received message: (DataCollection.AfterTestRunEndResult) -> {"MessageType":"DataCollection.AfterTestRunEndResult","Payload":{"AttachmentSets":[],"InvokedDataCollectors":[{"Uri":"datacollector://Microsoft/TestPlatform/Extensions/Blame/v1","FriendlyName":"Blame","AssemblyQualifiedName":"Microsoft.TestPlatform.Extensions.BlameDataCollector.BlameCollector, Microsoft.TestPlatform.Extensions.BlameDataCollector, Version=15.0.0.0, Culture=neutral, PublicKeyToken=b03f5f7f11d50a3a","FilePath":"C:\\Program Files\\dotnet\\sdk\\8.0.300\\Extensions\\Microsoft.TestPlatform.Extensions.BlameDataCollector.dll","HasAttachmentProcessor":false}],"Metrics":{}}}
TpTrace Information: 0 : 18104, 13, 2024/06/21, 00:27:18.383, 7462077230103, vstest.console.dll, ProxyDataCollectionManager.InvokeDataCollectionServiceAction: Completed.
TpTrace Warning: 0 : 18104, 10, 2024/06/21, 00:27:18.385, 7462077252370, vstest.console.dll, DataCollectionLauncher.ErrorReceivedCallback datacollector standard error line: 
TpTrace Information: 0 : 18104, 10, 2024/06/21, 00:27:18.392, 7462077317728, vstest.console.dll, DataCollectionLauncher.ExitCallBack: Data collector exited with exitcode: 0 error: ''
TpTrace Verbose: 0 : 18104, 13, 2024/06/21, 00:27:18.424, 7462077639085, vstest.console.dll, TestRunRequest:SendTestRunStatsChange: Starting.
TpTrace Verbose: 0 : 18104, 13, 2024/06/21, 00:27:18.424, 7462077641302, vstest.console.dll, MulticastDelegateUtilities.SafeInvoke: TestRun.RunStatsChanged: Invoking callbacks was skipped because there are no subscribers.
TpTrace Information: 0 : 18104, 13, 2024/06/21, 00:27:18.424, 7462077641592, vstest.console.dll, TestRunRequest:SendTestRunStatsChange: Completed.
TpTrace Verbose: 0 : 18104, 4, 2024/06/21, 00:27:18.424, 7462077642327, vstest.console.dll, MulticastDelegateUtilities.SafeInvoke: InternalTestLoggerEvents.SendTestResult: Invoking callback 1/1 for Microsoft.VisualStudio.TestPlatform.CommandLine.Internal.ConsoleLogger., took 0 ms.
TpTrace Verbose: 0 : 18104, 4, 2024/06/21, 00:27:18.424, 7462077643369, vstest.console.dll, MulticastDelegateUtilities.SafeInvoke: InternalTestLoggerEvents.SendTestResult: Invoking callback 1/1 for Microsoft.VisualStudio.TestPlatform.CommandLine.Internal.ConsoleLogger., took 0 ms.
TpTrace Verbose: 0 : 18104, 4, 2024/06/21, 00:27:18.424, 7462077643783, vstest.console.dll, MulticastDelegateUtilities.SafeInvoke: InternalTestLoggerEvents.SendTestResult: Invoking callback 1/1 for Microsoft.VisualStudio.TestPlatform.CommandLine.Internal.ConsoleLogger., took 0 ms.
TpTrace Verbose: 0 : 18104, 4, 2024/06/21, 00:27:18.424, 7462077644173, vstest.console.dll, MulticastDelegateUtilities.SafeInvoke: InternalTestLoggerEvents.SendTestResult: Invoking callback 1/1 for Microsoft.VisualStudio.TestPlatform.CommandLine.Internal.ConsoleLogger., took 0 ms.
TpTrace Verbose: 0 : 18104, 4, 2024/06/21, 00:27:18.424, 7462077644721, vstest.console.dll, MulticastDelegateUtilities.SafeInvoke: InternalTestLoggerEvents.SendTestResult: Invoking callback 1/1 for Microsoft.VisualStudio.TestPlatform.CommandLine.Internal.ConsoleLogger., took 0 ms.
TpTrace Verbose: 0 : 18104, 13, 2024/06/21, 00:27:18.424, 7462077644804, vstest.console.dll, ParallelProxyExecutionManager: HandlePartialRunComplete: Total workloads = 1, Total started clients = 1 Total completed clients = 1, Run complete = True, Run canceled: False.
TpTrace Verbose: 0 : 18104, 4, 2024/06/21, 00:27:18.424, 7462077645227, vstest.console.dll, MulticastDelegateUtilities.SafeInvoke: InternalTestLoggerEvents.SendTestResult: Invoking callback 1/1 for Microsoft.VisualStudio.TestPlatform.CommandLine.Internal.ConsoleLogger., took 0 ms.
TpTrace Verbose: 0 : 18104, 13, 2024/06/21, 00:27:18.424, 7462077645781, vstest.console.dll, ParallelProxyExecutionManager: HandlePartialRunComplete: All runs completed stopping all managers.
TpTrace Verbose: 0 : 18104, 4, 2024/06/21, 00:27:18.424, 7462077645873, vstest.console.dll, MulticastDelegateUtilities.SafeInvoke: InternalTestLoggerEvents.SendTestResult: Invoking callback 1/1 for Microsoft.VisualStudio.TestPlatform.CommandLine.Internal.ConsoleLogger., took 0 ms.
TpTrace Verbose: 0 : 18104, 13, 2024/06/21, 00:27:18.424, 7462077646244, vstest.console.dll, ParallelOperationManager.StopAllManagers: Stopping all managers.
TpTrace Verbose: 0 : 18104, 4, 2024/06/21, 00:27:18.424, 7462077646683, vstest.console.dll, MulticastDelegateUtilities.SafeInvoke: InternalTestLoggerEvents.SendTestResult: Invoking callback 1/1 for Microsoft.VisualStudio.TestPlatform.CommandLine.Internal.ConsoleLogger., took 0 ms.
TpTrace Verbose: 0 : 18104, 13, 2024/06/21, 00:27:18.424, 7462077646842, vstest.console.dll, ParallelOperationManager.ClearSlots: Clearing all slots. Slots should accept more work: False
TpTrace Verbose: 0 : 18104, 4, 2024/06/21, 00:27:18.424, 7462077647216, vstest.console.dll, MulticastDelegateUtilities.SafeInvoke: InternalTestLoggerEvents.SendTestResult: Invoking callback 1/1 for Microsoft.VisualStudio.TestPlatform.CommandLine.Internal.ConsoleLogger., took 0 ms.
TpTrace Verbose: 0 : 18104, 13, 2024/06/21, 00:27:18.424, 7462077647431, vstest.console.dll, ParallelOperationManager.SetOccupiedSlotCount: Setting slot counts AvailableSlotCount = 1, OccupiedSlotCount = 0.
TpTrace Verbose: 0 : 18104, 13, 2024/06/21, 00:27:18.425, 7462077647898, vstest.console.dll, Occupied slots:

TpTrace Verbose: 0 : 18104, 4, 2024/06/21, 00:27:18.431, 7462077715486, vstest.console.dll, MulticastDelegateUtilities.SafeInvoke: InternalTestLoggerEvents.SendTestRunComplete: Invoking callback 1/2 for Microsoft.TestPlatform.Extensions.BlameDataCollector.BlameLogger., took 0 ms.
TpTrace Verbose: 0 : 18104, 4, 2024/06/21, 00:27:18.435, 7462077752744, vstest.console.dll, MulticastDelegateUtilities.SafeInvoke: InternalTestLoggerEvents.SendTestRunComplete: Invoking callback 2/2 for Microsoft.VisualStudio.TestPlatform.CommandLine.Internal.ConsoleLogger., took 3 ms.
TpTrace Verbose: 0 : 18104, 13, 2024/06/21, 00:27:18.435, 7462077755829, vstest.console.dll, TestRunRequest:TestRunComplete: Starting. IsAborted:False IsCanceled:False.
TpTrace Verbose: 0 : 18104, 13, 2024/06/21, 00:27:18.435, 7462077757465, vstest.console.dll, ParallelOperationManager.DoActionOnAllManagers: Calling an action on all managers.
TpTrace Verbose: 0 : 18104, 13, 2024/06/21, 00:27:18.437, 7462077768311, vstest.console.dll, TestLoggerManager.HandleTestRunComplete: Ignoring as the object is disposed.
TpTrace Verbose: 0 : 18104, 13, 2024/06/21, 00:27:18.437, 7462077771365, vstest.console.dll, MulticastDelegateUtilities.SafeInvoke: TestRun.TestRunComplete: Invoking callback 1/2 for Microsoft.VisualStudio.TestPlatform.CommandLine.TestRunResultAggregator., took 0 ms.
TpTrace Verbose: 0 : 18104, 13, 2024/06/21, 00:27:18.437, 7462077772587, vstest.console.dll, MulticastDelegateUtilities.SafeInvoke: TestRun.TestRunComplete: Invoking callback 2/2 for Microsoft.VisualStudio.TestPlatform.CommandLine.Processors.RunTestsArgumentExecutor+TestRunRequestEventsRegistrar., took 0 ms.
TpTrace Information: 0 : 18104, 13, 2024/06/21, 00:27:18.437, 7462077773496, vstest.console.dll, TestRunRequest:TestRunComplete: Completed.
TpTrace Verbose: 0 : 18104, 13, 2024/06/21, 00:27:18.437, 7462077773854, vstest.console.dll, TestRequestSender.SetOperationComplete: Setting operation complete.
TpTrace Verbose: 0 : 18104, 1, 2024/06/21, 00:27:18.437, 7462077773888, vstest.console.dll, TestRunRequest.Dispose: Starting.
TpTrace Information: 0 : 18104, 13, 2024/06/21, 00:27:18.437, 7462077774224, vstest.console.dll, SocketServer.Stop: Stop server endPoint: 127.0.0.1:51111
TpTrace Information: 0 : 18104, 1, 2024/06/21, 00:27:18.437, 7462077774978, vstest.console.dll, TestRunRequest.Dispose: Completed.
TpTrace Information: 0 : 18104, 13, 2024/06/21, 00:27:18.437, 7462077775425, vstest.console.dll, SocketServer.Stop: Cancellation requested. Stopping message loop.
TpTrace Information: 0 : 18104, 1, 2024/06/21, 00:27:18.437, 7462077775523, vstest.console.dll, TestRequestManager.RunTests: run tests completed.
TpTrace Verbose: 0 : 18104, 13, 2024/06/21, 00:27:18.437, 7462077776026, vstest.console.dll, MulticastDelegateUtilities.SafeInvoke: LengthPrefixCommunicationChannel: MessageReceived: Invoking callback 1/1 for Microsoft.VisualStudio.TestPlatform.CommunicationUtilities.TestRequestSender+<>c__DisplayClass34_0., took 95 ms.
TpTrace Information: 0 : 18104, 1, 2024/06/21, 00:27:18.437, 7462077776389, vstest.console.dll, RunTestsArgumentProcessor:Execute: Test run is completed.
TpTrace Information: 0 : 18104, 13, 2024/06/21, 00:27:18.437, 7462077776486, vstest.console.dll, SocketServer.PrivateStop: Stopping server endPoint: 127.0.0.1:51111 error: 
TpTrace Verbose: 0 : 18104, 1, 2024/06/21, 00:27:18.438, 7462077778973, vstest.console.dll, Executor.Execute: Exiting with exit code of 0
TpTrace Verbose: 0 : 18104, 13, 2024/06/21, 00:27:18.438, 7462077782748, vstest.console.dll, LengthPrefixCommunicationChannel.Dispose: Dispose reader and writer.
TpTrace Information: 0 : 18104, 13, 2024/06/21, 00:27:18.438, 7462077783631, vstest.console.dll, SocketServer.Stop: Raise disconnected event endPoint: 127.0.0.1:51111 error: 
